/home/g051463/.conda/envs/am_env/lib/python3.10/site-packages/torch/utils/data/dataloader.py:563: UserWarning: This DataLoader will create 4 worker processes in total. Our suggested max number of worker in current system is 2, which is smaller than what this DataLoader is going to create. Please be aware that excessive worker creation might get DataLoader running slow or even freeze, lower the worker number to avoid potential slowness/freeze if necessary.
  warnings.warn(_create_warning_msg(
Files already downloaded and verified
Files already downloaded and verified
Beginning training from epoch: 1
Train Loss 0.236
Train Loss 2.000
Train Loss 1.827
Train Loss 1.691
Train Loss 1.586
Train Loss 1.492
Train Loss 1.448
Train Loss 1.344
Epoch   1 | Time   151 | Train Loss 1.2744 | Test Loss 0.001 | Test Error 39.08
Train Loss 0.111
Train Loss 1.221
Train Loss 1.240
Train Loss 1.120
Train Loss 1.113
Train Loss 1.092
Train Loss 1.069
Train Loss 1.061
Epoch   2 | Time   140 | Train Loss 1.0392 | Test Loss 0.001 | Test Error 32.12
Train Loss 0.111
Train Loss 1.010
Train Loss 1.005
Train Loss 0.978
Train Loss 0.939
Train Loss 0.933
Train Loss 0.926
Train Loss 0.922
Epoch   3 | Time   140 | Train Loss 0.8782 | Test Loss 0.001 | Test Error 24.36
Train Loss 0.078
Train Loss 0.903
Train Loss 0.869
Train Loss 0.881
Train Loss 0.822
Train Loss 0.859
Train Loss 0.839
Train Loss 0.840
Epoch   4 | Time   140 | Train Loss 0.8448 | Test Loss 0.001 | Test Error 25.25
Train Loss 0.078
Train Loss 0.803
Train Loss 0.795
Train Loss 0.820
Train Loss 0.799
Train Loss 0.848
Train Loss 0.797
Train Loss 0.732
Epoch   5 | Time   140 | Train Loss 0.8043 | Test Loss 0.001 | Test Error 23.89
Train Loss 0.084
Train Loss 0.775
Train Loss 0.748
Train Loss 0.773
Train Loss 0.766
Train Loss 0.794
Train Loss 0.783
Train Loss 0.795
Epoch   6 | Time   140 | Train Loss 0.7616 | Test Loss 0.001 | Test Error 21.16
Train Loss 0.077
Train Loss 0.755
Train Loss 0.747
Train Loss 0.746
Train Loss 0.729
Train Loss 0.743
Train Loss 0.740
Train Loss 0.749
Epoch   7 | Time   140 | Train Loss 0.7241 | Test Loss 0.001 | Test Error 21.23
Train Loss 0.072
Train Loss 0.725
Train Loss 0.682
Train Loss 0.732
Train Loss 0.739
Train Loss 0.721
Train Loss 0.693
Train Loss 0.722
Epoch   8 | Time   140 | Train Loss 0.6937 | Test Loss 0.001 | Test Error 21.81
Train Loss 0.078
Train Loss 0.713
Train Loss 0.693
Train Loss 0.734
Train Loss 0.715
Train Loss 0.703
Train Loss 0.732
Train Loss 0.719
Epoch   9 | Time   140 | Train Loss 0.6522 | Test Loss 0.001 | Test Error 16.28
Train Loss 0.064
Train Loss 0.698
Train Loss 0.688
Train Loss 0.713
Train Loss 0.691
Train Loss 0.669
Train Loss 0.708
Train Loss 0.690
Epoch  10 | Time   140 | Train Loss 0.7067 | Test Loss 0.001 | Test Error 23.29
Train Loss 0.069
Train Loss 0.673
Train Loss 0.657
Train Loss 0.655
Train Loss 0.689
Train Loss 0.673
Train Loss 0.689
Train Loss 0.655
Epoch  11 | Time   140 | Train Loss 0.6818 | Test Loss 0.001 | Test Error 18.81
Train Loss 0.059
Train Loss 0.659
Train Loss 0.688
Train Loss 0.654
Train Loss 0.674
Train Loss 0.664
Train Loss 0.678
Train Loss 0.673
Epoch  12 | Time   140 | Train Loss 0.6809 | Test Loss 0.001 | Test Error 21.84
slurmstepd: error: *** JOB 1401009 ON gpu-node009 CANCELLED AT 2022-10-21T14:26:58 DUE TO TIME LIMIT ***
