/home/g051463/.conda/envs/env_am/lib/python3.10/site-packages/scipy/__init__.py:146: UserWarning: A NumPy version >=1.16.5 and <1.23.0 is required for this version of SciPy (detected version 1.23.1
  warnings.warn(f"A NumPy version >={np_minversion} and <{np_maxversion}"
/home/g051463/.conda/envs/env_am/lib/python3.10/site-packages/torchvision/models/_utils.py:208: UserWarning: The parameter 'pretrained' is deprecated since 0.13 and will be removed in 0.15, please use 'weights' instead.
  warnings.warn(
/home/g051463/.conda/envs/env_am/lib/python3.10/site-packages/torchvision/models/_utils.py:223: UserWarning: Arguments other than a weight enum or `None` for 'weights' are deprecated since 0.13 and will be removed in 0.15. The current behavior is equivalent to passing `weights=ResNet18_Weights.IMAGENET1K_V1`. You can also use `weights=ResNet18_Weights.DEFAULT` to get the most up-to-date weights.
  warnings.warn(msg)
Files already downloaded and verified
Files already downloaded and verified
Beginning training from epoch: 1
Train Loss 0.314
Train Loss 2.122
Train Loss 1.936
Train Loss 1.803
Train Loss 1.697
Train Loss 1.642
Train Loss 1.543
Train Loss 1.533
Epoch   1 | Time    47 | Train Loss 1.4958 | Test Loss 0.001 | Test Error 40.40
Train Loss 0.141
Train Loss 1.444
Train Loss 1.405
Train Loss 1.323
Train Loss 1.385
Train Loss 1.323
Train Loss 1.308
Train Loss 1.289
Epoch   2 | Time    50 | Train Loss 1.2672 | Test Loss 0.001 | Test Error 31.46
Train Loss 0.130
Train Loss 1.250
Train Loss 1.234
Train Loss 1.216
Train Loss 1.168
Train Loss 1.219
Train Loss 1.143
Train Loss 1.170
Epoch   3 | Time    50 | Train Loss 1.1418 | Test Loss 0.001 | Test Error 27.72
Train Loss 0.122
Train Loss 1.145
Train Loss 1.164
Train Loss 1.146
Train Loss 1.091
Train Loss 1.096
Train Loss 1.099
Train Loss 1.104
Epoch   4 | Time    48 | Train Loss 1.1287 | Test Loss 0.001 | Test Error 26.16
Train Loss 0.113
Train Loss 1.077
Train Loss 1.071
Train Loss 1.082
Train Loss 1.027
Train Loss 1.048
Train Loss 1.063
Train Loss 1.062
Epoch   5 | Time    45 | Train Loss 1.0320 | Test Loss 0.001 | Test Error 24.33
Train Loss 0.094
Train Loss 1.032
Train Loss 1.007
Train Loss 1.014
Train Loss 1.034
Train Loss 1.021
Train Loss 1.005
Train Loss 1.009
Epoch   6 | Time    46 | Train Loss 1.0065 | Test Loss 0.001 | Test Error 23.48
Train Loss 0.087
Train Loss 0.972
Train Loss 1.003
Train Loss 0.993
Train Loss 0.996
Train Loss 0.965
Train Loss 0.931
Train Loss 0.965
Epoch   7 | Time    46 | Train Loss 0.9777 | Test Loss 0.001 | Test Error 22.56
Train Loss 0.087
Train Loss 0.960
Train Loss 0.971
Train Loss 0.956
Train Loss 0.912
Train Loss 0.968
Train Loss 0.904
Train Loss 0.963
Epoch   8 | Time    46 | Train Loss 0.9626 | Test Loss 0.001 | Test Error 21.64
Train Loss 0.093
Train Loss 0.911
Train Loss 0.904
Train Loss 0.936
Train Loss 0.925
Train Loss 0.928
Train Loss 0.885
Train Loss 0.939
Epoch   9 | Time    47 | Train Loss 0.9253 | Test Loss 0.001 | Test Error 20.75
Train Loss 0.099
Train Loss 0.913
Train Loss 0.907
Train Loss 0.911
Train Loss 0.894
Train Loss 0.924
Train Loss 0.899
Train Loss 0.892
Epoch  10 | Time    48 | Train Loss 0.9085 | Test Loss 0.001 | Test Error 20.35
Train Loss 0.093
Train Loss 0.876
Train Loss 0.870
Train Loss 0.878
Train Loss 0.882
Train Loss 0.920
Train Loss 0.887
Train Loss 0.851
Epoch  11 | Time    50 | Train Loss 0.8878 | Test Loss 0.001 | Test Error 19.92
Train Loss 0.083
Train Loss 0.871
Train Loss 0.867
Train Loss 0.837
Train Loss 0.865
Train Loss 0.843
Train Loss 0.885
Train Loss 0.841
Epoch  12 | Time    49 | Train Loss 0.8780 | Test Loss 0.001 | Test Error 20.11
Train Loss 0.086
Train Loss 0.800
Train Loss 0.846
Train Loss 0.853
Train Loss 0.846
Train Loss 0.845
Train Loss 0.880
Train Loss 0.852
Epoch  13 | Time    50 | Train Loss 0.8548 | Test Loss 0.001 | Test Error 19.12
Train Loss 0.076
Train Loss 0.825
Train Loss 0.820
Train Loss 0.831
Train Loss 0.817
Train Loss 0.815
Train Loss 0.792
Train Loss 0.871
Epoch  14 | Time    49 | Train Loss 0.8318 | Test Loss 0.001 | Test Error 18.86
Train Loss 0.075
Train Loss 0.836
Train Loss 0.830
Train Loss 0.820
Train Loss 0.820
Train Loss 0.826
Train Loss 0.813
Train Loss 0.814
Epoch  15 | Time    50 | Train Loss 0.7979 | Test Loss 0.001 | Test Error 18.43
Train Loss 0.067
Train Loss 0.817
Train Loss 0.823
Train Loss 0.787
Train Loss 0.793
Train Loss 0.816
Train Loss 0.806
Train Loss 0.786
Epoch  16 | Time    52 | Train Loss 0.7827 | Test Loss 0.001 | Test Error 18.20
Train Loss 0.064
Train Loss 0.776
Train Loss 0.777
Train Loss 0.806
Train Loss 0.790
Train Loss 0.794
Train Loss 0.772
Train Loss 0.787
Epoch  17 | Time    51 | Train Loss 0.7808 | Test Loss 0.001 | Test Error 18.06
Train Loss 0.063
Train Loss 0.745
Train Loss 0.782
Train Loss 0.779
Train Loss 0.792
Train Loss 0.797
Train Loss 0.782
Train Loss 0.787
Epoch  18 | Time    50 | Train Loss 0.8252 | Test Loss 0.001 | Test Error 18.09
Train Loss 0.073
Train Loss 0.773
Train Loss 0.772
Train Loss 0.768
Train Loss 0.812
Train Loss 0.777
Train Loss 0.778
Train Loss 0.790
Epoch  19 | Time    51 | Train Loss 0.7680 | Test Loss 0.001 | Test Error 17.84
Train Loss 0.079
Train Loss 0.776
Train Loss 0.750
Train Loss 0.789
Train Loss 0.766
Train Loss 0.771
Train Loss 0.781
Train Loss 0.797
Epoch  20 | Time    51 | Train Loss 0.7586 | Test Loss 0.001 | Test Error 17.16
Train Loss 0.069
Train Loss 0.726
Train Loss 0.751
Train Loss 0.742
Train Loss 0.779
Train Loss 0.760
Train Loss 0.731
Train Loss 0.749
Epoch  21 | Time    51 | Train Loss 0.7564 | Test Loss 0.001 | Test Error 17.36
Train Loss 0.077
Train Loss 0.730
Train Loss 0.715
Train Loss 0.752
Train Loss 0.733
Train Loss 0.734
Train Loss 0.711
Train Loss 0.765
Epoch  22 | Time    49 | Train Loss 0.7288 | Test Loss 0.001 | Test Error 17.04
Train Loss 0.073
Train Loss 0.722
Train Loss 0.725
Train Loss 0.747
Train Loss 0.766
Train Loss 0.770
Train Loss 0.723
Train Loss 0.759
Epoch  23 | Time    49 | Train Loss 0.7347 | Test Loss 0.001 | Test Error 16.94
Train Loss 0.074
Train Loss 0.699
Train Loss 0.765
Train Loss 0.699
Train Loss 0.709
Train Loss 0.706
Train Loss 0.708
Train Loss 0.704
Epoch  24 | Time    51 | Train Loss 0.7402 | Test Loss 0.001 | Test Error 17.03
Train Loss 0.079
Train Loss 0.707
Train Loss 0.718
Train Loss 0.724
Train Loss 0.711
Train Loss 0.724
Train Loss 0.733
Train Loss 0.704
Epoch  25 | Time    52 | Train Loss 0.7249 | Test Loss 0.001 | Test Error 16.83
Train Loss 0.066
Train Loss 0.740
Train Loss 0.702
Train Loss 0.711
Train Loss 0.711
Train Loss 0.731
Train Loss 0.716
Train Loss 0.702
Epoch  26 | Time    52 | Train Loss 0.7066 | Test Loss 0.001 | Test Error 16.80
Train Loss 0.067
Train Loss 0.675
Train Loss 0.718
Train Loss 0.723
Train Loss 0.737
Train Loss 0.700
Train Loss 0.715
Train Loss 0.724
Epoch  27 | Time    50 | Train Loss 0.7298 | Test Loss 0.000 | Test Error 16.57
Train Loss 0.061
Train Loss 0.693
Train Loss 0.699
Train Loss 0.692
Train Loss 0.704
Train Loss 0.668
Train Loss 0.701
Train Loss 0.705
Epoch  28 | Time    49 | Train Loss 0.7396 | Test Loss 0.000 | Test Error 16.63
Train Loss 0.069
Train Loss 0.689
Train Loss 0.683
Train Loss 0.716
Train Loss 0.685
Train Loss 0.714
Train Loss 0.702
Train Loss 0.703
Epoch  29 | Time    50 | Train Loss 0.7287 | Test Loss 0.000 | Test Error 16.26
Train Loss 0.063
Train Loss 0.707
Train Loss 0.679
Train Loss 0.659
Train Loss 0.670
Train Loss 0.675
Train Loss 0.696
Train Loss 0.691
Epoch  30 | Time    50 | Train Loss 0.6907 | Test Loss 0.000 | Test Error 16.25
Train Loss 0.063
Train Loss 0.665
Train Loss 0.682
Train Loss 0.648
Train Loss 0.676
Train Loss 0.693
Train Loss 0.700
Train Loss 0.671
Epoch  31 | Time    50 | Train Loss 0.6938 | Test Loss 0.000 | Test Error 16.24
Train Loss 0.054
Train Loss 0.692
Train Loss 0.668
Train Loss 0.651
Train Loss 0.674
Train Loss 0.667
Train Loss 0.673
Train Loss 0.662
Epoch  32 | Time    51 | Train Loss 0.6939 | Test Loss 0.000 | Test Error 16.13
Train Loss 0.060
Train Loss 0.651
Train Loss 0.672
Train Loss 0.680
Train Loss 0.659
Train Loss 0.655
Train Loss 0.654
Train Loss 0.700
Epoch  33 | Time    50 | Train Loss 0.6673 | Test Loss 0.000 | Test Error 15.59
Train Loss 0.059
Train Loss 0.685
Train Loss 0.651
Train Loss 0.667
Train Loss 0.659
Train Loss 0.653
Train Loss 0.633
Train Loss 0.665
Epoch  34 | Time    50 | Train Loss 0.6846 | Test Loss 0.000 | Test Error 15.96
Train Loss 0.067
Train Loss 0.625
Train Loss 0.642
Train Loss 0.639
Train Loss 0.655
Train Loss 0.673
Train Loss 0.624
Train Loss 0.663
Epoch  35 | Time    50 | Train Loss 0.6533 | Test Loss 0.000 | Test Error 15.69
Train Loss 0.058
Train Loss 0.657
Train Loss 0.636
Train Loss 0.623
Train Loss 0.658
Train Loss 0.642
Train Loss 0.673
Train Loss 0.650
Epoch  36 | Time    50 | Train Loss 0.6684 | Test Loss 0.000 | Test Error 15.94
Train Loss 0.061
Train Loss 0.615
Train Loss 0.646
Train Loss 0.651
Train Loss 0.639
Train Loss 0.662
Train Loss 0.654
Train Loss 0.650
Epoch  37 | Time    49 | Train Loss 0.6444 | Test Loss 0.000 | Test Error 15.60
Train Loss 0.056
Train Loss 0.661
Train Loss 0.608
Train Loss 0.629
Train Loss 0.670
Train Loss 0.665
Train Loss 0.628
Train Loss 0.669
Epoch  38 | Time    50 | Train Loss 0.6612 | Test Loss 0.000 | Test Error 15.51
Train Loss 0.071
Train Loss 0.643
Train Loss 0.618
Train Loss 0.637
Train Loss 0.623
Train Loss 0.621
Train Loss 0.673
Train Loss 0.663
Epoch  39 | Time    52 | Train Loss 0.6353 | Test Loss 0.000 | Test Error 15.19
Train Loss 0.056
Train Loss 0.603
Train Loss 0.629
Train Loss 0.638
Train Loss 0.625
Train Loss 0.642
Train Loss 0.616
Train Loss 0.643
Epoch  40 | Time    51 | Train Loss 0.6364 | Test Loss 0.000 | Test Error 15.20
Train Loss 0.069
Train Loss 0.622
Train Loss 0.631
Train Loss 0.640
Train Loss 0.622
Train Loss 0.612
Train Loss 0.655
Train Loss 0.620
Epoch  41 | Time    51 | Train Loss 0.6421 | Test Loss 0.000 | Test Error 14.90
Train Loss 0.049
Train Loss 0.583
Train Loss 0.622
Train Loss 0.646
Train Loss 0.602
Train Loss 0.588
Train Loss 0.648
Train Loss 0.634
Epoch  42 | Time    51 | Train Loss 0.6214 | Test Loss 0.000 | Test Error 15.11
Train Loss 0.059
Train Loss 0.624
Train Loss 0.638
Train Loss 0.590
Train Loss 0.630
Train Loss 0.630
Train Loss 0.608
Train Loss 0.612
Epoch  43 | Time    50 | Train Loss 0.6161 | Test Loss 0.000 | Test Error 15.13
Train Loss 0.056
Train Loss 0.606
Train Loss 0.629
Train Loss 0.624
Train Loss 0.619
Train Loss 0.643
Train Loss 0.628
Train Loss 0.606
Epoch  44 | Time    50 | Train Loss 0.5916 | Test Loss 0.000 | Test Error 15.28
Train Loss 0.068
Train Loss 0.597
Train Loss 0.614
Train Loss 0.625
Train Loss 0.622
Train Loss 0.606
Train Loss 0.628
Train Loss 0.595
Epoch  45 | Time    50 | Train Loss 0.6169 | Test Loss 0.000 | Test Error 14.77
Train Loss 0.056
Train Loss 0.604
Train Loss 0.595
Train Loss 0.615
Train Loss 0.592
Train Loss 0.616
Train Loss 0.611
Train Loss 0.607
Epoch  46 | Time    49 | Train Loss 0.6128 | Test Loss 0.000 | Test Error 14.77
Train Loss 0.069
Train Loss 0.598
Train Loss 0.616
Train Loss 0.627
Train Loss 0.568
Train Loss 0.630
Train Loss 0.596
Train Loss 0.606
Epoch  47 | Time    49 | Train Loss 0.6067 | Test Loss 0.000 | Test Error 14.80
Train Loss 0.045
Train Loss 0.613
Train Loss 0.550
Train Loss 0.618
Train Loss 0.604
Train Loss 0.622
Train Loss 0.592
Train Loss 0.615
Epoch  48 | Time    51 | Train Loss 0.6294 | Test Loss 0.000 | Test Error 14.53
Train Loss 0.047
Train Loss 0.582
Train Loss 0.614
Train Loss 0.614
Train Loss 0.594
Train Loss 0.589
Train Loss 0.557
Train Loss 0.584
Epoch  49 | Time    49 | Train Loss 0.5615 | Test Loss 0.000 | Test Error 14.56
Train Loss 0.042
Train Loss 0.595
Train Loss 0.613
Train Loss 0.585
Train Loss 0.597
Train Loss 0.631
Train Loss 0.571
Train Loss 0.621
Epoch  50 | Time    50 | Train Loss 0.6143 | Test Loss 0.000 | Test Error 14.35
Train Loss 0.049
Train Loss 0.567
Train Loss 0.581
Train Loss 0.589
Train Loss 0.552
Train Loss 0.602
Train Loss 0.568
Train Loss 0.600
Epoch  51 | Time    49 | Train Loss 0.6201 | Test Loss 0.000 | Test Error 14.50
Train Loss 0.055
Train Loss 0.570
Train Loss 0.579
Train Loss 0.592
Train Loss 0.582
Train Loss 0.590
Train Loss 0.577
Train Loss 0.547
Epoch  52 | Time    51 | Train Loss 0.5818 | Test Loss 0.000 | Test Error 14.72
Train Loss 0.052
Train Loss 0.562
Train Loss 0.590
Train Loss 0.579
Train Loss 0.586
Train Loss 0.571
Train Loss 0.570
Train Loss 0.615
Epoch  53 | Time    50 | Train Loss 0.5650 | Test Loss 0.000 | Test Error 14.56
Train Loss 0.053
Train Loss 0.566
Train Loss 0.555
Train Loss 0.583
Train Loss 0.580
Train Loss 0.559
Train Loss 0.595
Train Loss 0.604
Epoch  54 | Time    50 | Train Loss 0.5957 | Test Loss 0.000 | Test Error 14.43
Train Loss 0.062
Train Loss 0.588
Train Loss 0.582
Train Loss 0.566
Train Loss 0.564
Train Loss 0.573
Train Loss 0.574
Train Loss 0.542
Epoch  55 | Time    52 | Train Loss 0.5559 | Test Loss 0.000 | Test Error 14.17
Train Loss 0.062
Train Loss 0.544
Train Loss 0.559
Train Loss 0.539
Train Loss 0.571
Train Loss 0.585
Train Loss 0.560
Train Loss 0.581
Epoch  56 | Time    51 | Train Loss 0.5739 | Test Loss 0.000 | Test Error 14.32
Train Loss 0.067
Train Loss 0.573
Train Loss 0.563
Train Loss 0.571
Train Loss 0.562
Train Loss 0.590
Train Loss 0.582
Train Loss 0.588
Epoch  57 | Time    52 | Train Loss 0.5618 | Test Loss 0.000 | Test Error 14.30
Train Loss 0.052
Train Loss 0.562
Train Loss 0.553
Train Loss 0.563
Train Loss 0.555
Train Loss 0.579
Train Loss 0.585
Train Loss 0.520
Epoch  58 | Time    50 | Train Loss 0.5706 | Test Loss 0.000 | Test Error 14.29
Train Loss 0.063
Train Loss 0.543
Train Loss 0.543
Train Loss 0.582
Train Loss 0.580
Train Loss 0.542
Train Loss 0.538
Train Loss 0.552
Epoch  59 | Time    52 | Train Loss 0.5289 | Test Loss 0.000 | Test Error 14.35
Train Loss 0.043
Train Loss 0.525
Train Loss 0.548
Train Loss 0.550
Train Loss 0.576
Train Loss 0.556
Train Loss 0.555
Train Loss 0.571
Epoch  60 | Time    49 | Train Loss 0.5537 | Test Loss 0.000 | Test Error 14.27
Train Loss 0.059
Train Loss 0.560
Train Loss 0.557
Train Loss 0.571
Train Loss 0.535
Train Loss 0.589
Train Loss 0.527
Train Loss 0.517
Epoch  61 | Time    49 | Train Loss 0.5429 | Test Loss 0.000 | Test Error 14.38
Train Loss 0.047
Train Loss 0.580
Train Loss 0.539
Train Loss 0.564
Train Loss 0.528
Train Loss 0.531
Train Loss 0.545
Train Loss 0.561
Epoch  62 | Time    49 | Train Loss 0.5807 | Test Loss 0.000 | Test Error 13.98
Train Loss 0.060
Train Loss 0.533
Train Loss 0.549
Train Loss 0.578
Train Loss 0.543
Train Loss 0.536
Train Loss 0.558
Train Loss 0.552
Epoch  63 | Time    50 | Train Loss 0.5479 | Test Loss 0.000 | Test Error 14.14
Train Loss 0.058
Train Loss 0.555
Train Loss 0.538
Train Loss 0.555
Train Loss 0.547
Train Loss 0.545
Train Loss 0.573
Train Loss 0.510
Epoch  64 | Time    51 | Train Loss 0.5530 | Test Loss 0.000 | Test Error 14.13
Train Loss 0.044
Train Loss 0.547
Train Loss 0.522
Train Loss 0.589
Train Loss 0.556
Train Loss 0.560
Train Loss 0.557
Train Loss 0.557
Epoch  65 | Time    51 | Train Loss 0.5465 | Test Loss 0.000 | Test Error 14.12
Train Loss 0.056
Train Loss 0.547
Train Loss 0.522
Train Loss 0.518
Train Loss 0.534
Train Loss 0.540
Train Loss 0.567
Train Loss 0.568
Epoch  66 | Time    50 | Train Loss 0.5645 | Test Loss 0.000 | Test Error 13.94
Train Loss 0.055
Train Loss 0.552
Train Loss 0.543
Train Loss 0.517
Train Loss 0.546
Train Loss 0.552
Train Loss 0.541
Train Loss 0.536
Epoch  67 | Time    50 | Train Loss 0.5641 | Test Loss 0.000 | Test Error 14.32
Train Loss 0.055
Train Loss 0.533
Train Loss 0.526
Train Loss 0.537
Train Loss 0.511
Train Loss 0.522
Train Loss 0.533
Train Loss 0.546
Epoch  68 | Time    50 | Train Loss 0.5499 | Test Loss 0.000 | Test Error 13.90
Train Loss 0.047
Train Loss 0.522
Train Loss 0.554
Train Loss 0.536
Train Loss 0.520
Train Loss 0.542
Train Loss 0.528
Train Loss 0.553
Epoch  69 | Time    50 | Train Loss 0.5612 | Test Loss 0.000 | Test Error 13.98
Train Loss 0.065
Train Loss 0.528
Train Loss 0.535
Train Loss 0.556
Train Loss 0.559
Train Loss 0.537
Train Loss 0.541
Train Loss 0.529
Epoch  70 | Time    49 | Train Loss 0.5370 | Test Loss 0.000 | Test Error 14.06
Train Loss 0.059
Train Loss 0.524
Train Loss 0.517
Train Loss 0.530
Train Loss 0.525
Train Loss 0.545
Train Loss 0.520
Train Loss 0.530
Epoch  71 | Time    50 | Train Loss 0.5456 | Test Loss 0.000 | Test Error 13.91
Train Loss 0.049
Train Loss 0.520
Train Loss 0.521
Train Loss 0.515
Train Loss 0.537
Train Loss 0.531
Train Loss 0.523
Train Loss 0.547
Epoch  72 | Time    50 | Train Loss 0.4983 | Test Loss 0.000 | Test Error 14.09
Train Loss 0.043
Train Loss 0.552
Train Loss 0.534
Train Loss 0.571
Train Loss 0.525
Train Loss 0.523
Train Loss 0.523
Train Loss 0.539
Epoch  73 | Time    50 | Train Loss 0.5465 | Test Loss 0.000 | Test Error 14.16
Train Loss 0.049
Train Loss 0.544
Train Loss 0.521
Train Loss 0.536
Train Loss 0.536
Train Loss 0.545
Train Loss 0.576
Train Loss 0.512
Epoch  74 | Time    51 | Train Loss 0.5215 | Test Loss 0.000 | Test Error 13.94
Train Loss 0.045
Train Loss 0.517
Train Loss 0.544
Train Loss 0.494
Train Loss 0.529
Train Loss 0.505
Train Loss 0.483
Train Loss 0.534
Epoch  75 | Time    49 | Train Loss 0.5461 | Test Loss 0.000 | Test Error 14.06
Train Loss 0.064
Train Loss 0.507
Train Loss 0.534
Train Loss 0.545
Train Loss 0.516
Train Loss 0.516
Train Loss 0.508
Train Loss 0.500
Epoch  76 | Time    51 | Train Loss 0.5143 | Test Loss 0.000 | Test Error 14.07
Train Loss 0.047
Train Loss 0.479
Train Loss 0.536
Train Loss 0.519
Train Loss 0.511
Train Loss 0.519
Train Loss 0.533
Train Loss 0.498
Epoch  77 | Time    50 | Train Loss 0.5127 | Test Loss 0.000 | Test Error 13.97
Train Loss 0.070
Train Loss 0.505
Train Loss 0.522
Train Loss 0.517
Train Loss 0.545
Train Loss 0.521
Train Loss 0.538
Train Loss 0.529
Epoch  78 | Time    50 | Train Loss 0.5215 | Test Loss 0.000 | Test Error 13.97
Train Loss 0.042
Train Loss 0.519
Train Loss 0.513
Train Loss 0.512
Train Loss 0.514
Train Loss 0.520
Train Loss 0.537
Train Loss 0.522
Epoch  79 | Time    49 | Train Loss 0.5331 | Test Loss 0.000 | Test Error 13.93
Train Loss 0.062
Train Loss 0.503
Train Loss 0.505
Train Loss 0.537
Train Loss 0.519
Train Loss 0.508
Train Loss 0.483
Train Loss 0.543
Epoch  80 | Time    51 | Train Loss 0.5355 | Test Loss 0.000 | Test Error 13.89
Train Loss 0.053
Train Loss 0.511
Train Loss 0.509
Train Loss 0.508
Train Loss 0.506
Train Loss 0.524
Train Loss 0.530
Train Loss 0.521
Epoch  81 | Time    50 | Train Loss 0.5157 | Test Loss 0.000 | Test Error 13.71
Train Loss 0.068
Train Loss 0.500
Train Loss 0.510
Train Loss 0.495
Train Loss 0.547
Train Loss 0.505
Train Loss 0.495
Train Loss 0.543
Epoch  82 | Time    51 | Train Loss 0.5123 | Test Loss 0.000 | Test Error 14.17
Train Loss 0.061
Train Loss 0.506
Train Loss 0.526
Train Loss 0.518
Train Loss 0.530
Train Loss 0.495
Train Loss 0.523
Train Loss 0.525
Epoch  83 | Time    49 | Train Loss 0.4838 | Test Loss 0.000 | Test Error 13.94
Train Loss 0.042
Train Loss 0.533
Train Loss 0.492
Train Loss 0.497
Train Loss 0.508
Train Loss 0.524
Train Loss 0.511
Train Loss 0.494
Epoch  84 | Time    50 | Train Loss 0.5192 | Test Loss 0.000 | Test Error 13.84
Train Loss 0.050
Train Loss 0.519
Train Loss 0.531
Train Loss 0.507
Train Loss 0.517
Train Loss 0.489
Train Loss 0.536
Train Loss 0.518
Epoch  85 | Time    50 | Train Loss 0.5453 | Test Loss 0.000 | Test Error 13.95
Train Loss 0.056
Train Loss 0.498
Train Loss 0.484
Train Loss 0.535
Train Loss 0.497
Train Loss 0.516
Train Loss 0.510
Train Loss 0.513
Epoch  86 | Time    49 | Train Loss 0.5277 | Test Loss 0.000 | Test Error 13.90
Train Loss 0.046
Train Loss 0.514
Train Loss 0.495
Train Loss 0.536
Train Loss 0.537
Train Loss 0.534
Train Loss 0.483
Train Loss 0.528
Epoch  87 | Time    49 | Train Loss 0.5218 | Test Loss 0.000 | Test Error 13.94
Train Loss 0.056
Train Loss 0.524
Train Loss 0.533
Train Loss 0.513
Train Loss 0.548
Train Loss 0.490
Train Loss 0.522
Train Loss 0.540
Epoch  88 | Time    50 | Train Loss 0.5207 | Test Loss 0.000 | Test Error 13.97
Train Loss 0.056
Train Loss 0.501
Train Loss 0.487
Train Loss 0.492
Train Loss 0.497
Train Loss 0.506
Train Loss 0.488
Train Loss 0.515
Epoch  89 | Time    50 | Train Loss 0.5020 | Test Loss 0.000 | Test Error 13.76
Train Loss 0.053
Train Loss 0.523
Train Loss 0.516
Train Loss 0.524
Train Loss 0.530
Train Loss 0.514
Train Loss 0.499
Train Loss 0.514
Epoch  90 | Time    50 | Train Loss 0.5026 | Test Loss 0.000 | Test Error 13.82
Train Loss 0.034
Train Loss 0.511
Train Loss 0.527
Train Loss 0.534
Train Loss 0.513
Train Loss 0.508
Train Loss 0.519
Train Loss 0.511
Epoch  91 | Time    51 | Train Loss 0.5313 | Test Loss 0.000 | Test Error 13.86
Train Loss 0.050
Train Loss 0.536
Train Loss 0.495
Train Loss 0.502
Train Loss 0.526
Train Loss 0.517
Train Loss 0.505
Train Loss 0.546
Epoch  92 | Time    50 | Train Loss 0.5131 | Test Loss 0.000 | Test Error 14.00
Train Loss 0.060
Train Loss 0.510
Train Loss 0.509
Train Loss 0.486
Train Loss 0.517
Train Loss 0.501
Train Loss 0.505
Train Loss 0.498
Epoch  93 | Time    50 | Train Loss 0.5145 | Test Loss 0.000 | Test Error 13.79
Train Loss 0.047
Train Loss 0.530
Train Loss 0.508
Train Loss 0.492
Train Loss 0.515
Train Loss 0.494
Train Loss 0.532
Train Loss 0.514
Epoch  94 | Time    51 | Train Loss 0.4890 | Test Loss 0.000 | Test Error 13.79
Train Loss 0.044
Train Loss 0.539
Train Loss 0.510
Train Loss 0.495
Train Loss 0.511
Train Loss 0.531
Train Loss 0.522
Train Loss 0.492
Epoch  95 | Time    49 | Train Loss 0.5376 | Test Loss 0.000 | Test Error 13.72
Train Loss 0.053
Train Loss 0.509
Train Loss 0.491
Train Loss 0.525
Train Loss 0.499
Train Loss 0.523
Train Loss 0.498
Train Loss 0.495
Epoch  96 | Time    49 | Train Loss 0.5175 | Test Loss 0.000 | Test Error 13.92
Train Loss 0.044
Train Loss 0.490
Train Loss 0.506
Train Loss 0.531
Train Loss 0.535
Train Loss 0.486
Train Loss 0.516
Train Loss 0.532
Epoch  97 | Time    50 | Train Loss 0.5276 | Test Loss 0.000 | Test Error 13.97
Train Loss 0.053
Train Loss 0.515
Train Loss 0.505
Train Loss 0.496
Train Loss 0.515
Train Loss 0.509
Train Loss 0.533
Train Loss 0.543
Epoch  98 | Time    51 | Train Loss 0.4814 | Test Loss 0.000 | Test Error 13.85
Train Loss 0.057
Train Loss 0.503
Train Loss 0.525
Train Loss 0.509
Train Loss 0.496
Train Loss 0.461
Train Loss 0.522
Train Loss 0.522
Epoch  99 | Time    52 | Train Loss 0.5173 | Test Loss 0.000 | Test Error 13.76
Train Loss 0.043
Train Loss 0.530
Train Loss 0.503
Train Loss 0.535
Train Loss 0.498
Train Loss 0.498
Train Loss 0.542
Train Loss 0.510
Epoch 100 | Time    50 | Train Loss 0.4798 | Test Loss 0.000 | Test Error 13.97
gaussian_noise
	Test Loss 0.001 | Test Error 21.212
shot_noise
	Test Loss 0.001 | Test Error 18.964
impulse_noise
	Test Loss 0.001 | Test Error 25.892
defocus_blur
	Test Loss 0.000 | Test Error 15.394
glass_blur
	Test Loss 0.001 | Test Error 23.724
motion_blur
	Test Loss 0.001 | Test Error 18.168
zoom_blur
	Test Loss 0.001 | Test Error 16.850
snow
	Test Loss 0.001 | Test Error 20.850
frost
	Test Loss 0.001 | Test Error 19.984
fog
	Test Loss 0.001 | Test Error 23.220
brightness
	Test Loss 0.000 | Test Error 15.784
contrast
	Test Loss 0.001 | Test Error 25.454
elastic_transform
	Test Loss 0.001 | Test Error 18.558
pixelate
	Test Loss 0.000 | Test Error 16.242
jpeg_compression
	Test Loss 0.001 | Test Error 17.062
Mean Corruption Error: 19.824

gaussian_noise Flipping Prob
0.031983333333333336

shot_noise Flipping Prob
0.0411600000000003

motion_blur Flipping Prob
0.03993000000000038

zoom_blur Flipping Prob
0.0037300000000000297

spatter Flipping Prob
0.02728666666666665

brightness Flipping Prob
0.010426666666666553

translate Flipping Prob
0.06610666666666729

rotate Flipping Prob
0.03489000000000035

tilt Flipping Prob
0.011499999999999884

scale Flipping Prob
0.04035333333333442
[0.031983333333333336, 0.0411600000000003, 0.03993000000000038, 0.0037300000000000297, 0.02728666666666665, 0.010426666666666553, 0.06610666666666729, 0.03489000000000035, 0.011499999999999884, 0.04035333333333442]

Mean Flipping Prob	0.03074
