/home/g051463/.conda/envs/env_am/lib/python3.10/site-packages/scipy/__init__.py:146: UserWarning: A NumPy version >=1.16.5 and <1.23.0 is required for this version of SciPy (detected version 1.23.1
  warnings.warn(f"A NumPy version >={np_minversion} and <{np_maxversion}"
/home/g051463/.conda/envs/env_am/lib/python3.10/site-packages/torchvision/models/_utils.py:208: UserWarning: The parameter 'pretrained' is deprecated since 0.13 and will be removed in 0.15, please use 'weights' instead.
  warnings.warn(
/home/g051463/.conda/envs/env_am/lib/python3.10/site-packages/torchvision/models/_utils.py:223: UserWarning: Arguments other than a weight enum or `None` for 'weights' are deprecated since 0.13 and will be removed in 0.15. The current behavior is equivalent to passing `weights=None`.
  warnings.warn(msg)
Files already downloaded and verified
Files already downloaded and verified
Beginning training from epoch: 1
Train Loss 0.304
Train Loss 1.972
Train Loss 1.842
Train Loss 1.736
Train Loss 1.735
Train Loss 1.669
Train Loss 1.593
Train Loss 1.624
Epoch   1 | Time    44 | Train Loss 1.5535 | Test Loss 0.001 | Test Error 51.02
Train Loss 0.147
Train Loss 1.554
Train Loss 1.533
Train Loss 1.450
Train Loss 1.480
Train Loss 1.426
Train Loss 1.399
Train Loss 1.404
Epoch   2 | Time    43 | Train Loss 1.3910 | Test Loss 0.001 | Test Error 41.89
Train Loss 0.144
Train Loss 1.365
Train Loss 1.330
Train Loss 1.347
Train Loss 1.255
Train Loss 1.334
Train Loss 1.245
Train Loss 1.266
Epoch   3 | Time    43 | Train Loss 1.2813 | Test Loss 0.001 | Test Error 37.17
Train Loss 0.129
Train Loss 1.258
Train Loss 1.252
Train Loss 1.229
Train Loss 1.198
Train Loss 1.172
Train Loss 1.193
Train Loss 1.201
Epoch   4 | Time    43 | Train Loss 1.1708 | Test Loss 0.001 | Test Error 33.09
Train Loss 0.123
Train Loss 1.145
Train Loss 1.140
Train Loss 1.145
Train Loss 1.105
Train Loss 1.124
Train Loss 1.114
Train Loss 1.121
Epoch   5 | Time    43 | Train Loss 1.1020 | Test Loss 0.001 | Test Error 30.86
Train Loss 0.097
Train Loss 1.086
Train Loss 1.054
Train Loss 1.076
Train Loss 1.071
Train Loss 1.062
Train Loss 1.061
Train Loss 1.056
Epoch   6 | Time    43 | Train Loss 1.0518 | Test Loss 0.001 | Test Error 27.12
Train Loss 0.085
Train Loss 1.002
Train Loss 1.035
Train Loss 1.024
Train Loss 1.029
Train Loss 0.986
Train Loss 0.988
Train Loss 1.003
Epoch   7 | Time    43 | Train Loss 0.9833 | Test Loss 0.001 | Test Error 24.59
Train Loss 0.088
Train Loss 0.990
Train Loss 0.980
Train Loss 0.984
Train Loss 0.924
Train Loss 0.986
Train Loss 0.932
Train Loss 0.982
Epoch   8 | Time    43 | Train Loss 1.0037 | Test Loss 0.001 | Test Error 25.52
Train Loss 0.099
Train Loss 0.932
Train Loss 0.939
Train Loss 0.954
Train Loss 0.960
Train Loss 0.947
Train Loss 0.909
Train Loss 0.942
Epoch   9 | Time    43 | Train Loss 0.9150 | Test Loss 0.001 | Test Error 23.71
Train Loss 0.099
Train Loss 0.926
Train Loss 0.930
Train Loss 0.918
Train Loss 0.910
Train Loss 0.931
Train Loss 0.897
Train Loss 0.904
Epoch  10 | Time    43 | Train Loss 0.9350 | Test Loss 0.001 | Test Error 24.31
Train Loss 0.084
Train Loss 0.904
Train Loss 0.870
Train Loss 0.893
Train Loss 0.886
Train Loss 0.917
Train Loss 0.914
Train Loss 0.868
Epoch  11 | Time    43 | Train Loss 0.9062 | Test Loss 0.001 | Test Error 21.97
Train Loss 0.077
Train Loss 0.877
Train Loss 0.853
Train Loss 0.853
Train Loss 0.855
Train Loss 0.838
Train Loss 0.901
Train Loss 0.852
Epoch  12 | Time    43 | Train Loss 0.8596 | Test Loss 0.001 | Test Error 21.12
Train Loss 0.089
Train Loss 0.809
Train Loss 0.860
Train Loss 0.849
Train Loss 0.838
Train Loss 0.877
Train Loss 0.890
Train Loss 0.862
Epoch  13 | Time    43 | Train Loss 0.8444 | Test Loss 0.001 | Test Error 21.43
Train Loss 0.082
Train Loss 0.822
Train Loss 0.882
Train Loss 0.835
Train Loss 0.845
Train Loss 0.843
Train Loss 0.795
Train Loss 0.863
Epoch  14 | Time    43 | Train Loss 0.8047 | Test Loss 0.001 | Test Error 20.64
Train Loss 0.068
Train Loss 0.802
Train Loss 0.809
Train Loss 0.825
Train Loss 0.807
Train Loss 0.831
Train Loss 0.826
Train Loss 0.810
Epoch  15 | Time    43 | Train Loss 0.7997 | Test Loss 0.001 | Test Error 19.81
Train Loss 0.079
Train Loss 0.788
Train Loss 0.808
Train Loss 0.784
Train Loss 0.782
Train Loss 0.814
Train Loss 0.813
Train Loss 0.759
Epoch  16 | Time    43 | Train Loss 0.7841 | Test Loss 0.001 | Test Error 19.71
Train Loss 0.063
Train Loss 0.763
Train Loss 0.779
Train Loss 0.788
Train Loss 0.793
Train Loss 0.762
Train Loss 0.759
Train Loss 0.790
Epoch  17 | Time    43 | Train Loss 0.7544 | Test Loss 0.001 | Test Error 19.63
Train Loss 0.063
Train Loss 0.718
Train Loss 0.772
Train Loss 0.786
Train Loss 0.771
Train Loss 0.788
Train Loss 0.772
Train Loss 0.758
Epoch  18 | Time    43 | Train Loss 0.8010 | Test Loss 0.001 | Test Error 19.19
Train Loss 0.072
Train Loss 0.758
Train Loss 0.727
Train Loss 0.731
Train Loss 0.807
Train Loss 0.761
Train Loss 0.778
Train Loss 0.776
Epoch  19 | Time    43 | Train Loss 0.7292 | Test Loss 0.001 | Test Error 17.91
Train Loss 0.080
Train Loss 0.733
Train Loss 0.736
Train Loss 0.768
Train Loss 0.758
Train Loss 0.756
Train Loss 0.754
Train Loss 0.773
Epoch  20 | Time    43 | Train Loss 0.7420 | Test Loss 0.001 | Test Error 17.69
Train Loss 0.071
Train Loss 0.712
Train Loss 0.734
Train Loss 0.733
Train Loss 0.747
Train Loss 0.721
Train Loss 0.722
Train Loss 0.723
Epoch  21 | Time    43 | Train Loss 0.7380 | Test Loss 0.001 | Test Error 19.61
Train Loss 0.074
Train Loss 0.697
Train Loss 0.712
Train Loss 0.723
Train Loss 0.730
Train Loss 0.721
Train Loss 0.694
Train Loss 0.739
Epoch  22 | Time    43 | Train Loss 0.7126 | Test Loss 0.001 | Test Error 18.42
Train Loss 0.068
Train Loss 0.697
Train Loss 0.670
Train Loss 0.718
Train Loss 0.747
Train Loss 0.738
Train Loss 0.686
Train Loss 0.737
Epoch  23 | Time    43 | Train Loss 0.7122 | Test Loss 0.001 | Test Error 17.48
Train Loss 0.074
Train Loss 0.672
Train Loss 0.735
Train Loss 0.686
Train Loss 0.674
Train Loss 0.695
Train Loss 0.692
Train Loss 0.675
Epoch  24 | Time    43 | Train Loss 0.7197 | Test Loss 0.001 | Test Error 17.44
Train Loss 0.078
Train Loss 0.679
Train Loss 0.702
Train Loss 0.700
Train Loss 0.689
Train Loss 0.686
Train Loss 0.727
Train Loss 0.689
Epoch  25 | Time    43 | Train Loss 0.6821 | Test Loss 0.001 | Test Error 17.53
Train Loss 0.065
Train Loss 0.692
Train Loss 0.670
Train Loss 0.689
Train Loss 0.670
Train Loss 0.713
Train Loss 0.674
Train Loss 0.663
Epoch  26 | Time    43 | Train Loss 0.6869 | Test Loss 0.001 | Test Error 17.55
Train Loss 0.070
Train Loss 0.625
Train Loss 0.645
Train Loss 0.684
Train Loss 0.688
Train Loss 0.681
Train Loss 0.667
Train Loss 0.715
Epoch  27 | Time    43 | Train Loss 0.6957 | Test Loss 0.000 | Test Error 16.50
Train Loss 0.058
Train Loss 0.639
Train Loss 0.665
Train Loss 0.643
Train Loss 0.648
Train Loss 0.651
Train Loss 0.675
Train Loss 0.670
Epoch  28 | Time    43 | Train Loss 0.6851 | Test Loss 0.001 | Test Error 16.53
Train Loss 0.068
Train Loss 0.627
Train Loss 0.645
Train Loss 0.653
Train Loss 0.662
Train Loss 0.671
Train Loss 0.645
Train Loss 0.647
Epoch  29 | Time    43 | Train Loss 0.6630 | Test Loss 0.000 | Test Error 16.38
Train Loss 0.054
Train Loss 0.647
Train Loss 0.672
Train Loss 0.657
Train Loss 0.649
Train Loss 0.642
Train Loss 0.646
Train Loss 0.669
Epoch  30 | Time    43 | Train Loss 0.6535 | Test Loss 0.000 | Test Error 16.44
Train Loss 0.065
Train Loss 0.605
Train Loss 0.665
Train Loss 0.603
Train Loss 0.662
Train Loss 0.628
Train Loss 0.664
Train Loss 0.635
Epoch  31 | Time    43 | Train Loss 0.6552 | Test Loss 0.000 | Test Error 16.17
Train Loss 0.048
Train Loss 0.644
Train Loss 0.629
Train Loss 0.635
Train Loss 0.633
Train Loss 0.639
Train Loss 0.640
Train Loss 0.640
Epoch  32 | Time    43 | Train Loss 0.6507 | Test Loss 0.000 | Test Error 16.23
Train Loss 0.063
Train Loss 0.610
Train Loss 0.645
Train Loss 0.629
Train Loss 0.629
Train Loss 0.594
Train Loss 0.609
Train Loss 0.625
Epoch  33 | Time    43 | Train Loss 0.6463 | Test Loss 0.000 | Test Error 16.45
Train Loss 0.055
Train Loss 0.635
Train Loss 0.599
Train Loss 0.621
Train Loss 0.625
Train Loss 0.607
Train Loss 0.594
Train Loss 0.630
Epoch  34 | Time    43 | Train Loss 0.6270 | Test Loss 0.000 | Test Error 16.25
Train Loss 0.061
Train Loss 0.574
Train Loss 0.604
Train Loss 0.589
Train Loss 0.617
Train Loss 0.614
Train Loss 0.589
Train Loss 0.615
Epoch  35 | Time    43 | Train Loss 0.6097 | Test Loss 0.000 | Test Error 15.52
Train Loss 0.054
Train Loss 0.601
Train Loss 0.601
Train Loss 0.598
Train Loss 0.614
Train Loss 0.590
Train Loss 0.612
Train Loss 0.596
Epoch  36 | Time    43 | Train Loss 0.6240 | Test Loss 0.000 | Test Error 16.02
Train Loss 0.060
Train Loss 0.562
Train Loss 0.607
Train Loss 0.602
Train Loss 0.604
Train Loss 0.613
Train Loss 0.599
Train Loss 0.618
Epoch  37 | Time    44 | Train Loss 0.5840 | Test Loss 0.000 | Test Error 15.34
Train Loss 0.057
Train Loss 0.611
Train Loss 0.544
Train Loss 0.584
Train Loss 0.607
Train Loss 0.607
Train Loss 0.576
Train Loss 0.570
Epoch  38 | Time    43 | Train Loss 0.6392 | Test Loss 0.000 | Test Error 15.36
Train Loss 0.061
Train Loss 0.579
Train Loss 0.563
Train Loss 0.588
Train Loss 0.572
Train Loss 0.591
Train Loss 0.622
Train Loss 0.597
Epoch  39 | Time    43 | Train Loss 0.5860 | Test Loss 0.000 | Test Error 15.23
Train Loss 0.056
Train Loss 0.534
Train Loss 0.597
Train Loss 0.579
Train Loss 0.562
Train Loss 0.582
Train Loss 0.563
Train Loss 0.587
Epoch  40 | Time    43 | Train Loss 0.5438 | Test Loss 0.000 | Test Error 15.60
Train Loss 0.058
Train Loss 0.580
Train Loss 0.593
Train Loss 0.583
Train Loss 0.546
Train Loss 0.569
Train Loss 0.584
Train Loss 0.565
Epoch  41 | Time    43 | Train Loss 0.5968 | Test Loss 0.000 | Test Error 15.07
Train Loss 0.049
Train Loss 0.509
Train Loss 0.568
Train Loss 0.567
Train Loss 0.549
Train Loss 0.533
Train Loss 0.559
Train Loss 0.589
Epoch  42 | Time    43 | Train Loss 0.5599 | Test Loss 0.000 | Test Error 15.29
Train Loss 0.048
Train Loss 0.548
Train Loss 0.594
Train Loss 0.543
Train Loss 0.539
Train Loss 0.554
Train Loss 0.553
Train Loss 0.542
Epoch  43 | Time    43 | Train Loss 0.5514 | Test Loss 0.000 | Test Error 14.66
Train Loss 0.054
Train Loss 0.529
Train Loss 0.563
Train Loss 0.549
Train Loss 0.547
Train Loss 0.570
Train Loss 0.574
Train Loss 0.551
Epoch  44 | Time    43 | Train Loss 0.5505 | Test Loss 0.000 | Test Error 15.61
Train Loss 0.049
Train Loss 0.508
Train Loss 0.536
Train Loss 0.577
Train Loss 0.556
Train Loss 0.540
Train Loss 0.538
Train Loss 0.539
Epoch  45 | Time    43 | Train Loss 0.5324 | Test Loss 0.000 | Test Error 14.57
Train Loss 0.051
Train Loss 0.547
Train Loss 0.513
Train Loss 0.543
Train Loss 0.528
Train Loss 0.529
Train Loss 0.532
Train Loss 0.548
Epoch  46 | Time    43 | Train Loss 0.5325 | Test Loss 0.000 | Test Error 14.49
Train Loss 0.053
Train Loss 0.530
Train Loss 0.558
Train Loss 0.536
Train Loss 0.511
Train Loss 0.567
Train Loss 0.524
Train Loss 0.550
Epoch  47 | Time    43 | Train Loss 0.5366 | Test Loss 0.000 | Test Error 14.67
Train Loss 0.040
Train Loss 0.526
Train Loss 0.480
Train Loss 0.517
Train Loss 0.512
Train Loss 0.535
Train Loss 0.534
Train Loss 0.516
Epoch  48 | Time    43 | Train Loss 0.5746 | Test Loss 0.000 | Test Error 14.59
Train Loss 0.040
Train Loss 0.484
Train Loss 0.548
Train Loss 0.545
Train Loss 0.527
Train Loss 0.513
Train Loss 0.489
Train Loss 0.494
Epoch  49 | Time    43 | Train Loss 0.4955 | Test Loss 0.000 | Test Error 14.40
Train Loss 0.040
Train Loss 0.494
Train Loss 0.509
Train Loss 0.529
Train Loss 0.515
Train Loss 0.554
Train Loss 0.488
Train Loss 0.549
Epoch  50 | Time    43 | Train Loss 0.5134 | Test Loss 0.000 | Test Error 14.36
Train Loss 0.042
Train Loss 0.475
Train Loss 0.510
Train Loss 0.508
Train Loss 0.468
Train Loss 0.520
Train Loss 0.496
Train Loss 0.510
Epoch  51 | Time    43 | Train Loss 0.5380 | Test Loss 0.000 | Test Error 14.30
Train Loss 0.046
Train Loss 0.485
Train Loss 0.495
Train Loss 0.529
Train Loss 0.493
Train Loss 0.516
Train Loss 0.510
Train Loss 0.466
Epoch  52 | Time    43 | Train Loss 0.4987 | Test Loss 0.000 | Test Error 14.61
Train Loss 0.044
Train Loss 0.466
Train Loss 0.496
Train Loss 0.487
Train Loss 0.521
Train Loss 0.513
Train Loss 0.494
Train Loss 0.519
Epoch  53 | Time    43 | Train Loss 0.4686 | Test Loss 0.000 | Test Error 14.13
Train Loss 0.053
Train Loss 0.498
Train Loss 0.476
Train Loss 0.502
Train Loss 0.491
Train Loss 0.480
Train Loss 0.483
Train Loss 0.506
Epoch  54 | Time    43 | Train Loss 0.5045 | Test Loss 0.000 | Test Error 14.16
Train Loss 0.053
Train Loss 0.470
Train Loss 0.496
Train Loss 0.465
Train Loss 0.485
Train Loss 0.497
Train Loss 0.504
Train Loss 0.458
Epoch  55 | Time    43 | Train Loss 0.4742 | Test Loss 0.000 | Test Error 13.94
Train Loss 0.048
Train Loss 0.455
Train Loss 0.473
Train Loss 0.463
Train Loss 0.478
Train Loss 0.514
Train Loss 0.469
Train Loss 0.502
Epoch  56 | Time    43 | Train Loss 0.4803 | Test Loss 0.000 | Test Error 13.21
Train Loss 0.053
Train Loss 0.487
Train Loss 0.435
Train Loss 0.476
Train Loss 0.476
Train Loss 0.495
Train Loss 0.477
Train Loss 0.487
Epoch  57 | Time    43 | Train Loss 0.4535 | Test Loss 0.000 | Test Error 13.13
Train Loss 0.058
Train Loss 0.457
Train Loss 0.446
Train Loss 0.452
Train Loss 0.460
Train Loss 0.490
Train Loss 0.465
Train Loss 0.439
Epoch  58 | Time    43 | Train Loss 0.4648 | Test Loss 0.000 | Test Error 13.50
Train Loss 0.047
Train Loss 0.427
Train Loss 0.458
Train Loss 0.443
Train Loss 0.478
Train Loss 0.463
Train Loss 0.449
Train Loss 0.454
Epoch  59 | Time    43 | Train Loss 0.4425 | Test Loss 0.000 | Test Error 13.44
Train Loss 0.034
Train Loss 0.428
Train Loss 0.478
Train Loss 0.449
Train Loss 0.480
Train Loss 0.459
Train Loss 0.457
Train Loss 0.465
Epoch  60 | Time    43 | Train Loss 0.4335 | Test Loss 0.000 | Test Error 13.77
Train Loss 0.043
Train Loss 0.437
Train Loss 0.465
Train Loss 0.450
Train Loss 0.416
Train Loss 0.467
Train Loss 0.437
Train Loss 0.396
Epoch  61 | Time    43 | Train Loss 0.4522 | Test Loss 0.000 | Test Error 13.72
Train Loss 0.045
Train Loss 0.454
Train Loss 0.437
Train Loss 0.442
Train Loss 0.426
Train Loss 0.428
Train Loss 0.448
Train Loss 0.471
Epoch  62 | Time    43 | Train Loss 0.4378 | Test Loss 0.000 | Test Error 12.91
Train Loss 0.048
Train Loss 0.436
Train Loss 0.444
Train Loss 0.471
Train Loss 0.428
Train Loss 0.418
Train Loss 0.454
Train Loss 0.419
Epoch  63 | Time    43 | Train Loss 0.4246 | Test Loss 0.000 | Test Error 13.38
Train Loss 0.039
Train Loss 0.452
Train Loss 0.437
Train Loss 0.432
Train Loss 0.433
Train Loss 0.455
Train Loss 0.434
Train Loss 0.420
Epoch  64 | Time    43 | Train Loss 0.4488 | Test Loss 0.000 | Test Error 13.36
Train Loss 0.035
Train Loss 0.452
Train Loss 0.406
Train Loss 0.446
Train Loss 0.451
Train Loss 0.424
Train Loss 0.437
Train Loss 0.463
Epoch  65 | Time    44 | Train Loss 0.4525 | Test Loss 0.000 | Test Error 13.67
Train Loss 0.041
Train Loss 0.436
Train Loss 0.430
Train Loss 0.424
Train Loss 0.405
Train Loss 0.421
Train Loss 0.466
Train Loss 0.430
Epoch  66 | Time    43 | Train Loss 0.4264 | Test Loss 0.000 | Test Error 13.32
Train Loss 0.045
Train Loss 0.454
Train Loss 0.440
Train Loss 0.402
Train Loss 0.435
Train Loss 0.449
Train Loss 0.416
Train Loss 0.413
Epoch  67 | Time    43 | Train Loss 0.4415 | Test Loss 0.000 | Test Error 13.21
Train Loss 0.040
Train Loss 0.434
Train Loss 0.418
Train Loss 0.402
Train Loss 0.390
Train Loss 0.405
Train Loss 0.417
Train Loss 0.418
Epoch  68 | Time    43 | Train Loss 0.4340 | Test Loss 0.000 | Test Error 13.05
Train Loss 0.036
Train Loss 0.364
Train Loss 0.423
Train Loss 0.391
Train Loss 0.389
Train Loss 0.422
Train Loss 0.426
Train Loss 0.425
Epoch  69 | Time    43 | Train Loss 0.4164 | Test Loss 0.000 | Test Error 12.94
Train Loss 0.045
Train Loss 0.410
Train Loss 0.420
Train Loss 0.436
Train Loss 0.426
Train Loss 0.410
Train Loss 0.401
Train Loss 0.404
Epoch  70 | Time    43 | Train Loss 0.4027 | Test Loss 0.000 | Test Error 12.95
Train Loss 0.052
Train Loss 0.398
Train Loss 0.397
Train Loss 0.395
Train Loss 0.380
Train Loss 0.432
Train Loss 0.404
Train Loss 0.397
Epoch  71 | Time    43 | Train Loss 0.3826 | Test Loss 0.000 | Test Error 12.93
Train Loss 0.043
Train Loss 0.392
Train Loss 0.402
Train Loss 0.383
Train Loss 0.369
Train Loss 0.387
Train Loss 0.384
Train Loss 0.414
Epoch  72 | Time    43 | Train Loss 0.3989 | Test Loss 0.000 | Test Error 12.79
Train Loss 0.035
Train Loss 0.416
Train Loss 0.402
Train Loss 0.446
Train Loss 0.399
Train Loss 0.368
Train Loss 0.389
Train Loss 0.426
Epoch  73 | Time    43 | Train Loss 0.3971 | Test Loss 0.000 | Test Error 12.85
Train Loss 0.039
Train Loss 0.420
Train Loss 0.397
Train Loss 0.406
Train Loss 0.398
Train Loss 0.413
Train Loss 0.423
Train Loss 0.382
Epoch  74 | Time    43 | Train Loss 0.4161 | Test Loss 0.000 | Test Error 12.61
Train Loss 0.028
Train Loss 0.377
Train Loss 0.415
Train Loss 0.383
Train Loss 0.397
Train Loss 0.384
Train Loss 0.351
Train Loss 0.387
Epoch  75 | Time    43 | Train Loss 0.4086 | Test Loss 0.000 | Test Error 12.81
Train Loss 0.051
Train Loss 0.381
Train Loss 0.398
Train Loss 0.408
Train Loss 0.369
Train Loss 0.379
Train Loss 0.388
Train Loss 0.368
Epoch  76 | Time    43 | Train Loss 0.3919 | Test Loss 0.000 | Test Error 12.75
Train Loss 0.037
Train Loss 0.361
Train Loss 0.412
Train Loss 0.412
Train Loss 0.371
Train Loss 0.406
Train Loss 0.393
Train Loss 0.359
Epoch  77 | Time    43 | Train Loss 0.3916 | Test Loss 0.000 | Test Error 12.38
Train Loss 0.040
Train Loss 0.387
Train Loss 0.379
Train Loss 0.381
Train Loss 0.368
Train Loss 0.385
Train Loss 0.386
Train Loss 0.379
Epoch  78 | Time    43 | Train Loss 0.3777 | Test Loss 0.000 | Test Error 12.50
Train Loss 0.031
Train Loss 0.380
Train Loss 0.367
Train Loss 0.376
Train Loss 0.407
Train Loss 0.358
Train Loss 0.397
Train Loss 0.388
Epoch  79 | Time    43 | Train Loss 0.3584 | Test Loss 0.000 | Test Error 12.55
Train Loss 0.053
Train Loss 0.375
Train Loss 0.377
Train Loss 0.381
Train Loss 0.380
Train Loss 0.357
Train Loss 0.354
Train Loss 0.387
Epoch  80 | Time    43 | Train Loss 0.3794 | Test Loss 0.000 | Test Error 12.70
Train Loss 0.045
Train Loss 0.362
Train Loss 0.354
Train Loss 0.383
Train Loss 0.352
Train Loss 0.379
Train Loss 0.373
Train Loss 0.380
Epoch  81 | Time    43 | Train Loss 0.3702 | Test Loss 0.000 | Test Error 12.36
Train Loss 0.055
Train Loss 0.377
Train Loss 0.351
Train Loss 0.361
Train Loss 0.383
Train Loss 0.370
Train Loss 0.380
Train Loss 0.384
Epoch  82 | Time    43 | Train Loss 0.3690 | Test Loss 0.000 | Test Error 12.49
Train Loss 0.034
Train Loss 0.371
Train Loss 0.384
Train Loss 0.379
Train Loss 0.384
Train Loss 0.362
Train Loss 0.377
Train Loss 0.398
Epoch  83 | Time    43 | Train Loss 0.3858 | Test Loss 0.000 | Test Error 12.69
Train Loss 0.026
Train Loss 0.383
Train Loss 0.367
Train Loss 0.373
Train Loss 0.353
Train Loss 0.372
Train Loss 0.371
Train Loss 0.363
Epoch  84 | Time    43 | Train Loss 0.3574 | Test Loss 0.000 | Test Error 12.15
Train Loss 0.033
Train Loss 0.368
Train Loss 0.365
Train Loss 0.364
Train Loss 0.383
Train Loss 0.359
Train Loss 0.391
Train Loss 0.348
Epoch  85 | Time    43 | Train Loss 0.3751 | Test Loss 0.000 | Test Error 12.26
Train Loss 0.034
Train Loss 0.359
Train Loss 0.344
Train Loss 0.395
Train Loss 0.380
Train Loss 0.385
Train Loss 0.350
Train Loss 0.362
Epoch  86 | Time    43 | Train Loss 0.3798 | Test Loss 0.000 | Test Error 12.41
Train Loss 0.025
Train Loss 0.347
Train Loss 0.356
Train Loss 0.365
Train Loss 0.398
Train Loss 0.370
Train Loss 0.352
Train Loss 0.363
Epoch  87 | Time    43 | Train Loss 0.3629 | Test Loss 0.000 | Test Error 12.41
Train Loss 0.034
Train Loss 0.363
Train Loss 0.378
Train Loss 0.350
Train Loss 0.402
Train Loss 0.342
Train Loss 0.360
Train Loss 0.362
Epoch  88 | Time    43 | Train Loss 0.3552 | Test Loss 0.000 | Test Error 12.38
Train Loss 0.049
Train Loss 0.357
Train Loss 0.349
Train Loss 0.344
Train Loss 0.332
Train Loss 0.334
Train Loss 0.357
Train Loss 0.375
Epoch  89 | Time    43 | Train Loss 0.3773 | Test Loss 0.000 | Test Error 12.39
Train Loss 0.035
Train Loss 0.362
Train Loss 0.374
Train Loss 0.376
Train Loss 0.380
Train Loss 0.344
Train Loss 0.366
Train Loss 0.341
Epoch  90 | Time    43 | Train Loss 0.3340 | Test Loss 0.000 | Test Error 12.43
Train Loss 0.023
Train Loss 0.342
Train Loss 0.357
Train Loss 0.357
Train Loss 0.371
Train Loss 0.354
Train Loss 0.368
Train Loss 0.359
Epoch  91 | Time    43 | Train Loss 0.3523 | Test Loss 0.000 | Test Error 12.40
Train Loss 0.026
Train Loss 0.383
Train Loss 0.347
Train Loss 0.338
Train Loss 0.388
Train Loss 0.349
Train Loss 0.382
Train Loss 0.369
Epoch  92 | Time    43 | Train Loss 0.3273 | Test Loss 0.000 | Test Error 12.44
Train Loss 0.040
Train Loss 0.363
Train Loss 0.351
Train Loss 0.338
Train Loss 0.362
Train Loss 0.345
Train Loss 0.363
Train Loss 0.352
Epoch  93 | Time    43 | Train Loss 0.3349 | Test Loss 0.000 | Test Error 12.29
Train Loss 0.034
Train Loss 0.360
Train Loss 0.358
Train Loss 0.327
Train Loss 0.372
Train Loss 0.353
Train Loss 0.389
Train Loss 0.345
Epoch  94 | Time    43 | Train Loss 0.3415 | Test Loss 0.000 | Test Error 12.36
Train Loss 0.037
Train Loss 0.373
Train Loss 0.362
Train Loss 0.345
Train Loss 0.362
Train Loss 0.376
Train Loss 0.344
Train Loss 0.327
Epoch  95 | Time    43 | Train Loss 0.3725 | Test Loss 0.000 | Test Error 12.28
Train Loss 0.038
Train Loss 0.345
Train Loss 0.344
Train Loss 0.362
Train Loss 0.344
Train Loss 0.356
Train Loss 0.348
Train Loss 0.346
Epoch  96 | Time    43 | Train Loss 0.3442 | Test Loss 0.000 | Test Error 12.33
Train Loss 0.030
Train Loss 0.363
Train Loss 0.327
Train Loss 0.354
Train Loss 0.361
Train Loss 0.337
Train Loss 0.378
Train Loss 0.378
Epoch  97 | Time    43 | Train Loss 0.3410 | Test Loss 0.000 | Test Error 12.39
Train Loss 0.035
Train Loss 0.368
Train Loss 0.361
Train Loss 0.353
Train Loss 0.371
Train Loss 0.364
Train Loss 0.347
Train Loss 0.362
Epoch  98 | Time    43 | Train Loss 0.3295 | Test Loss 0.000 | Test Error 12.42
Train Loss 0.039
Train Loss 0.323
Train Loss 0.349
Train Loss 0.349
Train Loss 0.328
Train Loss 0.319
Train Loss 0.397
Train Loss 0.364
Epoch  99 | Time    43 | Train Loss 0.3698 | Test Loss 0.000 | Test Error 12.34
Train Loss 0.023
Train Loss 0.353
Train Loss 0.354
Train Loss 0.378
Train Loss 0.353
Train Loss 0.342
Train Loss 0.354
Train Loss 0.378
Epoch 100 | Time    43 | Train Loss 0.3200 | Test Loss 0.000 | Test Error 12.44
gaussian_noise
	Test Loss 0.001 | Test Error 18.578
shot_noise
	Test Loss 0.001 | Test Error 16.402
impulse_noise
	Test Loss 0.001 | Test Error 23.680
defocus_blur
	Test Loss 0.000 | Test Error 14.192
glass_blur
	Test Loss 0.001 | Test Error 21.752
motion_blur
	Test Loss 0.000 | Test Error 16.532
zoom_blur
	Test Loss 0.000 | Test Error 15.550
snow
	Test Loss 0.001 | Test Error 18.334
frost
	Test Loss 0.001 | Test Error 18.070
fog
	Test Loss 0.001 | Test Error 19.608
brightness
	Test Loss 0.000 | Test Error 14.036
contrast
	Test Loss 0.001 | Test Error 25.120
elastic_transform
	Test Loss 0.001 | Test Error 16.854
pixelate
	Test Loss 0.000 | Test Error 14.286
jpeg_compression
	Test Loss 0.000 | Test Error 15.410
Mean Corruption Error: 17.894

gaussian_noise Flipping Prob
0.02476333333333332

shot_noise Flipping Prob
0.03023666666666666

motion_blur Flipping Prob
0.035760000000000125

zoom_blur Flipping Prob
0.0031766666666666896

spatter Flipping Prob
0.026400000000000003

brightness Flipping Prob
0.009196666666666683

translate Flipping Prob
0.061060000000000225

rotate Flipping Prob
0.03280333333333359

tilt Flipping Prob
0.01044333333333327

scale Flipping Prob
0.040670000000001205
[0.02476333333333332, 0.03023666666666666, 0.035760000000000125, 0.0031766666666666896, 0.026400000000000003, 0.009196666666666683, 0.061060000000000225, 0.03280333333333359, 0.01044333333333327, 0.040670000000001205]

Mean Flipping Prob	0.02745
