/home/g051463/.conda/envs/env_am/lib/python3.10/site-packages/scipy/__init__.py:146: UserWarning: A NumPy version >=1.16.5 and <1.23.0 is required for this version of SciPy (detected version 1.23.1
  warnings.warn(f"A NumPy version >={np_minversion} and <{np_maxversion}"
/home/g051463/.conda/envs/env_am/lib/python3.10/site-packages/torchvision/models/_utils.py:208: UserWarning: The parameter 'pretrained' is deprecated since 0.13 and will be removed in 0.15, please use 'weights' instead.
  warnings.warn(
/home/g051463/.conda/envs/env_am/lib/python3.10/site-packages/torchvision/models/_utils.py:223: UserWarning: Arguments other than a weight enum or `None` for 'weights' are deprecated since 0.13 and will be removed in 0.15. The current behavior is equivalent to passing `weights=None`.
  warnings.warn(msg)
Files already downloaded and verified
Files already downloaded and verified
Beginning training from epoch: 1
Train Loss 0.304
Train Loss 2.366
Train Loss 2.169
Train Loss 2.050
Train Loss 1.990
Train Loss 1.961
Train Loss 1.918
Train Loss 1.932
Epoch   1 | Time    46 | Train Loss 1.8761 | Test Loss 0.002 | Test Error 59.69
Train Loss 0.192
Train Loss 1.852
Train Loss 1.829
Train Loss 1.801
Train Loss 1.819
Train Loss 1.794
Train Loss 1.759
Train Loss 1.793
Epoch   2 | Time    43 | Train Loss 1.7568 | Test Loss 0.002 | Test Error 54.63
Train Loss 0.169
Train Loss 1.742
Train Loss 1.714
Train Loss 1.735
Train Loss 1.679
Train Loss 1.718
Train Loss 1.656
Train Loss 1.691
Epoch   3 | Time    43 | Train Loss 1.6442 | Test Loss 0.001 | Test Error 50.22
Train Loss 0.171
Train Loss 1.660
Train Loss 1.650
Train Loss 1.636
Train Loss 1.620
Train Loss 1.582
Train Loss 1.611
Train Loss 1.598
Epoch   4 | Time    43 | Train Loss 1.6028 | Test Loss 0.001 | Test Error 47.91
Train Loss 0.161
Train Loss 1.572
Train Loss 1.566
Train Loss 1.563
Train Loss 1.545
Train Loss 1.574
Train Loss 1.567
Train Loss 1.569
Epoch   5 | Time    43 | Train Loss 1.5454 | Test Loss 0.001 | Test Error 46.37
Train Loss 0.140
Train Loss 1.537
Train Loss 1.533
Train Loss 1.526
Train Loss 1.528
Train Loss 1.508
Train Loss 1.506
Train Loss 1.527
Epoch   6 | Time    44 | Train Loss 1.5067 | Test Loss 0.001 | Test Error 44.14
Train Loss 0.128
Train Loss 1.490
Train Loss 1.490
Train Loss 1.487
Train Loss 1.494
Train Loss 1.453
Train Loss 1.460
Train Loss 1.492
Epoch   7 | Time    44 | Train Loss 1.4956 | Test Loss 0.001 | Test Error 43.09
Train Loss 0.144
Train Loss 1.455
Train Loss 1.464
Train Loss 1.457
Train Loss 1.434
Train Loss 1.460
Train Loss 1.408
Train Loss 1.436
Epoch   8 | Time    43 | Train Loss 1.4529 | Test Loss 0.001 | Test Error 41.67
Train Loss 0.144
Train Loss 1.431
Train Loss 1.415
Train Loss 1.431
Train Loss 1.440
Train Loss 1.422
Train Loss 1.418
Train Loss 1.417
Epoch   9 | Time    43 | Train Loss 1.4447 | Test Loss 0.001 | Test Error 40.57
Train Loss 0.145
Train Loss 1.410
Train Loss 1.411
Train Loss 1.373
Train Loss 1.389
Train Loss 1.392
Train Loss 1.387
Train Loss 1.363
Epoch  10 | Time    43 | Train Loss 1.3970 | Test Loss 0.001 | Test Error 39.56
Train Loss 0.136
Train Loss 1.365
Train Loss 1.363
Train Loss 1.360
Train Loss 1.384
Train Loss 1.372
Train Loss 1.377
Train Loss 1.351
Epoch  11 | Time    43 | Train Loss 1.3488 | Test Loss 0.001 | Test Error 37.99
Train Loss 0.133
Train Loss 1.327
Train Loss 1.348
Train Loss 1.338
Train Loss 1.339
Train Loss 1.336
Train Loss 1.385
Train Loss 1.320
Epoch  12 | Time    43 | Train Loss 1.3509 | Test Loss 0.001 | Test Error 37.73
Train Loss 0.133
Train Loss 1.295
Train Loss 1.319
Train Loss 1.302
Train Loss 1.312
Train Loss 1.333
Train Loss 1.363
Train Loss 1.349
Epoch  13 | Time    44 | Train Loss 1.3115 | Test Loss 0.001 | Test Error 37.29
Train Loss 0.123
Train Loss 1.294
Train Loss 1.295
Train Loss 1.316
Train Loss 1.292
Train Loss 1.313
Train Loss 1.273
Train Loss 1.334
Epoch  14 | Time    44 | Train Loss 1.3036 | Test Loss 0.001 | Test Error 35.68
Train Loss 0.123
Train Loss 1.288
Train Loss 1.303
Train Loss 1.327
Train Loss 1.288
Train Loss 1.293
Train Loss 1.299
Train Loss 1.276
Epoch  15 | Time    43 | Train Loss 1.2561 | Test Loss 0.001 | Test Error 35.62
Train Loss 0.118
Train Loss 1.271
Train Loss 1.278
Train Loss 1.234
Train Loss 1.256
Train Loss 1.264
Train Loss 1.285
Train Loss 1.262
Epoch  16 | Time    44 | Train Loss 1.2385 | Test Loss 0.001 | Test Error 34.50
Train Loss 0.118
Train Loss 1.242
Train Loss 1.237
Train Loss 1.264
Train Loss 1.237
Train Loss 1.240
Train Loss 1.259
Train Loss 1.248
Epoch  17 | Time    43 | Train Loss 1.2618 | Test Loss 0.001 | Test Error 34.13
Train Loss 0.120
Train Loss 1.211
Train Loss 1.222
Train Loss 1.231
Train Loss 1.251
Train Loss 1.248
Train Loss 1.229
Train Loss 1.223
Epoch  18 | Time    43 | Train Loss 1.2501 | Test Loss 0.001 | Test Error 34.19
Train Loss 0.112
Train Loss 1.230
Train Loss 1.192
Train Loss 1.202
Train Loss 1.277
Train Loss 1.227
Train Loss 1.234
Train Loss 1.208
Epoch  19 | Time    43 | Train Loss 1.2215 | Test Loss 0.001 | Test Error 32.76
Train Loss 0.135
Train Loss 1.222
Train Loss 1.197
Train Loss 1.251
Train Loss 1.227
Train Loss 1.226
Train Loss 1.214
Train Loss 1.226
Epoch  20 | Time    43 | Train Loss 1.2029 | Test Loss 0.001 | Test Error 32.74
Train Loss 0.114
Train Loss 1.176
Train Loss 1.177
Train Loss 1.195
Train Loss 1.219
Train Loss 1.185
Train Loss 1.166
Train Loss 1.177
Epoch  21 | Time    43 | Train Loss 1.1967 | Test Loss 0.001 | Test Error 31.84
Train Loss 0.131
Train Loss 1.180
Train Loss 1.183
Train Loss 1.212
Train Loss 1.185
Train Loss 1.171
Train Loss 1.162
Train Loss 1.213
Epoch  22 | Time    43 | Train Loss 1.1832 | Test Loss 0.001 | Test Error 31.83
Train Loss 0.112
Train Loss 1.155
Train Loss 1.159
Train Loss 1.175
Train Loss 1.169
Train Loss 1.199
Train Loss 1.161
Train Loss 1.195
Epoch  23 | Time    43 | Train Loss 1.1768 | Test Loss 0.001 | Test Error 31.57
Train Loss 0.109
Train Loss 1.158
Train Loss 1.195
Train Loss 1.129
Train Loss 1.151
Train Loss 1.145
Train Loss 1.160
Train Loss 1.125
Epoch  24 | Time    43 | Train Loss 1.1810 | Test Loss 0.001 | Test Error 31.18
Train Loss 0.118
Train Loss 1.133
Train Loss 1.149
Train Loss 1.166
Train Loss 1.132
Train Loss 1.151
Train Loss 1.181
Train Loss 1.121
Epoch  25 | Time    43 | Train Loss 1.1223 | Test Loss 0.001 | Test Error 30.34
Train Loss 0.108
Train Loss 1.173
Train Loss 1.129
Train Loss 1.108
Train Loss 1.147
Train Loss 1.130
Train Loss 1.147
Train Loss 1.120
Epoch  26 | Time    44 | Train Loss 1.1213 | Test Loss 0.001 | Test Error 30.55
Train Loss 0.105
Train Loss 1.102
Train Loss 1.140
Train Loss 1.145
Train Loss 1.146
Train Loss 1.114
Train Loss 1.142
Train Loss 1.152
Epoch  27 | Time    43 | Train Loss 1.1689 | Test Loss 0.001 | Test Error 30.16
Train Loss 0.110
Train Loss 1.109
Train Loss 1.115
Train Loss 1.119
Train Loss 1.128
Train Loss 1.081
Train Loss 1.102
Train Loss 1.113
Epoch  28 | Time    44 | Train Loss 1.1520 | Test Loss 0.001 | Test Error 29.05
Train Loss 0.107
Train Loss 1.093
Train Loss 1.139
Train Loss 1.148
Train Loss 1.090
Train Loss 1.137
Train Loss 1.126
Train Loss 1.106
Epoch  29 | Time    43 | Train Loss 1.1142 | Test Loss 0.001 | Test Error 29.16
Train Loss 0.101
Train Loss 1.115
Train Loss 1.105
Train Loss 1.063
Train Loss 1.076
Train Loss 1.091
Train Loss 1.093
Train Loss 1.107
Epoch  30 | Time    44 | Train Loss 1.0866 | Test Loss 0.001 | Test Error 28.70
Train Loss 0.101
Train Loss 1.085
Train Loss 1.096
Train Loss 1.069
Train Loss 1.089
Train Loss 1.096
Train Loss 1.117
Train Loss 1.080
Epoch  31 | Time    43 | Train Loss 1.0948 | Test Loss 0.001 | Test Error 28.62
Train Loss 0.104
Train Loss 1.084
Train Loss 1.090
Train Loss 1.051
Train Loss 1.074
Train Loss 1.059
Train Loss 1.120
Train Loss 1.084
Epoch  32 | Time    44 | Train Loss 1.0920 | Test Loss 0.001 | Test Error 28.10
Train Loss 0.116
Train Loss 1.073
Train Loss 1.062
Train Loss 1.069
Train Loss 1.047
Train Loss 1.047
Train Loss 1.057
Train Loss 1.066
Epoch  33 | Time    43 | Train Loss 1.0589 | Test Loss 0.001 | Test Error 27.89
Train Loss 0.087
Train Loss 1.092
Train Loss 1.035
Train Loss 1.064
Train Loss 1.095
Train Loss 1.074
Train Loss 1.027
Train Loss 1.082
Epoch  34 | Time    43 | Train Loss 1.0511 | Test Loss 0.001 | Test Error 27.93
Train Loss 0.112
Train Loss 1.063
Train Loss 1.040
Train Loss 1.054
Train Loss 1.053
Train Loss 1.084
Train Loss 1.057
Train Loss 1.037
Epoch  35 | Time    43 | Train Loss 1.0495 | Test Loss 0.001 | Test Error 27.85
Train Loss 0.102
Train Loss 1.029
Train Loss 1.043
Train Loss 1.032
Train Loss 1.062
Train Loss 1.058
Train Loss 1.062
Train Loss 1.052
Epoch  36 | Time    43 | Train Loss 1.0580 | Test Loss 0.001 | Test Error 27.90
Train Loss 0.095
Train Loss 1.047
Train Loss 1.053
Train Loss 1.043
Train Loss 1.054
Train Loss 1.061
Train Loss 1.033
Train Loss 1.036
Epoch  37 | Time    43 | Train Loss 1.0350 | Test Loss 0.001 | Test Error 26.98
Train Loss 0.107
Train Loss 1.063
Train Loss 1.017
Train Loss 1.032
Train Loss 1.054
Train Loss 1.031
Train Loss 1.001
Train Loss 1.036
Epoch  38 | Time    44 | Train Loss 1.0505 | Test Loss 0.001 | Test Error 26.79
Train Loss 0.102
Train Loss 1.042
Train Loss 1.007
Train Loss 1.019
Train Loss 0.998
Train Loss 1.020
Train Loss 1.059
Train Loss 1.040
Epoch  39 | Time    43 | Train Loss 1.0247 | Test Loss 0.001 | Test Error 27.26
Train Loss 0.101
Train Loss 0.989
Train Loss 1.019
Train Loss 1.036
Train Loss 1.017
Train Loss 1.042
Train Loss 1.002
Train Loss 1.026
Epoch  40 | Time    43 | Train Loss 1.0072 | Test Loss 0.001 | Test Error 26.68
Train Loss 0.100
Train Loss 0.993
Train Loss 1.018
Train Loss 1.020
Train Loss 1.001
Train Loss 0.997
Train Loss 1.057
Train Loss 1.030
Epoch  41 | Time    43 | Train Loss 1.0287 | Test Loss 0.001 | Test Error 26.01
Train Loss 0.087
Train Loss 0.969
Train Loss 1.019
Train Loss 1.020
Train Loss 0.975
Train Loss 0.988
Train Loss 1.001
Train Loss 1.017
Epoch  42 | Time    43 | Train Loss 1.0011 | Test Loss 0.001 | Test Error 26.26
Train Loss 0.096
Train Loss 1.009
Train Loss 1.038
Train Loss 0.972
Train Loss 0.984
Train Loss 1.012
Train Loss 0.962
Train Loss 0.976
Epoch  43 | Time    43 | Train Loss 1.0000 | Test Loss 0.001 | Test Error 25.93
Train Loss 0.098
Train Loss 0.977
Train Loss 1.003
Train Loss 1.020
Train Loss 0.983
Train Loss 1.029
Train Loss 1.001
Train Loss 0.980
Epoch  44 | Time    43 | Train Loss 0.9686 | Test Loss 0.001 | Test Error 26.01
Train Loss 0.112
Train Loss 0.976
Train Loss 0.987
Train Loss 1.019
Train Loss 0.966
Train Loss 1.013
Train Loss 0.994
Train Loss 0.986
Epoch  45 | Time    43 | Train Loss 1.0004 | Test Loss 0.001 | Test Error 25.73
Train Loss 0.102
Train Loss 0.984
Train Loss 0.988
Train Loss 0.988
Train Loss 0.979
Train Loss 1.001
Train Loss 0.994
Train Loss 0.975
Epoch  46 | Time    43 | Train Loss 0.9826 | Test Loss 0.001 | Test Error 25.55
Train Loss 0.107
Train Loss 0.976
Train Loss 0.972
Train Loss 0.972
Train Loss 0.963
Train Loss 0.992
Train Loss 0.986
Train Loss 0.965
Epoch  47 | Time    43 | Train Loss 0.9897 | Test Loss 0.001 | Test Error 25.37
Train Loss 0.088
Train Loss 1.001
Train Loss 0.947
Train Loss 0.961
Train Loss 0.957
Train Loss 0.988
Train Loss 0.981
Train Loss 0.982
Epoch  48 | Time    43 | Train Loss 1.0123 | Test Loss 0.001 | Test Error 24.80
Train Loss 0.087
Train Loss 0.922
Train Loss 1.018
Train Loss 1.008
Train Loss 0.970
Train Loss 0.956
Train Loss 0.949
Train Loss 0.973
Epoch  49 | Time    43 | Train Loss 0.9484 | Test Loss 0.001 | Test Error 24.93
Train Loss 0.080
Train Loss 0.973
Train Loss 0.972
Train Loss 0.974
Train Loss 0.968
Train Loss 0.991
Train Loss 0.931
Train Loss 0.969
Epoch  50 | Time    43 | Train Loss 0.9883 | Test Loss 0.001 | Test Error 24.92
Train Loss 0.090
Train Loss 0.935
Train Loss 0.951
Train Loss 0.959
Train Loss 0.943
Train Loss 0.969
Train Loss 0.945
Train Loss 0.986
Epoch  51 | Time    43 | Train Loss 0.9779 | Test Loss 0.001 | Test Error 24.90
Train Loss 0.092
Train Loss 0.948
Train Loss 0.934
Train Loss 0.981
Train Loss 0.958
Train Loss 0.976
Train Loss 0.952
Train Loss 0.921
Epoch  52 | Time    43 | Train Loss 0.9443 | Test Loss 0.001 | Test Error 24.68
Train Loss 0.091
Train Loss 0.936
Train Loss 0.965
Train Loss 0.926
Train Loss 0.966
Train Loss 0.931
Train Loss 0.940
Train Loss 0.973
Epoch  53 | Time    43 | Train Loss 0.9451 | Test Loss 0.001 | Test Error 24.23
Train Loss 0.095
Train Loss 0.934
Train Loss 0.935
Train Loss 0.944
Train Loss 0.939
Train Loss 0.919
Train Loss 0.940
Train Loss 0.959
Epoch  54 | Time    43 | Train Loss 0.9680 | Test Loss 0.001 | Test Error 24.14
Train Loss 0.102
Train Loss 0.941
Train Loss 0.961
Train Loss 0.940
Train Loss 0.925
Train Loss 0.954
Train Loss 0.939
Train Loss 0.912
Epoch  55 | Time    43 | Train Loss 0.9355 | Test Loss 0.001 | Test Error 24.15
Train Loss 0.103
Train Loss 0.927
Train Loss 0.933
Train Loss 0.926
Train Loss 0.912
Train Loss 0.964
Train Loss 0.941
Train Loss 0.956
Epoch  56 | Time    43 | Train Loss 0.9353 | Test Loss 0.001 | Test Error 24.19
Train Loss 0.100
Train Loss 0.941
Train Loss 0.907
Train Loss 0.933
Train Loss 0.899
Train Loss 0.945
Train Loss 0.959
Train Loss 0.932
Epoch  57 | Time    43 | Train Loss 0.9238 | Test Loss 0.001 | Test Error 23.81
Train Loss 0.083
Train Loss 0.953
Train Loss 0.950
Train Loss 0.938
Train Loss 0.936
Train Loss 0.943
Train Loss 0.928
Train Loss 0.906
Epoch  58 | Time    43 | Train Loss 0.9388 | Test Loss 0.001 | Test Error 24.04
Train Loss 0.091
Train Loss 0.904
Train Loss 0.936
Train Loss 0.928
Train Loss 0.966
Train Loss 0.915
Train Loss 0.879
Train Loss 0.936
Epoch  59 | Time    44 | Train Loss 0.8985 | Test Loss 0.001 | Test Error 23.79
Train Loss 0.089
Train Loss 0.901
Train Loss 0.922
Train Loss 0.884
Train Loss 0.976
Train Loss 0.923
Train Loss 0.926
Train Loss 0.926
Epoch  60 | Time    44 | Train Loss 0.8936 | Test Loss 0.001 | Test Error 23.40
Train Loss 0.097
Train Loss 0.943
Train Loss 0.917
Train Loss 0.932
Train Loss 0.867
Train Loss 0.949
Train Loss 0.866
Train Loss 0.888
Epoch  61 | Time    43 | Train Loss 0.9326 | Test Loss 0.001 | Test Error 23.56
Train Loss 0.091
Train Loss 0.917
Train Loss 0.884
Train Loss 0.919
Train Loss 0.909
Train Loss 0.868
Train Loss 0.908
Train Loss 0.932
Epoch  62 | Time    43 | Train Loss 0.8985 | Test Loss 0.001 | Test Error 23.40
Train Loss 0.107
Train Loss 0.911
Train Loss 0.902
Train Loss 0.922
Train Loss 0.907
Train Loss 0.923
Train Loss 0.928
Train Loss 0.884
Epoch  63 | Time    43 | Train Loss 0.8994 | Test Loss 0.001 | Test Error 23.58
Train Loss 0.093
Train Loss 0.934
Train Loss 0.892
Train Loss 0.921
Train Loss 0.912
Train Loss 0.919
Train Loss 0.919
Train Loss 0.902
Epoch  64 | Time    44 | Train Loss 0.9015 | Test Loss 0.001 | Test Error 23.21
Train Loss 0.082
Train Loss 0.912
Train Loss 0.907
Train Loss 0.918
Train Loss 0.918
Train Loss 0.886
Train Loss 0.905
Train Loss 0.900
Epoch  65 | Time    43 | Train Loss 0.9032 | Test Loss 0.001 | Test Error 22.98
Train Loss 0.092
Train Loss 0.917
Train Loss 0.892
Train Loss 0.876
Train Loss 0.881
Train Loss 0.892
Train Loss 0.934
Train Loss 0.910
Epoch  66 | Time    43 | Train Loss 0.9172 | Test Loss 0.001 | Test Error 23.05
Train Loss 0.101
Train Loss 0.924
Train Loss 0.894
Train Loss 0.866
Train Loss 0.889
Train Loss 0.894
Train Loss 0.889
Train Loss 0.887
Epoch  67 | Time    43 | Train Loss 0.9172 | Test Loss 0.001 | Test Error 23.21
Train Loss 0.080
Train Loss 0.880
Train Loss 0.883
Train Loss 0.896
Train Loss 0.849
Train Loss 0.887
Train Loss 0.913
Train Loss 0.887
Epoch  68 | Time    43 | Train Loss 0.9355 | Test Loss 0.001 | Test Error 23.02
Train Loss 0.079
Train Loss 0.877
Train Loss 0.926
Train Loss 0.875
Train Loss 0.855
Train Loss 0.917
Train Loss 0.903
Train Loss 0.922
Epoch  69 | Time    43 | Train Loss 0.9184 | Test Loss 0.001 | Test Error 23.17
Train Loss 0.095
Train Loss 0.884
Train Loss 0.876
Train Loss 0.912
Train Loss 0.916
Train Loss 0.872
Train Loss 0.897
Train Loss 0.870
Epoch  70 | Time    44 | Train Loss 0.8676 | Test Loss 0.001 | Test Error 22.82
Train Loss 0.096
Train Loss 0.880
Train Loss 0.886
Train Loss 0.892
Train Loss 0.871
Train Loss 0.889
Train Loss 0.902
Train Loss 0.889
Epoch  71 | Time    43 | Train Loss 0.8873 | Test Loss 0.001 | Test Error 22.81
Train Loss 0.077
Train Loss 0.887
Train Loss 0.863
Train Loss 0.879
Train Loss 0.896
Train Loss 0.874
Train Loss 0.885
Train Loss 0.883
Epoch  72 | Time    43 | Train Loss 0.8735 | Test Loss 0.001 | Test Error 22.71
Train Loss 0.086
Train Loss 0.882
Train Loss 0.882
Train Loss 0.928
Train Loss 0.883
Train Loss 0.880
Train Loss 0.848
Train Loss 0.914
Epoch  73 | Time    43 | Train Loss 0.8950 | Test Loss 0.001 | Test Error 22.75
Train Loss 0.086
Train Loss 0.894
Train Loss 0.884
Train Loss 0.889
Train Loss 0.892
Train Loss 0.875
Train Loss 0.882
Train Loss 0.855
Epoch  74 | Time    43 | Train Loss 0.8833 | Test Loss 0.001 | Test Error 22.73
Train Loss 0.079
Train Loss 0.866
Train Loss 0.877
Train Loss 0.886
Train Loss 0.887
Train Loss 0.877
Train Loss 0.832
Train Loss 0.894
Epoch  75 | Time    43 | Train Loss 0.9062 | Test Loss 0.001 | Test Error 22.67
Train Loss 0.097
Train Loss 0.850
Train Loss 0.905
Train Loss 0.908
Train Loss 0.870
Train Loss 0.866
Train Loss 0.875
Train Loss 0.847
Epoch  76 | Time    43 | Train Loss 0.8737 | Test Loss 0.001 | Test Error 22.92
Train Loss 0.096
Train Loss 0.822
Train Loss 0.891
Train Loss 0.870
Train Loss 0.849
Train Loss 0.864
Train Loss 0.879
Train Loss 0.876
Epoch  77 | Time    43 | Train Loss 0.8982 | Test Loss 0.001 | Test Error 22.52
Train Loss 0.096
Train Loss 0.867
Train Loss 0.873
Train Loss 0.889
Train Loss 0.886
Train Loss 0.875
Train Loss 0.888
Train Loss 0.863
Epoch  78 | Time    43 | Train Loss 0.8676 | Test Loss 0.001 | Test Error 22.66
Train Loss 0.088
Train Loss 0.872
Train Loss 0.852
Train Loss 0.861
Train Loss 0.894
Train Loss 0.855
Train Loss 0.893
Train Loss 0.892
Epoch  79 | Time    43 | Train Loss 0.8875 | Test Loss 0.001 | Test Error 22.43
Train Loss 0.096
Train Loss 0.850
Train Loss 0.856
Train Loss 0.882
Train Loss 0.855
Train Loss 0.877
Train Loss 0.850
Train Loss 0.899
Epoch  80 | Time    43 | Train Loss 0.8735 | Test Loss 0.001 | Test Error 22.60
Train Loss 0.089
Train Loss 0.859
Train Loss 0.851
Train Loss 0.846
Train Loss 0.879
Train Loss 0.877
Train Loss 0.864
Train Loss 0.853
Epoch  81 | Time    44 | Train Loss 0.8634 | Test Loss 0.001 | Test Error 22.34
Train Loss 0.101
Train Loss 0.847
Train Loss 0.859
Train Loss 0.849
Train Loss 0.891
Train Loss 0.870
Train Loss 0.857
Train Loss 0.887
Epoch  82 | Time    43 | Train Loss 0.8771 | Test Loss 0.001 | Test Error 22.21
Train Loss 0.088
Train Loss 0.868
Train Loss 0.881
Train Loss 0.860
Train Loss 0.879
Train Loss 0.849
Train Loss 0.866
Train Loss 0.885
Epoch  83 | Time    43 | Train Loss 0.8240 | Test Loss 0.001 | Test Error 22.51
Train Loss 0.074
Train Loss 0.881
Train Loss 0.831
Train Loss 0.843
Train Loss 0.878
Train Loss 0.868
Train Loss 0.865
Train Loss 0.837
Epoch  84 | Time    43 | Train Loss 0.8530 | Test Loss 0.001 | Test Error 22.31
Train Loss 0.086
Train Loss 0.876
Train Loss 0.857
Train Loss 0.875
Train Loss 0.866
Train Loss 0.837
Train Loss 0.873
Train Loss 0.865
Epoch  85 | Time    43 | Train Loss 0.8902 | Test Loss 0.001 | Test Error 22.35
Train Loss 0.093
Train Loss 0.837
Train Loss 0.854
Train Loss 0.880
Train Loss 0.858
Train Loss 0.853
Train Loss 0.880
Train Loss 0.884
Epoch  86 | Time    43 | Train Loss 0.8847 | Test Loss 0.001 | Test Error 22.32
Train Loss 0.080
Train Loss 0.857
Train Loss 0.852
Train Loss 0.885
Train Loss 0.881
Train Loss 0.878
Train Loss 0.830
Train Loss 0.871
Epoch  87 | Time    43 | Train Loss 0.8421 | Test Loss 0.001 | Test Error 22.12
Train Loss 0.095
Train Loss 0.889
Train Loss 0.889
Train Loss 0.835
Train Loss 0.901
Train Loss 0.851
Train Loss 0.852
Train Loss 0.868
Epoch  88 | Time    43 | Train Loss 0.8444 | Test Loss 0.001 | Test Error 22.39
Train Loss 0.093
Train Loss 0.862
Train Loss 0.871
Train Loss 0.843
Train Loss 0.879
Train Loss 0.878
Train Loss 0.858
Train Loss 0.870
Epoch  89 | Time    43 | Train Loss 0.8737 | Test Loss 0.001 | Test Error 22.18
Train Loss 0.083
Train Loss 0.854
Train Loss 0.845
Train Loss 0.896
Train Loss 0.879
Train Loss 0.836
Train Loss 0.862
Train Loss 0.877
Epoch  90 | Time    43 | Train Loss 0.8497 | Test Loss 0.001 | Test Error 22.13
Train Loss 0.074
Train Loss 0.845
Train Loss 0.884
Train Loss 0.888
Train Loss 0.848
Train Loss 0.889
Train Loss 0.863
Train Loss 0.864
Epoch  91 | Time    43 | Train Loss 0.8782 | Test Loss 0.001 | Test Error 22.27
Train Loss 0.080
Train Loss 0.877
Train Loss 0.848
Train Loss 0.855
Train Loss 0.883
Train Loss 0.857
Train Loss 0.877
Train Loss 0.869
Epoch  92 | Time    43 | Train Loss 0.8432 | Test Loss 0.001 | Test Error 22.19
Train Loss 0.098
Train Loss 0.854
Train Loss 0.862
Train Loss 0.852
Train Loss 0.857
Train Loss 0.843
Train Loss 0.849
Train Loss 0.860
Epoch  93 | Time    43 | Train Loss 0.8479 | Test Loss 0.001 | Test Error 22.11
Train Loss 0.079
Train Loss 0.878
Train Loss 0.861
Train Loss 0.837
Train Loss 0.835
Train Loss 0.853
Train Loss 0.883
Train Loss 0.889
Epoch  94 | Time    43 | Train Loss 0.8461 | Test Loss 0.001 | Test Error 21.99
Train Loss 0.079
Train Loss 0.870
Train Loss 0.851
Train Loss 0.845
Train Loss 0.869
Train Loss 0.873
Train Loss 0.848
Train Loss 0.851
Epoch  95 | Time    43 | Train Loss 0.8959 | Test Loss 0.001 | Test Error 22.01
Train Loss 0.090
Train Loss 0.853
Train Loss 0.841
Train Loss 0.855
Train Loss 0.840
Train Loss 0.880
Train Loss 0.838
Train Loss 0.863
Epoch  96 | Time    43 | Train Loss 0.8556 | Test Loss 0.001 | Test Error 22.01
Train Loss 0.085
Train Loss 0.852
Train Loss 0.836
Train Loss 0.877
Train Loss 0.892
Train Loss 0.838
Train Loss 0.883
Train Loss 0.907
Epoch  97 | Time    43 | Train Loss 0.8864 | Test Loss 0.001 | Test Error 22.13
Train Loss 0.086
Train Loss 0.873
Train Loss 0.849
Train Loss 0.849
Train Loss 0.886
Train Loss 0.862
Train Loss 0.877
Train Loss 0.872
Epoch  98 | Time    43 | Train Loss 0.8462 | Test Loss 0.001 | Test Error 22.12
Train Loss 0.090
Train Loss 0.850
Train Loss 0.866
Train Loss 0.835
Train Loss 0.872
Train Loss 0.843
Train Loss 0.887
Train Loss 0.867
Epoch  99 | Time    43 | Train Loss 0.8824 | Test Loss 0.001 | Test Error 21.97
Train Loss 0.082
Train Loss 0.878
Train Loss 0.864
Train Loss 0.867
Train Loss 0.862
Train Loss 0.843
Train Loss 0.853
Train Loss 0.859
Epoch 100 | Time    43 | Train Loss 0.8403 | Test Loss 0.001 | Test Error 22.16
gaussian_noise
	Test Loss 0.001 | Test Error 26.806
shot_noise
	Test Loss 0.001 | Test Error 25.240
impulse_noise
	Test Loss 0.001 | Test Error 31.326
defocus_blur
	Test Loss 0.001 | Test Error 24.200
glass_blur
	Test Loss 0.001 | Test Error 29.514
motion_blur
	Test Loss 0.001 | Test Error 28.474
zoom_blur
	Test Loss 0.001 | Test Error 26.106
snow
	Test Loss 0.001 | Test Error 29.308
frost
	Test Loss 0.001 | Test Error 30.590
fog
	Test Loss 0.001 | Test Error 32.580
brightness
	Test Loss 0.001 | Test Error 25.362
contrast
	Test Loss 0.001 | Test Error 39.422
elastic_transform
	Test Loss 0.001 | Test Error 26.966
pixelate
	Test Loss 0.001 | Test Error 23.608
jpeg_compression
	Test Loss 0.001 | Test Error 24.214
Mean Corruption Error: 28.248

gaussian_noise Flipping Prob
0.029186666666666684

shot_noise Flipping Prob
0.03609666666666677

motion_blur Flipping Prob
0.0532700000000016

zoom_blur Flipping Prob
0.004043333333333385

spatter Flipping Prob
0.03373000000000011

brightness Flipping Prob
0.015239999999999448

translate Flipping Prob
0.11225333333333734

rotate Flipping Prob
0.043916666666667534

tilt Flipping Prob
0.01540666666666638

scale Flipping Prob
0.05727000000000264
[0.029186666666666684, 0.03609666666666677, 0.0532700000000016, 0.004043333333333385, 0.03373000000000011, 0.015239999999999448, 0.11225333333333734, 0.043916666666667534, 0.01540666666666638, 0.05727000000000264]

Mean Flipping Prob	0.04004
