/home/g051463/.conda/envs/env_am/lib/python3.10/site-packages/scipy/__init__.py:146: UserWarning: A NumPy version >=1.16.5 and <1.23.0 is required for this version of SciPy (detected version 1.23.1
  warnings.warn(f"A NumPy version >={np_minversion} and <{np_maxversion}"
/home/g051463/.conda/envs/env_am/lib/python3.10/site-packages/torchvision/models/_utils.py:208: UserWarning: The parameter 'pretrained' is deprecated since 0.13 and will be removed in 0.15, please use 'weights' instead.
  warnings.warn(
/home/g051463/.conda/envs/env_am/lib/python3.10/site-packages/torchvision/models/_utils.py:223: UserWarning: Arguments other than a weight enum or `None` for 'weights' are deprecated since 0.13 and will be removed in 0.15. The current behavior is equivalent to passing `weights=ConvNeXt_Tiny_Weights.IMAGENET1K_V1`. You can also use `weights=ConvNeXt_Tiny_Weights.DEFAULT` to get the most up-to-date weights.
  warnings.warn(msg)
Files already downloaded and verified
Files already downloaded and verified
Beginning training from epoch: 1
Train Loss 0.261
Train Loss 1.174
Train Loss 1.073
Train Loss 0.960
Train Loss 0.940
Train Loss 0.884
Train Loss 0.895
Train Loss 0.845
Epoch   1 | Time    48 | Train Loss 0.8148 | Test Loss 0.001 | Test Error 19.39
Train Loss 0.083
Train Loss 0.756
Train Loss 0.785
Train Loss 0.808
Train Loss 0.790
Train Loss 0.796
Train Loss 0.732
Train Loss 0.759
Epoch   2 | Time    47 | Train Loss 0.7450 | Test Loss 0.000 | Test Error 14.68
Train Loss 0.065
Train Loss 0.736
Train Loss 0.727
Train Loss 0.675
Train Loss 0.702
Train Loss 0.729
Train Loss 0.721
Train Loss 0.681
Epoch   3 | Time    47 | Train Loss 0.7400 | Test Loss 0.000 | Test Error 14.61
Train Loss 0.056
Train Loss 0.676
Train Loss 0.673
Train Loss 0.659
Train Loss 0.670
Train Loss 0.682
Train Loss 0.705
Train Loss 0.668
Epoch   4 | Time    48 | Train Loss 0.6815 | Test Loss 0.000 | Test Error 13.79
Train Loss 0.055
Train Loss 0.624
Train Loss 0.630
Train Loss 0.683
Train Loss 0.639
Train Loss 0.674
Train Loss 0.615
Train Loss 0.616
Epoch   5 | Time    47 | Train Loss 0.6326 | Test Loss 0.000 | Test Error 14.03
Train Loss 0.053
Train Loss 0.640
Train Loss 0.563
Train Loss 0.649
Train Loss 0.594
Train Loss 0.629
Train Loss 0.614
Train Loss 0.636
Epoch   6 | Time    48 | Train Loss 0.6359 | Test Loss 0.000 | Test Error 13.12
Train Loss 0.054
Train Loss 0.596
Train Loss 0.599
Train Loss 0.562
Train Loss 0.570
Train Loss 0.611
Train Loss 0.574
Train Loss 0.596
Epoch   7 | Time    47 | Train Loss 0.5939 | Test Loss 0.000 | Test Error 13.29
Train Loss 0.058
Train Loss 0.588
Train Loss 0.573
Train Loss 0.530
Train Loss 0.569
Train Loss 0.568
Train Loss 0.541
Train Loss 0.570
Epoch   8 | Time    48 | Train Loss 0.5547 | Test Loss 0.000 | Test Error 13.02
Train Loss 0.045
Train Loss 0.512
Train Loss 0.571
Train Loss 0.551
Train Loss 0.568
Train Loss 0.537
Train Loss 0.578
Train Loss 0.562
Epoch   9 | Time    47 | Train Loss 0.5509 | Test Loss 0.000 | Test Error 12.64
Train Loss 0.047
Train Loss 0.543
Train Loss 0.527
Train Loss 0.538
Train Loss 0.542
Train Loss 0.566
Train Loss 0.545
Train Loss 0.513
Epoch  10 | Time    48 | Train Loss 0.5714 | Test Loss 0.000 | Test Error 12.42
Train Loss 0.073
Train Loss 0.537
Train Loss 0.556
Train Loss 0.498
Train Loss 0.540
Train Loss 0.496
Train Loss 0.524
Train Loss 0.544
Epoch  11 | Time    47 | Train Loss 0.5255 | Test Loss 0.000 | Test Error 12.28
Train Loss 0.048
Train Loss 0.496
Train Loss 0.513
Train Loss 0.500
Train Loss 0.520
Train Loss 0.492
Train Loss 0.490
Train Loss 0.543
Epoch  12 | Time    47 | Train Loss 0.5131 | Test Loss 0.000 | Test Error 11.52
Train Loss 0.045
Train Loss 0.476
Train Loss 0.446
Train Loss 0.518
Train Loss 0.528
Train Loss 0.511
Train Loss 0.483
Train Loss 0.473
Epoch  13 | Time    47 | Train Loss 0.5060 | Test Loss 0.000 | Test Error 11.44
Train Loss 0.028
Train Loss 0.472
Train Loss 0.491
Train Loss 0.484
Train Loss 0.483
Train Loss 0.478
Train Loss 0.498
Train Loss 0.442
Epoch  14 | Time    47 | Train Loss 0.5302 | Test Loss 0.000 | Test Error 11.68
Train Loss 0.048
Train Loss 0.488
Train Loss 0.489
Train Loss 0.443
Train Loss 0.488
Train Loss 0.464
Train Loss 0.475
Train Loss 0.484
Epoch  15 | Time    48 | Train Loss 0.4869 | Test Loss 0.000 | Test Error 11.37
Train Loss 0.048
Train Loss 0.468
Train Loss 0.456
Train Loss 0.460
Train Loss 0.494
Train Loss 0.429
Train Loss 0.491
Train Loss 0.470
Epoch  16 | Time    47 | Train Loss 0.4519 | Test Loss 0.000 | Test Error 11.28
Train Loss 0.050
Train Loss 0.442
Train Loss 0.449
Train Loss 0.428
Train Loss 0.472
Train Loss 0.443
Train Loss 0.459
Train Loss 0.452
Epoch  17 | Time    47 | Train Loss 0.4495 | Test Loss 0.000 | Test Error 10.92
Train Loss 0.046
Train Loss 0.430
Train Loss 0.461
Train Loss 0.427
Train Loss 0.415
Train Loss 0.437
Train Loss 0.456
Train Loss 0.420
Epoch  18 | Time    48 | Train Loss 0.4578 | Test Loss 0.000 | Test Error 11.46
Train Loss 0.049
Train Loss 0.402
Train Loss 0.406
Train Loss 0.425
Train Loss 0.420
Train Loss 0.438
Train Loss 0.438
Train Loss 0.405
Epoch  19 | Time    49 | Train Loss 0.4206 | Test Loss 0.000 | Test Error 10.94
Train Loss 0.046
Train Loss 0.429
Train Loss 0.408
Train Loss 0.409
Train Loss 0.432
Train Loss 0.425
Train Loss 0.419
Train Loss 0.396
Epoch  20 | Time    49 | Train Loss 0.4348 | Test Loss 0.000 | Test Error 10.84
Train Loss 0.036
Train Loss 0.374
Train Loss 0.389
Train Loss 0.390
Train Loss 0.445
Train Loss 0.421
Train Loss 0.407
Train Loss 0.396
Epoch  21 | Time    47 | Train Loss 0.4100 | Test Loss 0.000 | Test Error 10.86
Train Loss 0.038
Train Loss 0.381
Train Loss 0.382
Train Loss 0.397
Train Loss 0.434
Train Loss 0.413
Train Loss 0.430
Train Loss 0.408
Epoch  22 | Time    48 | Train Loss 0.4440 | Test Loss 0.000 | Test Error 11.40
Train Loss 0.033
Train Loss 0.364
Train Loss 0.391
Train Loss 0.339
Train Loss 0.392
Train Loss 0.379
Train Loss 0.372
Train Loss 0.381
Epoch  23 | Time    48 | Train Loss 0.4173 | Test Loss 0.000 | Test Error 10.71
Train Loss 0.041
Train Loss 0.362
Train Loss 0.346
Train Loss 0.366
Train Loss 0.357
Train Loss 0.405
Train Loss 0.387
Train Loss 0.365
Epoch  24 | Time    47 | Train Loss 0.3952 | Test Loss 0.000 | Test Error 10.25
Train Loss 0.034
Train Loss 0.339
Train Loss 0.382
Train Loss 0.377
Train Loss 0.367
Train Loss 0.381
Train Loss 0.392
Train Loss 0.387
Epoch  25 | Time    47 | Train Loss 0.3621 | Test Loss 0.000 | Test Error 10.33
Train Loss 0.028
Train Loss 0.305
Train Loss 0.347
Train Loss 0.385
Train Loss 0.358
Train Loss 0.332
Train Loss 0.368
Train Loss 0.375
Epoch  26 | Time    47 | Train Loss 0.3748 | Test Loss 0.000 | Test Error 10.46
Train Loss 0.032
Train Loss 0.343
Train Loss 0.356
Train Loss 0.351
Train Loss 0.356
Train Loss 0.360
Train Loss 0.363
Train Loss 0.350
Epoch  27 | Time    47 | Train Loss 0.3544 | Test Loss 0.000 | Test Error 10.49
Train Loss 0.025
Train Loss 0.349
Train Loss 0.334
Train Loss 0.363
Train Loss 0.322
Train Loss 0.346
Train Loss 0.342
Train Loss 0.323
Epoch  28 | Time    47 | Train Loss 0.3461 | Test Loss 0.000 | Test Error 9.74
Train Loss 0.019
Train Loss 0.312
Train Loss 0.318
Train Loss 0.353
Train Loss 0.339
Train Loss 0.349
Train Loss 0.343
Train Loss 0.340
Epoch  29 | Time    46 | Train Loss 0.3398 | Test Loss 0.000 | Test Error 10.14
Train Loss 0.034
Train Loss 0.319
Train Loss 0.301
Train Loss 0.289
Train Loss 0.332
Train Loss 0.332
Train Loss 0.323
Train Loss 0.337
Epoch  30 | Time    47 | Train Loss 0.3119 | Test Loss 0.000 | Test Error 10.05
Train Loss 0.034
Train Loss 0.294
Train Loss 0.330
Train Loss 0.327
Train Loss 0.317
Train Loss 0.326
Train Loss 0.313
Train Loss 0.315
Epoch  31 | Time    47 | Train Loss 0.3417 | Test Loss 0.000 | Test Error 10.50
Train Loss 0.047
Train Loss 0.311
Train Loss 0.315
Train Loss 0.287
Train Loss 0.335
Train Loss 0.305
Train Loss 0.289
Train Loss 0.311
Epoch  32 | Time    46 | Train Loss 0.3147 | Test Loss 0.000 | Test Error 10.23
Train Loss 0.030
Train Loss 0.315
Train Loss 0.294
Train Loss 0.293
Train Loss 0.311
Train Loss 0.303
Train Loss 0.336
Train Loss 0.319
Epoch  33 | Time    47 | Train Loss 0.2695 | Test Loss 0.000 | Test Error 9.69
Train Loss 0.029
Train Loss 0.275
Train Loss 0.319
Train Loss 0.315
Train Loss 0.265
Train Loss 0.315
Train Loss 0.291
Train Loss 0.306
Epoch  34 | Time    48 | Train Loss 0.2970 | Test Loss 0.000 | Test Error 10.05
Train Loss 0.031
Train Loss 0.293
Train Loss 0.299
Train Loss 0.293
Train Loss 0.295
Train Loss 0.296
Train Loss 0.279
Train Loss 0.300
Epoch  35 | Time    47 | Train Loss 0.3069 | Test Loss 0.000 | Test Error 10.06
Train Loss 0.032
Train Loss 0.272
Train Loss 0.289
Train Loss 0.310
Train Loss 0.285
Train Loss 0.295
Train Loss 0.338
Train Loss 0.283
Epoch  36 | Time    47 | Train Loss 0.2960 | Test Loss 0.000 | Test Error 10.23
Train Loss 0.012
Train Loss 0.253
Train Loss 0.272
Train Loss 0.276
Train Loss 0.260
Train Loss 0.296
Train Loss 0.273
Train Loss 0.321
Epoch  37 | Time    47 | Train Loss 0.2741 | Test Loss 0.000 | Test Error 9.68
Train Loss 0.021
Train Loss 0.256
Train Loss 0.269
Train Loss 0.271
Train Loss 0.273
Train Loss 0.255
Train Loss 0.239
Train Loss 0.285
Epoch  38 | Time    46 | Train Loss 0.2419 | Test Loss 0.000 | Test Error 10.23
Train Loss 0.019
Train Loss 0.252
Train Loss 0.256
Train Loss 0.274
Train Loss 0.275
Train Loss 0.266
Train Loss 0.267
Train Loss 0.273
Epoch  39 | Time    48 | Train Loss 0.2548 | Test Loss 0.000 | Test Error 9.75
Train Loss 0.031
Train Loss 0.266
Train Loss 0.237
Train Loss 0.261
Train Loss 0.244
Train Loss 0.262
Train Loss 0.274
Train Loss 0.254
Epoch  40 | Time    47 | Train Loss 0.2737 | Test Loss 0.000 | Test Error 10.42
Train Loss 0.021
Train Loss 0.266
Train Loss 0.252
Train Loss 0.238
Train Loss 0.240
Train Loss 0.256
Train Loss 0.272
Train Loss 0.254
Epoch  41 | Time    47 | Train Loss 0.2584 | Test Loss 0.000 | Test Error 9.59
Train Loss 0.015
Train Loss 0.277
Train Loss 0.244
Train Loss 0.247
Train Loss 0.236
Train Loss 0.252
Train Loss 0.214
Train Loss 0.282
Epoch  42 | Time    46 | Train Loss 0.2604 | Test Loss 0.000 | Test Error 9.97
Train Loss 0.028
Train Loss 0.225
Train Loss 0.253
Train Loss 0.227
Train Loss 0.260
Train Loss 0.263
Train Loss 0.216
Train Loss 0.239
Epoch  43 | Time    48 | Train Loss 0.2241 | Test Loss 0.000 | Test Error 9.78
Train Loss 0.019
Train Loss 0.229
Train Loss 0.228
Train Loss 0.236
Train Loss 0.225
Train Loss 0.244
Train Loss 0.237
Train Loss 0.254
Epoch  44 | Time    48 | Train Loss 0.2348 | Test Loss 0.000 | Test Error 9.80
Train Loss 0.021
Train Loss 0.222
Train Loss 0.197
Train Loss 0.246
Train Loss 0.242
Train Loss 0.238
Train Loss 0.234
Train Loss 0.233
Epoch  45 | Time    46 | Train Loss 0.2214 | Test Loss 0.000 | Test Error 10.35
Train Loss 0.031
Train Loss 0.213
Train Loss 0.212
Train Loss 0.234
Train Loss 0.198
Train Loss 0.239
Train Loss 0.216
Train Loss 0.234
Epoch  46 | Time    48 | Train Loss 0.2179 | Test Loss 0.000 | Test Error 9.70
Train Loss 0.021
Train Loss 0.203
Train Loss 0.208
Train Loss 0.239
Train Loss 0.205
Train Loss 0.193
Train Loss 0.222
Train Loss 0.179
Epoch  47 | Time    48 | Train Loss 0.2406 | Test Loss 0.000 | Test Error 10.20
Train Loss 0.017
Train Loss 0.188
Train Loss 0.199
Train Loss 0.220
Train Loss 0.229
Train Loss 0.190
Train Loss 0.215
Train Loss 0.201
Epoch  48 | Time    47 | Train Loss 0.1878 | Test Loss 0.000 | Test Error 10.23
Train Loss 0.027
Train Loss 0.201
Train Loss 0.192
Train Loss 0.194
Train Loss 0.223
Train Loss 0.213
Train Loss 0.191
Train Loss 0.192
Epoch  49 | Time    47 | Train Loss 0.2187 | Test Loss 0.000 | Test Error 9.54
Train Loss 0.014
Train Loss 0.198
Train Loss 0.222
Train Loss 0.182
Train Loss 0.201
Train Loss 0.192
Train Loss 0.208
Train Loss 0.188
Epoch  50 | Time    48 | Train Loss 0.1800 | Test Loss 0.000 | Test Error 9.51
Train Loss 0.026
Train Loss 0.173
Train Loss 0.168
Train Loss 0.189
Train Loss 0.182
Train Loss 0.193
Train Loss 0.197
Train Loss 0.175
Epoch  51 | Time    48 | Train Loss 0.2128 | Test Loss 0.000 | Test Error 9.77
Train Loss 0.014
Train Loss 0.214
Train Loss 0.196
Train Loss 0.191
Train Loss 0.178
Train Loss 0.189
Train Loss 0.198
Train Loss 0.179
Epoch  52 | Time    47 | Train Loss 0.1766 | Test Loss 0.000 | Test Error 10.20
Train Loss 0.018
Train Loss 0.182
Train Loss 0.201
Train Loss 0.198
Train Loss 0.185
Train Loss 0.191
Train Loss 0.190
Train Loss 0.158
Epoch  53 | Time    47 | Train Loss 0.1774 | Test Loss 0.000 | Test Error 9.27
Train Loss 0.024
Train Loss 0.172
Train Loss 0.180
Train Loss 0.176
Train Loss 0.164
Train Loss 0.190
Train Loss 0.165
Train Loss 0.173
Epoch  54 | Time    47 | Train Loss 0.1546 | Test Loss 0.000 | Test Error 9.84
Train Loss 0.016
Train Loss 0.174
Train Loss 0.162
Train Loss 0.189
Train Loss 0.165
Train Loss 0.178
Train Loss 0.218
Train Loss 0.167
Epoch  55 | Time    48 | Train Loss 0.1582 | Test Loss 0.000 | Test Error 9.71
Train Loss 0.021
Train Loss 0.162
Train Loss 0.152
Train Loss 0.166
Train Loss 0.187
Train Loss 0.162
Train Loss 0.172
Train Loss 0.171
Epoch  56 | Time    47 | Train Loss 0.1729 | Test Loss 0.000 | Test Error 9.50
Train Loss 0.017
Train Loss 0.170
Train Loss 0.130
Train Loss 0.143
Train Loss 0.151
Train Loss 0.154
Train Loss 0.162
Train Loss 0.196
Epoch  57 | Time    46 | Train Loss 0.1544 | Test Loss 0.000 | Test Error 9.55
Train Loss 0.021
Train Loss 0.142
Train Loss 0.159
Train Loss 0.180
Train Loss 0.159
Train Loss 0.142
Train Loss 0.139
Train Loss 0.168
Epoch  58 | Time    47 | Train Loss 0.1140 | Test Loss 0.000 | Test Error 9.38
Train Loss 0.023
Train Loss 0.157
Train Loss 0.163
Train Loss 0.140
Train Loss 0.182
Train Loss 0.167
Train Loss 0.125
Train Loss 0.134
Epoch  59 | Time    47 | Train Loss 0.1545 | Test Loss 0.000 | Test Error 9.62
Train Loss 0.010
Train Loss 0.138
Train Loss 0.142
Train Loss 0.153
Train Loss 0.153
Train Loss 0.142
Train Loss 0.164
Train Loss 0.136
Epoch  60 | Time    47 | Train Loss 0.1464 | Test Loss 0.000 | Test Error 9.22
Train Loss 0.014
Train Loss 0.133
Train Loss 0.132
Train Loss 0.129
Train Loss 0.143
Train Loss 0.132
Train Loss 0.134
Train Loss 0.110
Epoch  61 | Time    48 | Train Loss 0.1333 | Test Loss 0.000 | Test Error 9.50
Train Loss 0.014
Train Loss 0.154
Train Loss 0.144
Train Loss 0.132
Train Loss 0.149
Train Loss 0.167
Train Loss 0.126
Train Loss 0.128
Epoch  62 | Time    47 | Train Loss 0.1578 | Test Loss 0.000 | Test Error 9.87
Train Loss 0.004
Train Loss 0.162
Train Loss 0.112
Train Loss 0.123
Train Loss 0.132
Train Loss 0.121
Train Loss 0.155
Train Loss 0.123
Epoch  63 | Time    47 | Train Loss 0.1653 | Test Loss 0.000 | Test Error 9.66
Train Loss 0.014
Train Loss 0.119
Train Loss 0.135
Train Loss 0.141
Train Loss 0.145
Train Loss 0.122
Train Loss 0.151
Train Loss 0.121
Epoch  64 | Time    47 | Train Loss 0.1268 | Test Loss 0.000 | Test Error 9.52
Train Loss 0.025
Train Loss 0.142
Train Loss 0.109
Train Loss 0.133
Train Loss 0.119
Train Loss 0.130
Train Loss 0.115
Train Loss 0.118
Epoch  65 | Time    47 | Train Loss 0.1296 | Test Loss 0.000 | Test Error 9.54
Train Loss 0.013
Train Loss 0.098
Train Loss 0.116
Train Loss 0.122
Train Loss 0.102
Train Loss 0.120
Train Loss 0.133
Train Loss 0.119
Epoch  66 | Time    47 | Train Loss 0.1533 | Test Loss 0.000 | Test Error 9.66
Train Loss 0.018
Train Loss 0.139
Train Loss 0.118
Train Loss 0.106
Train Loss 0.118
Train Loss 0.097
Train Loss 0.143
Train Loss 0.112
Epoch  67 | Time    46 | Train Loss 0.1123 | Test Loss 0.000 | Test Error 9.31
Train Loss 0.007
Train Loss 0.113
Train Loss 0.090
Train Loss 0.107
Train Loss 0.110
Train Loss 0.139
Train Loss 0.128
Train Loss 0.099
Epoch  68 | Time    47 | Train Loss 0.1175 | Test Loss 0.000 | Test Error 9.73
Train Loss 0.008
Train Loss 0.115
Train Loss 0.136
Train Loss 0.129
Train Loss 0.104
Train Loss 0.105
Train Loss 0.107
Train Loss 0.120
Epoch  69 | Time    47 | Train Loss 0.1173 | Test Loss 0.000 | Test Error 9.66
Train Loss 0.026
Train Loss 0.107
Train Loss 0.103
Train Loss 0.078
Train Loss 0.096
Train Loss 0.108
Train Loss 0.095
Train Loss 0.107
Epoch  70 | Time    47 | Train Loss 0.1140 | Test Loss 0.000 | Test Error 9.18
Train Loss 0.014
Train Loss 0.089
Train Loss 0.108
Train Loss 0.102
Train Loss 0.080
Train Loss 0.090
Train Loss 0.102
Train Loss 0.092
Epoch  71 | Time    47 | Train Loss 0.1099 | Test Loss 0.000 | Test Error 9.13
Train Loss 0.007
Train Loss 0.104
Train Loss 0.094
Train Loss 0.115
Train Loss 0.079
Train Loss 0.090
Train Loss 0.098
Train Loss 0.093
Epoch  72 | Time    47 | Train Loss 0.0931 | Test Loss 0.000 | Test Error 9.51
Train Loss 0.003
Train Loss 0.100
Train Loss 0.073
Train Loss 0.087
Train Loss 0.077
Train Loss 0.079
Train Loss 0.109
Train Loss 0.096
Epoch  73 | Time    48 | Train Loss 0.0888 | Test Loss 0.000 | Test Error 9.33
Train Loss 0.006
Train Loss 0.080
Train Loss 0.087
Train Loss 0.091
Train Loss 0.083
Train Loss 0.100
Train Loss 0.099
Train Loss 0.073
Epoch  74 | Time    48 | Train Loss 0.1021 | Test Loss 0.000 | Test Error 9.05
Train Loss 0.016
Train Loss 0.072
Train Loss 0.103
Train Loss 0.095
Train Loss 0.086
Train Loss 0.080
Train Loss 0.090
Train Loss 0.084
Epoch  75 | Time    48 | Train Loss 0.0776 | Test Loss 0.000 | Test Error 9.10
Train Loss 0.010
Train Loss 0.074
Train Loss 0.082
Train Loss 0.082
Train Loss 0.097
Train Loss 0.086
Train Loss 0.085
Train Loss 0.080
Epoch  76 | Time    49 | Train Loss 0.1076 | Test Loss 0.000 | Test Error 9.03
Train Loss 0.008
Train Loss 0.075
Train Loss 0.102
Train Loss 0.067
Train Loss 0.069
Train Loss 0.092
Train Loss 0.062
Train Loss 0.097
Epoch  77 | Time    48 | Train Loss 0.0729 | Test Loss 0.000 | Test Error 9.03
Train Loss 0.001
Train Loss 0.068
Train Loss 0.067
Train Loss 0.065
Train Loss 0.079
Train Loss 0.067
Train Loss 0.077
Train Loss 0.060
Epoch  78 | Time    48 | Train Loss 0.0603 | Test Loss 0.000 | Test Error 8.87
Train Loss 0.001
Train Loss 0.072
Train Loss 0.057
Train Loss 0.055
Train Loss 0.078
Train Loss 0.068
Train Loss 0.078
Train Loss 0.068
Epoch  79 | Time    48 | Train Loss 0.0472 | Test Loss 0.000 | Test Error 9.09
Train Loss 0.009
Train Loss 0.095
Train Loss 0.066
Train Loss 0.065
Train Loss 0.057
Train Loss 0.046
Train Loss 0.077
Train Loss 0.065
Epoch  80 | Time    48 | Train Loss 0.0804 | Test Loss 0.000 | Test Error 9.19
Train Loss 0.010
Train Loss 0.060
Train Loss 0.051
Train Loss 0.048
Train Loss 0.091
Train Loss 0.054
Train Loss 0.048
Train Loss 0.060
Epoch  81 | Time    47 | Train Loss 0.0899 | Test Loss 0.000 | Test Error 9.08
Train Loss 0.008
Train Loss 0.055
Train Loss 0.055
Train Loss 0.061
Train Loss 0.062
Train Loss 0.056
Train Loss 0.057
Train Loss 0.063
Epoch  82 | Time    47 | Train Loss 0.0521 | Test Loss 0.000 | Test Error 8.97
Train Loss 0.016
Train Loss 0.061
Train Loss 0.073
Train Loss 0.071
Train Loss 0.058
Train Loss 0.062
Train Loss 0.068
Train Loss 0.075
Epoch  83 | Time    47 | Train Loss 0.0593 | Test Loss 0.000 | Test Error 8.88
Train Loss 0.001
Train Loss 0.071
Train Loss 0.053
Train Loss 0.045
Train Loss 0.042
Train Loss 0.045
Train Loss 0.056
Train Loss 0.073
Epoch  84 | Time    47 | Train Loss 0.0462 | Test Loss 0.000 | Test Error 8.89
Train Loss 0.009
Train Loss 0.056
Train Loss 0.066
Train Loss 0.066
Train Loss 0.080
Train Loss 0.044
Train Loss 0.052
Train Loss 0.050
Epoch  85 | Time    48 | Train Loss 0.0570 | Test Loss 0.001 | Test Error 8.74
Train Loss 0.008
Train Loss 0.054
Train Loss 0.080
Train Loss 0.069
Train Loss 0.054
Train Loss 0.053
Train Loss 0.056
Train Loss 0.069
Epoch  86 | Time    48 | Train Loss 0.0497 | Test Loss 0.001 | Test Error 8.80
Train Loss 0.009
Train Loss 0.053
Train Loss 0.065
Train Loss 0.043
Train Loss 0.071
Train Loss 0.063
Train Loss 0.040
Train Loss 0.061
Epoch  87 | Time    47 | Train Loss 0.0701 | Test Loss 0.001 | Test Error 8.83
Train Loss 0.001
Train Loss 0.058
Train Loss 0.043
Train Loss 0.063
Train Loss 0.053
Train Loss 0.063
Train Loss 0.060
Train Loss 0.051
Epoch  88 | Time    48 | Train Loss 0.0667 | Test Loss 0.001 | Test Error 8.98
Train Loss 0.005
Train Loss 0.032
Train Loss 0.069
Train Loss 0.066
Train Loss 0.066
Train Loss 0.061
Train Loss 0.044
Train Loss 0.065
Epoch  89 | Time    48 | Train Loss 0.0344 | Test Loss 0.001 | Test Error 8.95
Train Loss 0.005
Train Loss 0.067
Train Loss 0.046
Train Loss 0.047
Train Loss 0.049
Train Loss 0.055
Train Loss 0.055
Train Loss 0.049
Epoch  90 | Time    47 | Train Loss 0.0499 | Test Loss 0.001 | Test Error 8.75
Train Loss 0.000
Train Loss 0.068
Train Loss 0.050
Train Loss 0.060
Train Loss 0.049
Train Loss 0.054
Train Loss 0.059
Train Loss 0.036
Epoch  91 | Time    46 | Train Loss 0.0557 | Test Loss 0.001 | Test Error 8.79
Train Loss 0.000
Train Loss 0.065
Train Loss 0.069
Train Loss 0.061
Train Loss 0.050
Train Loss 0.049
Train Loss 0.045
Train Loss 0.044
Epoch  92 | Time    48 | Train Loss 0.0410 | Test Loss 0.001 | Test Error 8.72
Train Loss 0.002
Train Loss 0.064
Train Loss 0.042
Train Loss 0.053
Train Loss 0.026
Train Loss 0.041
Train Loss 0.035
Train Loss 0.049
Epoch  93 | Time    47 | Train Loss 0.0417 | Test Loss 0.001 | Test Error 8.82
Train Loss 0.010
Train Loss 0.049
Train Loss 0.045
Train Loss 0.056
Train Loss 0.063
Train Loss 0.051
Train Loss 0.062
Train Loss 0.048
Epoch  94 | Time    46 | Train Loss 0.0444 | Test Loss 0.001 | Test Error 8.76
Train Loss 0.007
Train Loss 0.057
Train Loss 0.057
Train Loss 0.036
Train Loss 0.047
Train Loss 0.042
Train Loss 0.033
Train Loss 0.048
Epoch  95 | Time    47 | Train Loss 0.0397 | Test Loss 0.001 | Test Error 8.76
Train Loss 0.006
Train Loss 0.055
Train Loss 0.053
Train Loss 0.058
Train Loss 0.042
Train Loss 0.024
Train Loss 0.029
Train Loss 0.044
Epoch  96 | Time    47 | Train Loss 0.0561 | Test Loss 0.001 | Test Error 8.78
Train Loss 0.018
Train Loss 0.029
Train Loss 0.046
Train Loss 0.041
Train Loss 0.038
Train Loss 0.048
Train Loss 0.040
Train Loss 0.049
Epoch  97 | Time    47 | Train Loss 0.0330 | Test Loss 0.001 | Test Error 8.77
Train Loss 0.000
Train Loss 0.043
Train Loss 0.041
Train Loss 0.053
Train Loss 0.061
Train Loss 0.022
Train Loss 0.056
Train Loss 0.046
Epoch  98 | Time    46 | Train Loss 0.0402 | Test Loss 0.001 | Test Error 8.78
Train Loss 0.001
Train Loss 0.039
Train Loss 0.056
Train Loss 0.047
Train Loss 0.048
Train Loss 0.059
Train Loss 0.040
Train Loss 0.050
Epoch  99 | Time    48 | Train Loss 0.0433 | Test Loss 0.001 | Test Error 8.77
Train Loss 0.006
Train Loss 0.043
Train Loss 0.057
Train Loss 0.034
Train Loss 0.067
Train Loss 0.072
Train Loss 0.062
Train Loss 0.051
Epoch 100 | Time    48 | Train Loss 0.0513 | Test Loss 0.001 | Test Error 8.77
gaussian_noise
	Test Loss 0.002 | Test Error 19.796
shot_noise
	Test Loss 0.001 | Test Error 16.296
impulse_noise
	Test Loss 0.002 | Test Error 22.994
defocus_blur
	Test Loss 0.001 | Test Error 10.412
glass_blur
	Test Loss 0.002 | Test Error 22.524
motion_blur
	Test Loss 0.001 | Test Error 12.844
zoom_blur
	Test Loss 0.001 | Test Error 11.496
snow
	Test Loss 0.001 | Test Error 15.120
frost
	Test Loss 0.001 | Test Error 15.210
fog
	Test Loss 0.001 | Test Error 15.322
brightness
	Test Loss 0.001 | Test Error 10.082
contrast
	Test Loss 0.001 | Test Error 18.704
elastic_transform
	Test Loss 0.001 | Test Error 12.838
pixelate
	Test Loss 0.001 | Test Error 12.164
jpeg_compression
	Test Loss 0.001 | Test Error 13.130
Mean Corruption Error: 15.262

gaussian_noise Flipping Prob
0.02685333333333336

shot_noise Flipping Prob
0.035210000000000075

motion_blur Flipping Prob
0.029104999999999707

zoom_blur Flipping Prob
0.0022800000000000047

spatter Flipping Prob
0.017343333333333134

brightness Flipping Prob
0.006540000000000129

translate Flipping Prob
0.03873333333333315

rotate Flipping Prob
0.01884666666666657

tilt Flipping Prob
0.00786666666666673

scale Flipping Prob
0.029416666666666775
[0.02685333333333336, 0.035210000000000075, 0.029104999999999707, 0.0022800000000000047, 0.017343333333333134, 0.006540000000000129, 0.03873333333333315, 0.01884666666666657, 0.00786666666666673, 0.029416666666666775]

Mean Flipping Prob	0.02122
