/home/g051463/.conda/envs/env_am/lib/python3.10/site-packages/torchvision/models/_utils.py:208: UserWarning: The parameter 'pretrained' is deprecated since 0.13 and will be removed in 0.15, please use 'weights' instead.
  warnings.warn(
/home/g051463/.conda/envs/env_am/lib/python3.10/site-packages/torchvision/models/_utils.py:223: UserWarning: Arguments other than a weight enum or `None` for 'weights' are deprecated since 0.13 and will be removed in 0.15. The current behavior is equivalent to passing `weights=None`.
  warnings.warn(msg)
Files already downloaded and verified
Files already downloaded and verified
Beginning training from epoch: 1
Train Loss 0.236
Train Loss 11.886
Train Loss 2.385
Train Loss 2.259
Train Loss 2.229
Train Loss 2.208
Train Loss 2.213
Train Loss 2.198
Epoch   1 | Time    45 | Train Loss 2.1888 | Test Loss 0.002 | Test Error 78.75
Train Loss 0.216
Train Loss 2.153
Train Loss 2.177
Train Loss 2.172
Train Loss 2.146
Train Loss 2.132
Train Loss 2.125
Train Loss 2.110
Epoch   2 | Time    46 | Train Loss 2.1295 | Test Loss 0.002 | Test Error 77.87
Train Loss 0.213
Train Loss 2.084
Train Loss 2.111
Train Loss 2.109
Train Loss 2.123
Train Loss 2.106
Train Loss 2.105
Train Loss 2.063
Epoch   3 | Time    45 | Train Loss 2.0668 | Test Loss 0.002 | Test Error 73.73
Train Loss 0.214
Train Loss 2.052
Train Loss 2.052
Train Loss 2.051
Train Loss 2.024
Train Loss 2.036
Train Loss 2.030
Train Loss 2.015
Epoch   4 | Time    45 | Train Loss 2.0076 | Test Loss 0.002 | Test Error 73.25
Train Loss 0.206
Train Loss 1.991
Train Loss 2.001
Train Loss 2.006
Train Loss 2.004
Train Loss 1.992
Train Loss 1.971
Train Loss 1.973
Epoch   5 | Time    46 | Train Loss 1.9626 | Test Loss 0.002 | Test Error 73.38
Train Loss 0.195
Train Loss 1.949
Train Loss 1.925
Train Loss 1.960
Train Loss 1.942
Train Loss 1.941
Train Loss 1.922
Train Loss 1.899
Epoch   6 | Time    46 | Train Loss 1.9279 | Test Loss 0.002 | Test Error 64.26
Train Loss 0.181
Train Loss 1.936
Train Loss 1.880
Train Loss 1.882
Train Loss 1.894
Train Loss 1.883
Train Loss 1.865
Train Loss 1.875
Epoch   7 | Time    46 | Train Loss 1.8840 | Test Loss 0.002 | Test Error 62.97
Train Loss 0.187
Train Loss 1.849
Train Loss 1.885
Train Loss 1.857
Train Loss 1.858
Train Loss 1.842
Train Loss 1.851
Train Loss 1.850
Epoch   8 | Time    46 | Train Loss 1.8180 | Test Loss 0.002 | Test Error 61.26
Train Loss 0.197
Train Loss 1.778
Train Loss 1.818
Train Loss 1.815
Train Loss 1.813
Train Loss 1.769
Train Loss 1.811
Train Loss 1.792
Epoch   9 | Time    46 | Train Loss 1.7828 | Test Loss 0.002 | Test Error 56.76
Train Loss 0.178
Train Loss 1.784
Train Loss 1.779
Train Loss 1.789
Train Loss 1.754
Train Loss 1.781
Train Loss 1.800
Train Loss 1.733
Epoch  10 | Time    46 | Train Loss 1.7787 | Test Loss 0.002 | Test Error 55.93
Train Loss 0.192
Train Loss 1.759
Train Loss 1.779
Train Loss 1.763
Train Loss 1.748
Train Loss 1.756
Train Loss 1.752
Train Loss 1.752
Epoch  11 | Time    46 | Train Loss 1.7305 | Test Loss 0.002 | Test Error 56.42
Train Loss 0.175
Train Loss 1.755
Train Loss 1.764
Train Loss 1.717
Train Loss 1.755
Train Loss 1.739
Train Loss 1.693
Train Loss 1.740
Epoch  12 | Time    46 | Train Loss 1.7141 | Test Loss 0.001 | Test Error 52.89
Train Loss 0.166
Train Loss 1.701
Train Loss 1.682
Train Loss 1.751
Train Loss 1.738
Train Loss 1.714
Train Loss 1.716
Train Loss 1.710
Epoch  13 | Time    45 | Train Loss 1.7482 | Test Loss 0.002 | Test Error 53.54
Train Loss 0.168
Train Loss 1.669
Train Loss 1.719
Train Loss 1.693
Train Loss 1.716
Train Loss 1.704
Train Loss 1.729
Train Loss 1.729
Epoch  14 | Time    46 | Train Loss 1.7461 | Test Loss 0.002 | Test Error 53.91
Train Loss 0.178
Train Loss 1.711
Train Loss 1.718
Train Loss 1.665
Train Loss 1.713
Train Loss 1.676
Train Loss 1.705
Train Loss 1.699
Epoch  15 | Time    46 | Train Loss 1.6873 | Test Loss 0.001 | Test Error 51.95
Train Loss 0.163
Train Loss 1.701
Train Loss 1.680
Train Loss 1.697
Train Loss 1.686
Train Loss 1.643
Train Loss 1.670
Train Loss 1.681
Epoch  16 | Time    46 | Train Loss 1.6485 | Test Loss 0.001 | Test Error 52.53
Train Loss 0.159
Train Loss 1.668
Train Loss 1.661
Train Loss 1.663
Train Loss 1.688
Train Loss 1.689
Train Loss 1.673
Train Loss 1.662
Epoch  17 | Time    46 | Train Loss 1.6797 | Test Loss 0.001 | Test Error 53.37
Train Loss 0.169
Train Loss 1.660
Train Loss 1.677
Train Loss 1.634
Train Loss 1.648
Train Loss 1.662
Train Loss 1.658
Train Loss 1.656
Epoch  18 | Time    46 | Train Loss 1.6520 | Test Loss 0.001 | Test Error 50.13
Train Loss 0.167
Train Loss 1.651
Train Loss 1.654
Train Loss 1.662
Train Loss 1.668
Train Loss 1.719
Train Loss 1.678
Train Loss 1.639
Epoch  19 | Time    47 | Train Loss 1.6520 | Test Loss 0.001 | Test Error 51.80
Train Loss 0.165
Train Loss 1.658
Train Loss 1.651
Train Loss 1.654
Train Loss 1.650
Train Loss 1.640
Train Loss 1.602
Train Loss 1.637
Epoch  20 | Time    46 | Train Loss 1.6590 | Test Loss 0.001 | Test Error 52.09
Train Loss 0.161
Train Loss 1.624
Train Loss 1.636
Train Loss 1.661
Train Loss 1.650
Train Loss 1.640
Train Loss 1.628
Train Loss 1.632
Epoch  21 | Time    46 | Train Loss 1.6286 | Test Loss 0.001 | Test Error 50.71
Train Loss 0.163
Train Loss 1.602
Train Loss 1.613
Train Loss 1.627
Train Loss 1.663
Train Loss 1.639
Train Loss 1.620
Train Loss 1.623
Epoch  22 | Time    46 | Train Loss 1.6411 | Test Loss 0.001 | Test Error 48.50
Train Loss 0.151
Train Loss 1.601
Train Loss 1.646
Train Loss 1.599
Train Loss 1.631
Train Loss 1.606
Train Loss 1.628
Train Loss 1.642
Epoch  23 | Time    46 | Train Loss 1.6246 | Test Loss 0.001 | Test Error 49.27
Train Loss 0.163
Train Loss 1.600
Train Loss 1.597
Train Loss 1.573
Train Loss 1.602
Train Loss 1.622
Train Loss 1.598
Train Loss 1.592
Epoch  24 | Time    46 | Train Loss 1.6098 | Test Loss 0.001 | Test Error 48.48
Train Loss 0.159
Train Loss 1.603
Train Loss 1.613
Train Loss 1.602
Train Loss 1.620
Train Loss 1.578
Train Loss 1.617
Train Loss 1.599
Epoch  25 | Time    46 | Train Loss 1.6251 | Test Loss 0.001 | Test Error 49.03
Train Loss 0.153
Train Loss 1.577
Train Loss 1.643
Train Loss 1.605
Train Loss 1.608
Train Loss 1.613
Train Loss 1.590
Train Loss 1.622
Epoch  26 | Time    46 | Train Loss 1.6035 | Test Loss 0.001 | Test Error 48.74
Train Loss 0.161
Train Loss 1.578
Train Loss 1.585
Train Loss 1.604
Train Loss 1.635
Train Loss 1.564
Train Loss 1.623
Train Loss 1.576
Epoch  27 | Time    46 | Train Loss 1.5843 | Test Loss 0.001 | Test Error 49.64
Train Loss 0.151
Train Loss 1.608
Train Loss 1.587
Train Loss 1.617
Train Loss 1.616
Train Loss 1.604
Train Loss 1.584
Train Loss 1.568
Epoch  28 | Time    45 | Train Loss 1.6064 | Test Loss 0.001 | Test Error 49.63
Train Loss 0.152
Train Loss 1.609
Train Loss 1.594
Train Loss 1.590
Train Loss 1.606
Train Loss 1.607
Train Loss 1.604
Train Loss 1.593
Epoch  29 | Time    46 | Train Loss 1.6069 | Test Loss 0.001 | Test Error 49.14
Train Loss 0.157
Train Loss 1.585
Train Loss 1.602
Train Loss 1.579
Train Loss 1.597
Train Loss 1.566
Train Loss 1.572
Train Loss 1.582
Epoch  30 | Time    46 | Train Loss 1.5807 | Test Loss 0.001 | Test Error 48.55
Train Loss 0.162
Train Loss 1.565
Train Loss 1.601
Train Loss 1.586
Train Loss 1.591
Train Loss 1.624
Train Loss 1.602
Train Loss 1.585
Epoch  31 | Time    47 | Train Loss 1.6037 | Test Loss 0.001 | Test Error 47.04
Train Loss 0.165
Train Loss 1.582
Train Loss 1.599
Train Loss 1.579
Train Loss 1.601
Train Loss 1.591
Train Loss 1.608
Train Loss 1.588
Epoch  32 | Time    46 | Train Loss 1.5726 | Test Loss 0.001 | Test Error 46.62
Train Loss 0.146
Train Loss 1.572
Train Loss 1.590
Train Loss 1.558
Train Loss 1.605
Train Loss 1.603
Train Loss 1.582
Train Loss 1.579
Epoch  33 | Time    46 | Train Loss 1.5709 | Test Loss 0.001 | Test Error 46.77
Train Loss 0.164
Train Loss 1.532
Train Loss 1.581
Train Loss 1.569
Train Loss 1.577
Train Loss 1.586
Train Loss 1.592
Train Loss 1.583
Epoch  34 | Time    47 | Train Loss 1.5640 | Test Loss 0.001 | Test Error 46.65
Train Loss 0.159
Train Loss 1.579
Train Loss 1.588
Train Loss 1.587
Train Loss 1.568
Train Loss 1.564
Train Loss 1.556
Train Loss 1.583
Epoch  35 | Time    46 | Train Loss 1.5561 | Test Loss 0.001 | Test Error 46.93
Train Loss 0.162
Train Loss 1.541
Train Loss 1.568
Train Loss 1.582
Train Loss 1.553
Train Loss 1.607
Train Loss 1.589
Train Loss 1.569
Epoch  36 | Time    46 | Train Loss 1.5633 | Test Loss 0.001 | Test Error 45.52
Train Loss 0.156
Train Loss 1.539
Train Loss 1.582
Train Loss 1.579
Train Loss 1.539
Train Loss 1.556
Train Loss 1.552
Train Loss 1.590
Epoch  37 | Time    47 | Train Loss 1.5715 | Test Loss 0.001 | Test Error 47.15
Train Loss 0.171
Train Loss 1.568
Train Loss 1.608
Train Loss 1.561
Train Loss 1.539
Train Loss 1.574
Train Loss 1.556
Train Loss 1.571
Epoch  38 | Time    45 | Train Loss 1.5750 | Test Loss 0.001 | Test Error 47.37
Train Loss 0.148
Train Loss 1.584
Train Loss 1.572
Train Loss 1.558
Train Loss 1.561
Train Loss 1.578
Train Loss 1.576
Train Loss 1.565
Epoch  39 | Time    46 | Train Loss 1.5718 | Test Loss 0.001 | Test Error 45.96
Train Loss 0.157
Train Loss 1.539
Train Loss 1.568
Train Loss 1.568
Train Loss 1.556
Train Loss 1.574
Train Loss 1.566
Train Loss 1.541
Epoch  40 | Time    47 | Train Loss 1.5341 | Test Loss 0.001 | Test Error 47.10
Train Loss 0.152
Train Loss 1.542
Train Loss 1.532
Train Loss 1.579
Train Loss 1.550
Train Loss 1.558
Train Loss 1.547
Train Loss 1.541
Epoch  41 | Time    47 | Train Loss 1.5636 | Test Loss 0.001 | Test Error 45.79
Train Loss 0.153
Train Loss 1.534
Train Loss 1.545
Train Loss 1.549
Train Loss 1.572
Train Loss 1.557
Train Loss 1.576
Train Loss 1.573
Epoch  42 | Time    47 | Train Loss 1.5678 | Test Loss 0.001 | Test Error 47.03
Train Loss 0.158
Train Loss 1.564
Train Loss 1.534
Train Loss 1.538
Train Loss 1.541
Train Loss 1.542
Train Loss 1.539
Train Loss 1.563
Epoch  43 | Time    47 | Train Loss 1.5339 | Test Loss 0.001 | Test Error 46.48
Train Loss 0.146
Train Loss 1.581
Train Loss 1.531
Train Loss 1.538
Train Loss 1.563
Train Loss 1.545
Train Loss 1.548
Train Loss 1.562
Epoch  44 | Time    47 | Train Loss 1.5445 | Test Loss 0.001 | Test Error 45.88
Train Loss 0.158
Train Loss 1.551
Train Loss 1.567
Train Loss 1.577
Train Loss 1.570
Train Loss 1.537
Train Loss 1.555
Train Loss 1.558
Epoch  45 | Time    46 | Train Loss 1.5134 | Test Loss 0.001 | Test Error 48.13
Train Loss 0.171
Train Loss 1.533
Train Loss 1.544
Train Loss 1.558
Train Loss 1.528
Train Loss 1.538
Train Loss 1.558
Train Loss 1.502
Epoch  46 | Time    46 | Train Loss 1.5233 | Test Loss 0.001 | Test Error 46.16
Train Loss 0.162
Train Loss 1.521
Train Loss 1.552
Train Loss 1.556
Train Loss 1.552
Train Loss 1.540
Train Loss 1.527
Train Loss 1.524
Epoch  47 | Time    46 | Train Loss 1.5066 | Test Loss 0.001 | Test Error 47.27
Train Loss 0.161
Train Loss 1.517
Train Loss 1.514
Train Loss 1.569
Train Loss 1.527
Train Loss 1.535
Train Loss 1.502
Train Loss 1.549
Epoch  48 | Time    47 | Train Loss 1.5338 | Test Loss 0.001 | Test Error 44.98
Train Loss 0.154
Train Loss 1.530
Train Loss 1.519
Train Loss 1.531
Train Loss 1.520
Train Loss 1.545
Train Loss 1.538
Train Loss 1.515
Epoch  49 | Time    47 | Train Loss 1.5143 | Test Loss 0.001 | Test Error 46.08
Train Loss 0.157
Train Loss 1.514
Train Loss 1.553
Train Loss 1.533
Train Loss 1.560
Train Loss 1.504
Train Loss 1.535
Train Loss 1.519
Epoch  50 | Time    47 | Train Loss 1.5155 | Test Loss 0.001 | Test Error 45.29
Train Loss 0.155
Train Loss 1.526
Train Loss 1.550
Train Loss 1.541
Train Loss 1.489
Train Loss 1.521
Train Loss 1.509
Train Loss 1.524
Epoch  51 | Time    46 | Train Loss 1.5309 | Test Loss 0.001 | Test Error 45.61
Train Loss 0.152
Train Loss 1.510
Train Loss 1.520
Train Loss 1.514
Train Loss 1.548
Train Loss 1.516
Train Loss 1.518
Train Loss 1.502
Epoch  52 | Time    45 | Train Loss 1.5388 | Test Loss 0.001 | Test Error 44.86
Train Loss 0.145
Train Loss 1.504
Train Loss 1.495
Train Loss 1.539
Train Loss 1.517
Train Loss 1.534
Train Loss 1.502
Train Loss 1.545
Epoch  53 | Time    45 | Train Loss 1.5388 | Test Loss 0.001 | Test Error 44.41
Train Loss 0.159
Train Loss 1.490
Train Loss 1.522
Train Loss 1.501
Train Loss 1.522
Train Loss 1.530
Train Loss 1.510
Train Loss 1.526
Epoch  54 | Time    46 | Train Loss 1.5145 | Test Loss 0.001 | Test Error 45.01
Train Loss 0.152
Train Loss 1.501
Train Loss 1.507
Train Loss 1.506
Train Loss 1.505
Train Loss 1.544
Train Loss 1.548
Train Loss 1.509
Epoch  55 | Time    45 | Train Loss 1.5446 | Test Loss 0.001 | Test Error 45.57
Train Loss 0.151
Train Loss 1.468
Train Loss 1.525
Train Loss 1.485
Train Loss 1.509
Train Loss 1.550
Train Loss 1.529
Train Loss 1.492
Epoch  56 | Time    46 | Train Loss 1.5110 | Test Loss 0.001 | Test Error 46.01
Train Loss 0.148
Train Loss 1.515
Train Loss 1.524
Train Loss 1.509
Train Loss 1.488
Train Loss 1.516
Train Loss 1.500
Train Loss 1.473
Epoch  57 | Time    47 | Train Loss 1.5053 | Test Loss 0.001 | Test Error 44.55
Train Loss 0.159
Train Loss 1.477
Train Loss 1.547
Train Loss 1.483
Train Loss 1.516
Train Loss 1.500
Train Loss 1.493
Train Loss 1.494
Epoch  58 | Time    46 | Train Loss 1.5196 | Test Loss 0.001 | Test Error 45.09
Train Loss 0.153
Train Loss 1.496
Train Loss 1.468
Train Loss 1.503
Train Loss 1.480
Train Loss 1.505
Train Loss 1.488
Train Loss 1.488
Epoch  59 | Time    47 | Train Loss 1.4946 | Test Loss 0.001 | Test Error 43.40
Train Loss 0.141
Train Loss 1.455
Train Loss 1.485
Train Loss 1.494
Train Loss 1.473
Train Loss 1.513
Train Loss 1.505
Train Loss 1.497
Epoch  60 | Time    47 | Train Loss 1.5033 | Test Loss 0.001 | Test Error 43.54
Train Loss 0.161
Train Loss 1.489
Train Loss 1.485
Train Loss 1.491
Train Loss 1.493
Train Loss 1.459
Train Loss 1.461
Train Loss 1.492
Epoch  61 | Time    47 | Train Loss 1.5053 | Test Loss 0.001 | Test Error 45.52
Train Loss 0.155
Train Loss 1.477
Train Loss 1.486
Train Loss 1.504
Train Loss 1.520
Train Loss 1.488
Train Loss 1.487
Train Loss 1.495
Epoch  62 | Time    46 | Train Loss 1.4893 | Test Loss 0.001 | Test Error 43.68
Train Loss 0.141
Train Loss 1.459
Train Loss 1.487
Train Loss 1.495
Train Loss 1.480
Train Loss 1.461
Train Loss 1.473
Train Loss 1.455
Epoch  63 | Time    46 | Train Loss 1.4623 | Test Loss 0.001 | Test Error 42.16
Train Loss 0.147
Train Loss 1.469
Train Loss 1.489
Train Loss 1.482
Train Loss 1.475
Train Loss 1.483
Train Loss 1.471
Train Loss 1.481
Epoch  64 | Time    47 | Train Loss 1.5223 | Test Loss 0.001 | Test Error 46.08
Train Loss 0.154
Train Loss 1.470
Train Loss 1.488
Train Loss 1.492
Train Loss 1.484
Train Loss 1.458
Train Loss 1.478
Train Loss 1.445
Epoch  65 | Time    46 | Train Loss 1.5155 | Test Loss 0.001 | Test Error 42.58
Train Loss 0.160
Train Loss 1.502
Train Loss 1.470
Train Loss 1.448
Train Loss 1.452
Train Loss 1.461
Train Loss 1.483
Train Loss 1.428
Epoch  66 | Time    46 | Train Loss 1.4716 | Test Loss 0.001 | Test Error 43.30
Train Loss 0.147
Train Loss 1.468
Train Loss 1.471
Train Loss 1.475
Train Loss 1.496
Train Loss 1.438
Train Loss 1.493
Train Loss 1.458
Epoch  67 | Time    46 | Train Loss 1.4616 | Test Loss 0.001 | Test Error 42.71
Train Loss 0.140
Train Loss 1.443
Train Loss 1.516
Train Loss 1.456
Train Loss 1.474
Train Loss 1.467
Train Loss 1.483
Train Loss 1.452
Epoch  68 | Time    45 | Train Loss 1.4603 | Test Loss 0.001 | Test Error 42.30
Train Loss 0.151
Train Loss 1.429
Train Loss 1.435
Train Loss 1.442
Train Loss 1.445
Train Loss 1.469
Train Loss 1.476
Train Loss 1.443
Epoch  69 | Time    46 | Train Loss 1.4468 | Test Loss 0.001 | Test Error 42.06
Train Loss 0.154
Train Loss 1.455
Train Loss 1.450
Train Loss 1.452
Train Loss 1.457
Train Loss 1.470
Train Loss 1.479
Train Loss 1.449
Epoch  70 | Time    47 | Train Loss 1.4943 | Test Loss 0.001 | Test Error 43.84
Train Loss 0.148
Train Loss 1.433
Train Loss 1.473
Train Loss 1.426
Train Loss 1.422
Train Loss 1.426
Train Loss 1.467
Train Loss 1.441
Epoch  71 | Time    47 | Train Loss 1.4450 | Test Loss 0.001 | Test Error 42.05
Train Loss 0.137
Train Loss 1.461
Train Loss 1.443
Train Loss 1.476
Train Loss 1.452
Train Loss 1.455
Train Loss 1.476
Train Loss 1.421
Epoch  72 | Time    47 | Train Loss 1.4463 | Test Loss 0.001 | Test Error 42.92
Train Loss 0.134
Train Loss 1.429
Train Loss 1.442
Train Loss 1.435
Train Loss 1.402
Train Loss 1.466
Train Loss 1.445
Train Loss 1.464
Epoch  73 | Time    48 | Train Loss 1.4323 | Test Loss 0.001 | Test Error 41.83
Train Loss 0.147
Train Loss 1.461
Train Loss 1.443
Train Loss 1.428
Train Loss 1.420
Train Loss 1.454
Train Loss 1.465
Train Loss 1.468
Epoch  74 | Time    46 | Train Loss 1.4178 | Test Loss 0.001 | Test Error 40.77
Train Loss 0.138
Train Loss 1.449
Train Loss 1.447
Train Loss 1.466
Train Loss 1.472
Train Loss 1.403
Train Loss 1.472
Train Loss 1.433
Epoch  75 | Time    46 | Train Loss 1.4428 | Test Loss 0.001 | Test Error 41.87
Train Loss 0.137
Train Loss 1.415
Train Loss 1.448
Train Loss 1.456
Train Loss 1.431
Train Loss 1.442
Train Loss 1.444
Train Loss 1.422
Epoch  76 | Time    45 | Train Loss 1.4453 | Test Loss 0.001 | Test Error 41.27
Train Loss 0.146
Train Loss 1.455
Train Loss 1.466
Train Loss 1.450
Train Loss 1.446
Train Loss 1.439
Train Loss 1.408
Train Loss 1.432
Epoch  77 | Time    46 | Train Loss 1.4320 | Test Loss 0.001 | Test Error 41.19
Train Loss 0.146
Train Loss 1.405
Train Loss 1.416
Train Loss 1.419
Train Loss 1.440
Train Loss 1.397
Train Loss 1.383
Train Loss 1.419
Epoch  78 | Time    47 | Train Loss 1.4043 | Test Loss 0.001 | Test Error 42.25
Train Loss 0.144
Train Loss 1.472
Train Loss 1.419
Train Loss 1.430
Train Loss 1.409
Train Loss 1.435
Train Loss 1.406
Train Loss 1.407
Epoch  79 | Time    47 | Train Loss 1.4060 | Test Loss 0.001 | Test Error 40.02
Train Loss 0.137
Train Loss 1.416
Train Loss 1.417
Train Loss 1.411
Train Loss 1.436
Train Loss 1.431
Train Loss 1.399
Train Loss 1.413
Epoch  80 | Time    46 | Train Loss 1.4267 | Test Loss 0.001 | Test Error 39.80
Train Loss 0.142
Train Loss 1.405
Train Loss 1.409
Train Loss 1.409
Train Loss 1.422
Train Loss 1.402
Train Loss 1.410
Train Loss 1.415
Epoch  81 | Time    46 | Train Loss 1.4297 | Test Loss 0.001 | Test Error 40.39
Train Loss 0.133
Train Loss 1.390
Train Loss 1.414
Train Loss 1.396
Train Loss 1.421
Train Loss 1.400
Train Loss 1.397
Train Loss 1.402
Epoch  82 | Time    46 | Train Loss 1.4123 | Test Loss 0.001 | Test Error 40.10
Train Loss 0.145
Train Loss 1.370
Train Loss 1.399
Train Loss 1.418
Train Loss 1.417
Train Loss 1.406
Train Loss 1.405
Train Loss 1.387
Epoch  83 | Time    46 | Train Loss 1.4407 | Test Loss 0.001 | Test Error 40.69
Train Loss 0.137
Train Loss 1.403
Train Loss 1.410
Train Loss 1.396
Train Loss 1.375
Train Loss 1.377
Train Loss 1.388
Train Loss 1.384
Epoch  84 | Time    47 | Train Loss 1.3925 | Test Loss 0.001 | Test Error 39.69
Train Loss 0.140
Train Loss 1.411
Train Loss 1.399
Train Loss 1.383
Train Loss 1.399
Train Loss 1.424
Train Loss 1.376
Train Loss 1.360
Epoch  85 | Time    46 | Train Loss 1.4163 | Test Loss 0.001 | Test Error 39.70
Train Loss 0.122
Train Loss 1.396
Train Loss 1.406
Train Loss 1.414
Train Loss 1.413
Train Loss 1.396
Train Loss 1.376
Train Loss 1.397
Epoch  86 | Time    47 | Train Loss 1.3765 | Test Loss 0.001 | Test Error 39.47
Train Loss 0.140
Train Loss 1.397
Train Loss 1.384
Train Loss 1.393
Train Loss 1.400
Train Loss 1.379
Train Loss 1.360
Train Loss 1.406
Epoch  87 | Time    47 | Train Loss 1.3644 | Test Loss 0.001 | Test Error 39.40
Train Loss 0.152
Train Loss 1.365
Train Loss 1.389
Train Loss 1.427
Train Loss 1.382
Train Loss 1.387
Train Loss 1.373
Train Loss 1.383
Epoch  88 | Time    46 | Train Loss 1.4017 | Test Loss 0.001 | Test Error 39.92
Train Loss 0.133
Train Loss 1.379
Train Loss 1.394
Train Loss 1.371
Train Loss 1.410
Train Loss 1.377
Train Loss 1.394
Train Loss 1.368
Epoch  89 | Time    46 | Train Loss 1.3821 | Test Loss 0.001 | Test Error 40.57
Train Loss 0.161
Train Loss 1.356
Train Loss 1.372
Train Loss 1.369
Train Loss 1.368
Train Loss 1.370
Train Loss 1.385
Train Loss 1.381
Epoch  90 | Time    46 | Train Loss 1.3810 | Test Loss 0.001 | Test Error 40.06
Train Loss 0.136
Train Loss 1.339
Train Loss 1.380
Train Loss 1.386
Train Loss 1.385
Train Loss 1.377
Train Loss 1.347
Train Loss 1.366
Epoch  91 | Time    47 | Train Loss 1.3616 | Test Loss 0.001 | Test Error 39.30
Train Loss 0.130
Train Loss 1.346
Train Loss 1.369
Train Loss 1.370
Train Loss 1.395
Train Loss 1.390
Train Loss 1.367
Train Loss 1.387
Epoch  92 | Time    47 | Train Loss 1.3589 | Test Loss 0.001 | Test Error 38.88
Train Loss 0.137
Train Loss 1.329
Train Loss 1.355
Train Loss 1.398
Train Loss 1.350
Train Loss 1.377
Train Loss 1.375
Train Loss 1.377
Epoch  93 | Time    45 | Train Loss 1.3585 | Test Loss 0.001 | Test Error 38.91
Train Loss 0.126
Train Loss 1.332
Train Loss 1.356
Train Loss 1.387
Train Loss 1.373
Train Loss 1.349
Train Loss 1.384
Train Loss 1.357
Epoch  94 | Time    46 | Train Loss 1.3735 | Test Loss 0.001 | Test Error 38.55
Train Loss 0.128
Train Loss 1.358
Train Loss 1.388
Train Loss 1.363
Train Loss 1.334
Train Loss 1.353
Train Loss 1.382
Train Loss 1.383
Epoch  95 | Time    46 | Train Loss 1.3259 | Test Loss 0.001 | Test Error 38.61
Train Loss 0.126
Train Loss 1.366
Train Loss 1.372
Train Loss 1.382
Train Loss 1.341
Train Loss 1.329
Train Loss 1.338
Train Loss 1.387
Epoch  96 | Time    47 | Train Loss 1.3609 | Test Loss 0.001 | Test Error 38.44
Train Loss 0.140
Train Loss 1.386
Train Loss 1.328
Train Loss 1.359
Train Loss 1.355
Train Loss 1.368
Train Loss 1.353
Train Loss 1.309
Epoch  97 | Time    46 | Train Loss 1.3569 | Test Loss 0.001 | Test Error 38.56
Train Loss 0.128
Train Loss 1.318
Train Loss 1.347
Train Loss 1.389
Train Loss 1.384
Train Loss 1.331
Train Loss 1.359
Train Loss 1.349
Epoch  98 | Time    46 | Train Loss 1.3845 | Test Loss 0.001 | Test Error 38.40
Train Loss 0.131
Train Loss 1.360
Train Loss 1.377
Train Loss 1.336
Train Loss 1.351
Train Loss 1.360
Train Loss 1.358
Train Loss 1.385
Epoch  99 | Time    46 | Train Loss 1.3612 | Test Loss 0.001 | Test Error 38.40
Train Loss 0.128
Train Loss 1.384
Train Loss 1.360
Train Loss 1.334
Train Loss 1.345
Train Loss 1.357
Train Loss 1.340
Train Loss 1.375
Epoch 100 | Time    46 | Train Loss 1.3437 | Test Loss 0.001 | Test Error 38.45
gaussian_noise
	Test Loss 0.001 | Test Error 39.974
shot_noise
	Test Loss 0.001 | Test Error 39.584
impulse_noise
	Test Loss 0.001 | Test Error 41.780
defocus_blur
	Test Loss 0.001 | Test Error 39.164
glass_blur
	Test Loss 0.001 | Test Error 40.378
motion_blur
	Test Loss 0.001 | Test Error 40.880
zoom_blur
	Test Loss 0.001 | Test Error 40.004
snow
	Test Loss 0.001 | Test Error 42.678
frost
	Test Loss 0.001 | Test Error 46.990
fog
	Test Loss 0.001 | Test Error 48.774
brightness
	Test Loss 0.001 | Test Error 41.610
contrast
	Test Loss 0.002 | Test Error 55.936
elastic_transform
	Test Loss 0.001 | Test Error 41.320
pixelate
	Test Loss 0.001 | Test Error 38.700
jpeg_compression
	Test Loss 0.001 | Test Error 39.318
Mean Corruption Error: 42.473
