/home/g051463/.conda/envs/env_am/lib/python3.10/site-packages/torch/utils/data/dataloader.py:563: UserWarning: This DataLoader will create 4 worker processes in total. Our suggested max number of worker in current system is 2, which is smaller than what this DataLoader is going to create. Please be aware that excessive worker creation might get DataLoader running slow or even freeze, lower the worker number to avoid potential slowness/freeze if necessary.
  warnings.warn(_create_warning_msg(
/home/g051463/.conda/envs/env_am/lib/python3.10/site-packages/torchvision/models/_utils.py:208: UserWarning: The parameter 'pretrained' is deprecated since 0.13 and will be removed in 0.15, please use 'weights' instead.
  warnings.warn(
/home/g051463/.conda/envs/env_am/lib/python3.10/site-packages/torchvision/models/_utils.py:223: UserWarning: Arguments other than a weight enum or `None` for 'weights' are deprecated since 0.13 and will be removed in 0.15. The current behavior is equivalent to passing `weights=None`.
  warnings.warn(msg)
Files already downloaded and verified
Files already downloaded and verified
Beginning training from epoch: 1
Train Loss 0.304
Train Loss 2.112
Train Loss 1.950
Train Loss 1.852
Train Loss 1.821
Train Loss 1.747
Train Loss 1.699
Train Loss 1.718
Epoch   1 | Time    92 | Train Loss 1.6717 | Test Loss 0.001 | Test Error 52.79
Train Loss 0.160
Train Loss 1.639
Train Loss 1.623
Train Loss 1.551
Train Loss 1.588
Train Loss 1.533
Train Loss 1.499
Train Loss 1.511
Epoch   2 | Time    89 | Train Loss 1.4965 | Test Loss 0.001 | Test Error 45.60
Train Loss 0.153
Train Loss 1.451
Train Loss 1.441
Train Loss 1.472
Train Loss 1.385
Train Loss 1.433
Train Loss 1.370
Train Loss 1.373
Epoch   3 | Time    89 | Train Loss 1.3817 | Test Loss 0.001 | Test Error 39.53
Train Loss 0.142
Train Loss 1.364
Train Loss 1.365
Train Loss 1.353
Train Loss 1.307
Train Loss 1.271
Train Loss 1.317
Train Loss 1.292
Epoch   4 | Time    89 | Train Loss 1.3158 | Test Loss 0.001 | Test Error 35.38
Train Loss 0.131
Train Loss 1.261
Train Loss 1.266
Train Loss 1.259
Train Loss 1.236
Train Loss 1.253
Train Loss 1.252
Train Loss 1.241
Epoch   5 | Time    89 | Train Loss 1.2188 | Test Loss 0.001 | Test Error 32.92
Train Loss 0.107
Train Loss 1.207
Train Loss 1.193
Train Loss 1.175
Train Loss 1.175
Train Loss 1.190
Train Loss 1.179
Train Loss 1.170
Epoch   6 | Time    89 | Train Loss 1.1765 | Test Loss 0.001 | Test Error 30.54
Train Loss 0.094
Train Loss 1.116
Train Loss 1.170
Train Loss 1.160
Train Loss 1.151
Train Loss 1.126
Train Loss 1.097
Train Loss 1.134
Epoch   7 | Time    89 | Train Loss 1.1300 | Test Loss 0.001 | Test Error 29.42
Train Loss 0.106
Train Loss 1.114
Train Loss 1.110
Train Loss 1.120
Train Loss 1.059
Train Loss 1.111
Train Loss 1.054
Train Loss 1.070
Epoch   8 | Time    89 | Train Loss 1.1136 | Test Loss 0.001 | Test Error 29.51
Train Loss 0.105
Train Loss 1.051
Train Loss 1.075
Train Loss 1.078
Train Loss 1.098
Train Loss 1.060
Train Loss 1.035
Train Loss 1.053
Epoch   9 | Time    89 | Train Loss 1.0453 | Test Loss 0.001 | Test Error 29.55
Train Loss 0.112
Train Loss 1.046
Train Loss 1.052
Train Loss 1.035
Train Loss 1.024
Train Loss 1.053
Train Loss 1.004
Train Loss 1.007
Epoch  10 | Time    89 | Train Loss 1.0348 | Test Loss 0.001 | Test Error 26.34
Train Loss 0.102
Train Loss 1.006
Train Loss 1.008
Train Loss 1.010
Train Loss 1.003
Train Loss 1.010
Train Loss 1.016
Train Loss 0.995
Epoch  11 | Time    89 | Train Loss 1.0066 | Test Loss 0.001 | Test Error 26.19
Train Loss 0.094
Train Loss 1.005
Train Loss 0.989
Train Loss 0.976
Train Loss 0.957
Train Loss 0.953
Train Loss 1.005
Train Loss 0.963
Epoch  12 | Time    89 | Train Loss 0.9845 | Test Loss 0.001 | Test Error 24.89
Train Loss 0.095
Train Loss 0.917
Train Loss 0.966
Train Loss 0.948
Train Loss 0.940
Train Loss 0.963
Train Loss 0.997
Train Loss 0.966
Epoch  13 | Time    89 | Train Loss 0.9671 | Test Loss 0.001 | Test Error 23.39
Train Loss 0.084
Train Loss 0.955
Train Loss 0.946
Train Loss 0.935
Train Loss 0.917
Train Loss 0.951
Train Loss 0.900
Train Loss 0.963
Epoch  14 | Time    89 | Train Loss 0.9019 | Test Loss 0.001 | Test Error 23.81
Train Loss 0.079
Train Loss 0.914
Train Loss 0.927
Train Loss 0.938
Train Loss 0.925
Train Loss 0.933
Train Loss 0.926
Train Loss 0.924
Epoch  15 | Time    89 | Train Loss 0.9038 | Test Loss 0.001 | Test Error 23.31
Train Loss 0.083
Train Loss 0.888
Train Loss 0.911
Train Loss 0.881
Train Loss 0.892
Train Loss 0.922
Train Loss 0.902
Train Loss 0.876
Epoch  16 | Time    89 | Train Loss 0.8835 | Test Loss 0.001 | Test Error 22.12
Train Loss 0.075
Train Loss 0.870
Train Loss 0.887
Train Loss 0.884
Train Loss 0.871
Train Loss 0.880
Train Loss 0.870
Train Loss 0.879
Epoch  17 | Time    89 | Train Loss 0.8916 | Test Loss 0.001 | Test Error 23.63
Train Loss 0.088
Train Loss 0.817
Train Loss 0.882
Train Loss 0.862
Train Loss 0.870
Train Loss 0.880
Train Loss 0.883
Train Loss 0.859
Epoch  18 | Time    89 | Train Loss 0.8994 | Test Loss 0.001 | Test Error 22.43
Train Loss 0.083
Train Loss 0.853
Train Loss 0.833
Train Loss 0.836
Train Loss 0.935
Train Loss 0.868
Train Loss 0.861
Train Loss 0.886
Epoch  19 | Time    89 | Train Loss 0.8490 | Test Loss 0.001 | Test Error 21.60
Train Loss 0.091
Train Loss 0.846
Train Loss 0.820
Train Loss 0.872
Train Loss 0.852
Train Loss 0.868
Train Loss 0.856
Train Loss 0.867
Epoch  20 | Time    89 | Train Loss 0.8421 | Test Loss 0.001 | Test Error 21.32
Train Loss 0.076
Train Loss 0.809
Train Loss 0.835
Train Loss 0.819
Train Loss 0.861
Train Loss 0.832
Train Loss 0.816
Train Loss 0.817
Epoch  21 | Time    89 | Train Loss 0.8432 | Test Loss 0.001 | Test Error 20.83
Train Loss 0.080
Train Loss 0.802
Train Loss 0.826
Train Loss 0.816
Train Loss 0.835
Train Loss 0.810
Train Loss 0.794
Train Loss 0.853
Epoch  22 | Time    89 | Train Loss 0.7865 | Test Loss 0.001 | Test Error 20.70
Train Loss 0.081
Train Loss 0.797
Train Loss 0.786
Train Loss 0.839
Train Loss 0.835
Train Loss 0.848
Train Loss 0.785
Train Loss 0.845
Epoch  23 | Time    89 | Train Loss 0.8171 | Test Loss 0.001 | Test Error 20.22
Train Loss 0.075
Train Loss 0.778
Train Loss 0.856
Train Loss 0.773
Train Loss 0.799
Train Loss 0.781
Train Loss 0.785
Train Loss 0.788
Epoch  24 | Time    90 | Train Loss 0.8172 | Test Loss 0.001 | Test Error 19.79
Train Loss 0.094
Train Loss 0.763
Train Loss 0.803
Train Loss 0.794
Train Loss 0.796
Train Loss 0.798
Train Loss 0.817
Train Loss 0.772
Epoch  25 | Time    89 | Train Loss 0.7831 | Test Loss 0.001 | Test Error 20.57
Train Loss 0.071
Train Loss 0.781
Train Loss 0.779
Train Loss 0.793
Train Loss 0.785
Train Loss 0.780
Train Loss 0.799
Train Loss 0.757
Epoch  26 | Time    89 | Train Loss 0.7690 | Test Loss 0.001 | Test Error 20.17
Train Loss 0.079
Train Loss 0.732
Train Loss 0.766
Train Loss 0.782
Train Loss 0.789
Train Loss 0.773
Train Loss 0.792
Train Loss 0.798
Epoch  27 | Time    89 | Train Loss 0.8102 | Test Loss 0.001 | Test Error 20.28
Train Loss 0.061
Train Loss 0.723
Train Loss 0.745
Train Loss 0.739
Train Loss 0.751
Train Loss 0.741
Train Loss 0.778
Train Loss 0.769
Epoch  28 | Time    89 | Train Loss 0.8027 | Test Loss 0.001 | Test Error 19.39
Train Loss 0.078
Train Loss 0.722
Train Loss 0.742
Train Loss 0.765
Train Loss 0.746
Train Loss 0.763
Train Loss 0.753
Train Loss 0.746
Epoch  29 | Time    89 | Train Loss 0.7792 | Test Loss 0.001 | Test Error 20.33
Train Loss 0.064
Train Loss 0.758
Train Loss 0.742
Train Loss 0.753
Train Loss 0.746
Train Loss 0.743
Train Loss 0.745
Train Loss 0.750
Epoch  30 | Time    89 | Train Loss 0.7452 | Test Loss 0.001 | Test Error 18.98
Train Loss 0.075
Train Loss 0.704
Train Loss 0.738
Train Loss 0.709
Train Loss 0.744
Train Loss 0.750
Train Loss 0.742
Train Loss 0.731
Epoch  31 | Time    89 | Train Loss 0.7401 | Test Loss 0.001 | Test Error 19.21
Train Loss 0.060
Train Loss 0.724
Train Loss 0.736
Train Loss 0.712
Train Loss 0.739
Train Loss 0.735
Train Loss 0.744
Train Loss 0.724
Epoch  32 | Time    89 | Train Loss 0.7697 | Test Loss 0.001 | Test Error 19.31
Train Loss 0.073
Train Loss 0.712
Train Loss 0.745
Train Loss 0.742
Train Loss 0.724
Train Loss 0.694
Train Loss 0.701
Train Loss 0.739
Epoch  33 | Time    89 | Train Loss 0.7247 | Test Loss 0.001 | Test Error 18.90
Train Loss 0.061
Train Loss 0.731
Train Loss 0.691
Train Loss 0.700
Train Loss 0.706
Train Loss 0.702
Train Loss 0.686
Train Loss 0.720
Epoch  34 | Time    89 | Train Loss 0.7268 | Test Loss 0.001 | Test Error 18.96
Train Loss 0.067
Train Loss 0.676
Train Loss 0.680
Train Loss 0.683
Train Loss 0.693
Train Loss 0.733
Train Loss 0.699
Train Loss 0.690
Epoch  35 | Time    89 | Train Loss 0.7207 | Test Loss 0.001 | Test Error 18.41
Train Loss 0.063
Train Loss 0.674
Train Loss 0.673
Train Loss 0.675
Train Loss 0.700
Train Loss 0.678
Train Loss 0.722
Train Loss 0.681
Epoch  36 | Time    89 | Train Loss 0.7108 | Test Loss 0.001 | Test Error 18.44
Train Loss 0.064
Train Loss 0.648
Train Loss 0.693
Train Loss 0.706
Train Loss 0.714
Train Loss 0.700
Train Loss 0.681
Train Loss 0.704
Epoch  37 | Time    89 | Train Loss 0.7001 | Test Loss 0.001 | Test Error 18.69
Train Loss 0.061
Train Loss 0.723
Train Loss 0.660
Train Loss 0.695
Train Loss 0.716
Train Loss 0.696
Train Loss 0.678
Train Loss 0.699
Epoch  38 | Time    89 | Train Loss 0.7368 | Test Loss 0.001 | Test Error 18.05
Train Loss 0.073
Train Loss 0.671
Train Loss 0.658
Train Loss 0.672
Train Loss 0.659
Train Loss 0.678
Train Loss 0.714
Train Loss 0.690
Epoch  39 | Time    89 | Train Loss 0.6853 | Test Loss 0.001 | Test Error 17.30
Train Loss 0.064
Train Loss 0.627
Train Loss 0.681
Train Loss 0.686
Train Loss 0.666
Train Loss 0.686
Train Loss 0.661
Train Loss 0.690
Epoch  40 | Time    89 | Train Loss 0.6562 | Test Loss 0.001 | Test Error 17.94
Train Loss 0.067
Train Loss 0.673
Train Loss 0.656
Train Loss 0.667
Train Loss 0.655
Train Loss 0.672
Train Loss 0.705
Train Loss 0.676
Epoch  41 | Time    89 | Train Loss 0.6973 | Test Loss 0.001 | Test Error 17.70
Train Loss 0.058
Train Loss 0.610
Train Loss 0.663
Train Loss 0.690
Train Loss 0.648
Train Loss 0.626
Train Loss 0.655
Train Loss 0.679
Epoch  42 | Time    89 | Train Loss 0.6445 | Test Loss 0.001 | Test Error 17.67
Train Loss 0.058
Train Loss 0.656
Train Loss 0.678
Train Loss 0.631
Train Loss 0.643
Train Loss 0.673
Train Loss 0.647
Train Loss 0.658
Epoch  43 | Time    89 | Train Loss 0.6470 | Test Loss 0.001 | Test Error 17.11
Train Loss 0.064
Train Loss 0.623
Train Loss 0.667
Train Loss 0.665
Train Loss 0.647
Train Loss 0.673
Train Loss 0.664
Train Loss 0.648
Epoch  44 | Time    89 | Train Loss 0.6187 | Test Loss 0.001 | Test Error 18.00
Train Loss 0.073
Train Loss 0.616
Train Loss 0.640
Train Loss 0.671
Train Loss 0.655
Train Loss 0.630
Train Loss 0.647
Train Loss 0.618
Epoch  45 | Time    89 | Train Loss 0.6341 | Test Loss 0.001 | Test Error 16.65
Train Loss 0.061
Train Loss 0.654
Train Loss 0.615
Train Loss 0.635
Train Loss 0.625
Train Loss 0.642
Train Loss 0.638
Train Loss 0.647
Epoch  46 | Time    89 | Train Loss 0.6134 | Test Loss 0.000 | Test Error 16.85
Train Loss 0.066
Train Loss 0.631
Train Loss 0.644
Train Loss 0.623
Train Loss 0.616
Train Loss 0.653
Train Loss 0.645
Train Loss 0.622
Epoch  47 | Time    89 | Train Loss 0.6506 | Test Loss 0.000 | Test Error 16.44
Train Loss 0.049
Train Loss 0.628
Train Loss 0.582
Train Loss 0.616
Train Loss 0.625
Train Loss 0.640
Train Loss 0.629
Train Loss 0.617
Epoch  48 | Time    89 | Train Loss 0.6534 | Test Loss 0.001 | Test Error 16.78
Train Loss 0.048
Train Loss 0.588
Train Loss 0.646
Train Loss 0.632
Train Loss 0.609
Train Loss 0.620
Train Loss 0.598
Train Loss 0.606
Epoch  49 | Time    89 | Train Loss 0.5825 | Test Loss 0.000 | Test Error 16.35
Train Loss 0.050
Train Loss 0.596
Train Loss 0.621
Train Loss 0.605
Train Loss 0.636
Train Loss 0.637
Train Loss 0.581
Train Loss 0.635
Epoch  50 | Time    89 | Train Loss 0.6138 | Test Loss 0.000 | Test Error 16.48
Train Loss 0.056
Train Loss 0.591
Train Loss 0.586
Train Loss 0.594
Train Loss 0.554
Train Loss 0.617
Train Loss 0.604
Train Loss 0.618
Epoch  51 | Time    89 | Train Loss 0.6304 | Test Loss 0.000 | Test Error 16.03
Train Loss 0.052
Train Loss 0.593
Train Loss 0.585
Train Loss 0.620
Train Loss 0.591
Train Loss 0.602
Train Loss 0.591
Train Loss 0.566
Epoch  52 | Time    89 | Train Loss 0.6058 | Test Loss 0.000 | Test Error 16.45
Train Loss 0.056
Train Loss 0.566
Train Loss 0.596
Train Loss 0.574
Train Loss 0.593
Train Loss 0.583
Train Loss 0.600
Train Loss 0.604
Epoch  53 | Time    89 | Train Loss 0.5935 | Test Loss 0.000 | Test Error 16.61
Train Loss 0.062
Train Loss 0.571
Train Loss 0.594
Train Loss 0.602
Train Loss 0.586
Train Loss 0.559
Train Loss 0.578
Train Loss 0.583
Epoch  54 | Time    89 | Train Loss 0.6147 | Test Loss 0.000 | Test Error 16.05
Train Loss 0.063
Train Loss 0.575
Train Loss 0.603
Train Loss 0.575
Train Loss 0.568
Train Loss 0.589
Train Loss 0.600
Train Loss 0.542
Epoch  55 | Time    89 | Train Loss 0.5661 | Test Loss 0.000 | Test Error 15.33
Train Loss 0.054
Train Loss 0.534
Train Loss 0.554
Train Loss 0.565
Train Loss 0.579
Train Loss 0.611
Train Loss 0.571
Train Loss 0.580
Epoch  56 | Time    89 | Train Loss 0.5856 | Test Loss 0.000 | Test Error 15.88
Train Loss 0.061
Train Loss 0.566
Train Loss 0.544
Train Loss 0.562
Train Loss 0.563
Train Loss 0.592
Train Loss 0.581
Train Loss 0.586
Epoch  57 | Time    89 | Train Loss 0.5588 | Test Loss 0.000 | Test Error 15.70
Train Loss 0.058
Train Loss 0.560
Train Loss 0.539
Train Loss 0.552
Train Loss 0.567
Train Loss 0.585
Train Loss 0.586
Train Loss 0.525
Epoch  58 | Time    89 | Train Loss 0.5767 | Test Loss 0.000 | Test Error 15.60
Train Loss 0.052
Train Loss 0.495
Train Loss 0.538
Train Loss 0.549
Train Loss 0.572
Train Loss 0.552
Train Loss 0.516
Train Loss 0.564
Epoch  59 | Time    89 | Train Loss 0.5330 | Test Loss 0.000 | Test Error 15.24
Train Loss 0.046
Train Loss 0.523
Train Loss 0.546
Train Loss 0.546
Train Loss 0.572
Train Loss 0.533
Train Loss 0.548
Train Loss 0.543
Epoch  60 | Time    89 | Train Loss 0.5472 | Test Loss 0.000 | Test Error 15.11
Train Loss 0.053
Train Loss 0.557
Train Loss 0.562
Train Loss 0.556
Train Loss 0.506
Train Loss 0.576
Train Loss 0.514
Train Loss 0.500
Epoch  61 | Time    89 | Train Loss 0.5299 | Test Loss 0.000 | Test Error 15.21
Train Loss 0.056
Train Loss 0.521
Train Loss 0.511
Train Loss 0.536
Train Loss 0.518
Train Loss 0.500
Train Loss 0.534
Train Loss 0.550
Epoch  62 | Time    89 | Train Loss 0.5206 | Test Loss 0.000 | Test Error 15.10
Train Loss 0.070
Train Loss 0.520
Train Loss 0.505
Train Loss 0.549
Train Loss 0.524
Train Loss 0.521
Train Loss 0.541
Train Loss 0.530
Epoch  63 | Time    89 | Train Loss 0.5187 | Test Loss 0.000 | Test Error 15.17
Train Loss 0.051
Train Loss 0.541
Train Loss 0.527
Train Loss 0.514
Train Loss 0.515
Train Loss 0.525
Train Loss 0.543
Train Loss 0.499
Epoch  64 | Time    89 | Train Loss 0.5094 | Test Loss 0.000 | Test Error 14.99
Train Loss 0.048
Train Loss 0.513
Train Loss 0.502
Train Loss 0.522
Train Loss 0.523
Train Loss 0.503
Train Loss 0.524
Train Loss 0.506
Epoch  65 | Time    89 | Train Loss 0.5446 | Test Loss 0.000 | Test Error 14.97
Train Loss 0.053
Train Loss 0.510
Train Loss 0.488
Train Loss 0.509
Train Loss 0.484
Train Loss 0.526
Train Loss 0.534
Train Loss 0.534
Epoch  66 | Time    89 | Train Loss 0.5445 | Test Loss 0.000 | Test Error 14.70
Train Loss 0.052
Train Loss 0.531
Train Loss 0.518
Train Loss 0.467
Train Loss 0.521
Train Loss 0.515
Train Loss 0.478
Train Loss 0.464
Epoch  67 | Time    89 | Train Loss 0.5301 | Test Loss 0.000 | Test Error 14.93
Train Loss 0.041
Train Loss 0.495
Train Loss 0.486
Train Loss 0.503
Train Loss 0.478
Train Loss 0.499
Train Loss 0.481
Train Loss 0.498
Epoch  68 | Time    89 | Train Loss 0.5028 | Test Loss 0.000 | Test Error 14.61
Train Loss 0.047
Train Loss 0.472
Train Loss 0.495
Train Loss 0.460
Train Loss 0.466
Train Loss 0.474
Train Loss 0.496
Train Loss 0.518
Epoch  69 | Time    89 | Train Loss 0.4966 | Test Loss 0.000 | Test Error 14.53
Train Loss 0.053
Train Loss 0.472
Train Loss 0.493
Train Loss 0.523
Train Loss 0.498
Train Loss 0.497
Train Loss 0.479
Train Loss 0.471
Epoch  70 | Time    89 | Train Loss 0.4733 | Test Loss 0.000 | Test Error 14.71
Train Loss 0.051
Train Loss 0.489
Train Loss 0.472
Train Loss 0.477
Train Loss 0.474
Train Loss 0.512
Train Loss 0.488
Train Loss 0.473
Epoch  71 | Time    89 | Train Loss 0.4892 | Test Loss 0.000 | Test Error 14.16
Train Loss 0.041
Train Loss 0.453
Train Loss 0.451
Train Loss 0.456
Train Loss 0.476
Train Loss 0.461
Train Loss 0.465
Train Loss 0.498
Epoch  72 | Time    89 | Train Loss 0.4624 | Test Loss 0.000 | Test Error 14.64
Train Loss 0.038
Train Loss 0.479
Train Loss 0.466
Train Loss 0.483
Train Loss 0.460
Train Loss 0.449
Train Loss 0.461
Train Loss 0.513
Epoch  73 | Time    89 | Train Loss 0.4739 | Test Loss 0.000 | Test Error 14.65
Train Loss 0.046
Train Loss 0.464
Train Loss 0.451
Train Loss 0.471
Train Loss 0.476
Train Loss 0.482
Train Loss 0.475
Train Loss 0.431
Epoch  74 | Time    89 | Train Loss 0.4792 | Test Loss 0.000 | Test Error 14.36
Train Loss 0.042
Train Loss 0.448
Train Loss 0.478
Train Loss 0.424
Train Loss 0.474
Train Loss 0.438
Train Loss 0.413
Train Loss 0.457
Epoch  75 | Time    89 | Train Loss 0.4710 | Test Loss 0.000 | Test Error 13.95
Train Loss 0.050
Train Loss 0.442
Train Loss 0.463
Train Loss 0.470
Train Loss 0.446
Train Loss 0.447
Train Loss 0.441
Train Loss 0.427
Epoch  76 | Time    89 | Train Loss 0.4407 | Test Loss 0.000 | Test Error 13.81
Train Loss 0.044
Train Loss 0.422
Train Loss 0.474
Train Loss 0.457
Train Loss 0.417
Train Loss 0.447
Train Loss 0.452
Train Loss 0.425
Epoch  77 | Time    89 | Train Loss 0.4382 | Test Loss 0.000 | Test Error 13.62
Train Loss 0.056
Train Loss 0.443
Train Loss 0.430
Train Loss 0.449
Train Loss 0.447
Train Loss 0.465
Train Loss 0.444
Train Loss 0.432
Epoch  78 | Time    89 | Train Loss 0.4281 | Test Loss 0.000 | Test Error 13.93
Train Loss 0.033
Train Loss 0.437
Train Loss 0.415
Train Loss 0.439
Train Loss 0.456
Train Loss 0.426
Train Loss 0.451
Train Loss 0.462
Epoch  79 | Time    89 | Train Loss 0.4300 | Test Loss 0.000 | Test Error 13.69
Train Loss 0.051
Train Loss 0.408
Train Loss 0.436
Train Loss 0.433
Train Loss 0.406
Train Loss 0.413
Train Loss 0.399
Train Loss 0.459
Epoch  80 | Time    89 | Train Loss 0.4205 | Test Loss 0.000 | Test Error 13.68
Train Loss 0.042
Train Loss 0.405
Train Loss 0.412
Train Loss 0.405
Train Loss 0.421
Train Loss 0.407
Train Loss 0.391
Train Loss 0.425
Epoch  81 | Time    89 | Train Loss 0.4276 | Test Loss 0.000 | Test Error 13.72
Train Loss 0.050
Train Loss 0.396
Train Loss 0.428
Train Loss 0.391
Train Loss 0.424
Train Loss 0.414
Train Loss 0.434
Train Loss 0.424
Epoch  82 | Time    89 | Train Loss 0.4181 | Test Loss 0.000 | Test Error 13.83
Train Loss 0.039
Train Loss 0.407
Train Loss 0.414
Train Loss 0.415
Train Loss 0.415
Train Loss 0.401
Train Loss 0.409
Train Loss 0.426
Epoch  83 | Time    89 | Train Loss 0.3840 | Test Loss 0.000 | Test Error 13.70
Train Loss 0.030
Train Loss 0.420
Train Loss 0.395
Train Loss 0.397
Train Loss 0.378
Train Loss 0.390
Train Loss 0.390
Train Loss 0.382
Epoch  84 | Time    89 | Train Loss 0.4022 | Test Loss 0.000 | Test Error 13.46
Train Loss 0.042
Train Loss 0.401
Train Loss 0.394
Train Loss 0.387
Train Loss 0.399
Train Loss 0.384
Train Loss 0.429
Train Loss 0.393
Epoch  85 | Time    89 | Train Loss 0.4065 | Test Loss 0.000 | Test Error 13.74
Train Loss 0.041
Train Loss 0.405
Train Loss 0.370
Train Loss 0.436
Train Loss 0.388
Train Loss 0.400
Train Loss 0.386
Train Loss 0.394
Epoch  86 | Time    89 | Train Loss 0.4029 | Test Loss 0.000 | Test Error 13.42
Train Loss 0.026
Train Loss 0.372
Train Loss 0.382
Train Loss 0.372
Train Loss 0.435
Train Loss 0.389
Train Loss 0.385
Train Loss 0.395
Epoch  87 | Time    89 | Train Loss 0.3850 | Test Loss 0.000 | Test Error 13.41
Train Loss 0.037
Train Loss 0.406
Train Loss 0.409
Train Loss 0.385
Train Loss 0.415
Train Loss 0.359
Train Loss 0.389
Train Loss 0.409
Epoch  88 | Time    89 | Train Loss 0.4004 | Test Loss 0.000 | Test Error 13.38
Train Loss 0.044
Train Loss 0.378
Train Loss 0.377
Train Loss 0.377
Train Loss 0.369
Train Loss 0.379
Train Loss 0.381
Train Loss 0.402
Epoch  89 | Time    89 | Train Loss 0.4142 | Test Loss 0.000 | Test Error 13.38
Train Loss 0.038
Train Loss 0.385
Train Loss 0.377
Train Loss 0.397
Train Loss 0.400
Train Loss 0.354
Train Loss 0.367
Train Loss 0.386
Epoch  90 | Time    89 | Train Loss 0.3588 | Test Loss 0.000 | Test Error 13.46
Train Loss 0.031
Train Loss 0.351
Train Loss 0.378
Train Loss 0.390
Train Loss 0.388
Train Loss 0.379
Train Loss 0.375
Train Loss 0.375
Epoch  91 | Time    89 | Train Loss 0.3951 | Test Loss 0.000 | Test Error 13.40
Train Loss 0.029
Train Loss 0.380
Train Loss 0.349
Train Loss 0.349
Train Loss 0.379
Train Loss 0.380
Train Loss 0.375
Train Loss 0.376
Epoch  92 | Time    89 | Train Loss 0.3664 | Test Loss 0.000 | Test Error 13.53
Train Loss 0.047
Train Loss 0.372
Train Loss 0.357
Train Loss 0.363
Train Loss 0.381
Train Loss 0.364
Train Loss 0.381
Train Loss 0.376
Epoch  93 | Time    89 | Train Loss 0.3623 | Test Loss 0.000 | Test Error 13.30
Train Loss 0.032
Train Loss 0.363
Train Loss 0.354
Train Loss 0.346
Train Loss 0.378
Train Loss 0.357
Train Loss 0.379
Train Loss 0.354
Epoch  94 | Time    89 | Train Loss 0.3575 | Test Loss 0.000 | Test Error 13.32
Train Loss 0.032
Train Loss 0.387
Train Loss 0.393
Train Loss 0.354
Train Loss 0.366
Train Loss 0.370
Train Loss 0.364
Train Loss 0.345
Epoch  95 | Time    89 | Train Loss 0.3739 | Test Loss 0.000 | Test Error 13.43
Train Loss 0.037
Train Loss 0.345
Train Loss 0.347
Train Loss 0.381
Train Loss 0.363
Train Loss 0.384
Train Loss 0.362
Train Loss 0.360
Epoch  96 | Time    89 | Train Loss 0.3654 | Test Loss 0.000 | Test Error 13.50
Train Loss 0.033
Train Loss 0.366
Train Loss 0.350
Train Loss 0.376
Train Loss 0.373
Train Loss 0.331
Train Loss 0.371
Train Loss 0.410
Epoch  97 | Time    89 | Train Loss 0.3579 | Test Loss 0.000 | Test Error 13.56
Train Loss 0.036
Train Loss 0.367
Train Loss 0.398
Train Loss 0.337
Train Loss 0.359
Train Loss 0.371
Train Loss 0.369
Train Loss 0.380
Epoch  98 | Time    89 | Train Loss 0.3407 | Test Loss 0.000 | Test Error 13.28
Train Loss 0.038
Train Loss 0.353
Train Loss 0.362
Train Loss 0.356
Train Loss 0.345
Train Loss 0.336
Train Loss 0.382
Train Loss 0.343
Epoch  99 | Time    89 | Train Loss 0.3727 | Test Loss 0.000 | Test Error 13.26
Train Loss 0.035
Train Loss 0.361
Train Loss 0.343
Train Loss 0.379
Train Loss 0.345
Train Loss 0.351
Train Loss 0.376
Train Loss 0.391
Epoch 100 | Time    89 | Train Loss 0.3417 | Test Loss 0.000 | Test Error 13.46
gaussian_noise
	Test Loss 0.001 | Test Error 19.606
shot_noise
	Test Loss 0.001 | Test Error 17.378
impulse_noise
	Test Loss 0.001 | Test Error 24.782
defocus_blur
	Test Loss 0.000 | Test Error 14.894
glass_blur
	Test Loss 0.001 | Test Error 22.354
motion_blur
	Test Loss 0.001 | Test Error 17.354
zoom_blur
	Test Loss 0.000 | Test Error 16.090
snow
	Test Loss 0.001 | Test Error 19.736
frost
	Test Loss 0.001 | Test Error 19.324
fog
	Test Loss 0.001 | Test Error 21.470
brightness
	Test Loss 0.000 | Test Error 15.160
contrast
	Test Loss 0.001 | Test Error 27.142
elastic_transform
	Test Loss 0.001 | Test Error 17.670
pixelate
	Test Loss 0.000 | Test Error 15.150
jpeg_compression
	Test Loss 0.000 | Test Error 16.288
Mean Corruption Error: 18.960
