/home/g051463/.conda/envs/env_am/lib/python3.10/site-packages/torch/utils/data/dataloader.py:563: UserWarning: This DataLoader will create 4 worker processes in total. Our suggested max number of worker in current system is 2, which is smaller than what this DataLoader is going to create. Please be aware that excessive worker creation might get DataLoader running slow or even freeze, lower the worker number to avoid potential slowness/freeze if necessary.
  warnings.warn(_create_warning_msg(
/home/g051463/.conda/envs/env_am/lib/python3.10/site-packages/torchvision/models/_utils.py:208: UserWarning: The parameter 'pretrained' is deprecated since 0.13 and will be removed in 0.15, please use 'weights' instead.
  warnings.warn(
/home/g051463/.conda/envs/env_am/lib/python3.10/site-packages/torchvision/models/_utils.py:223: UserWarning: Arguments other than a weight enum or `None` for 'weights' are deprecated since 0.13 and will be removed in 0.15. The current behavior is equivalent to passing `weights=ConvNeXt_Tiny_Weights.IMAGENET1K_V1`. You can also use `weights=ConvNeXt_Tiny_Weights.DEFAULT` to get the most up-to-date weights.
  warnings.warn(msg)
Files already downloaded and verified
Files already downloaded and verified
Beginning training from epoch: 1
Train Loss 0.261
Train Loss 1.629
Train Loss 1.210
Train Loss 1.058
Train Loss 0.953
Train Loss 0.922
Train Loss 0.928
Train Loss 0.883
Epoch   1 | Time   104 | Train Loss 0.8377 | Test Loss 0.001 | Test Error 21.29
Train Loss 0.091
Train Loss 0.779
Train Loss 0.789
Train Loss 0.811
Train Loss 0.809
Train Loss 0.787
Train Loss 0.751
Train Loss 0.724
Epoch   2 | Time   101 | Train Loss 0.7405 | Test Loss 0.000 | Test Error 16.24
Train Loss 0.072
Train Loss 0.739
Train Loss 0.699
Train Loss 0.681
Train Loss 0.684
Train Loss 0.709
Train Loss 0.705
Train Loss 0.663
Epoch   3 | Time   101 | Train Loss 0.7098 | Test Loss 0.000 | Test Error 14.72
Train Loss 0.055
Train Loss 0.658
Train Loss 0.657
Train Loss 0.649
Train Loss 0.644
Train Loss 0.653
Train Loss 0.668
Train Loss 0.623
Epoch   4 | Time   101 | Train Loss 0.6470 | Test Loss 0.000 | Test Error 13.10
Train Loss 0.057
Train Loss 0.626
Train Loss 0.608
Train Loss 0.637
Train Loss 0.609
Train Loss 0.638
Train Loss 0.583
Train Loss 0.588
Epoch   5 | Time   101 | Train Loss 0.6018 | Test Loss 0.000 | Test Error 12.64
Train Loss 0.058
Train Loss 0.622
Train Loss 0.559
Train Loss 0.606
Train Loss 0.560
Train Loss 0.587
Train Loss 0.584
Train Loss 0.596
Epoch   6 | Time   100 | Train Loss 0.6178 | Test Loss 0.000 | Test Error 11.99
Train Loss 0.048
Train Loss 0.535
Train Loss 0.582
Train Loss 0.546
Train Loss 0.547
Train Loss 0.592
Train Loss 0.552
Train Loss 0.565
Epoch   7 | Time   101 | Train Loss 0.5541 | Test Loss 0.000 | Test Error 11.72
Train Loss 0.067
Train Loss 0.560
Train Loss 0.553
Train Loss 0.545
Train Loss 0.561
Train Loss 0.552
Train Loss 0.521
Train Loss 0.555
Epoch   8 | Time   101 | Train Loss 0.5382 | Test Loss 0.000 | Test Error 11.18
Train Loss 0.054
Train Loss 0.507
Train Loss 0.538
Train Loss 0.536
Train Loss 0.532
Train Loss 0.520
Train Loss 0.537
Train Loss 0.530
Epoch   9 | Time   101 | Train Loss 0.5226 | Test Loss 0.000 | Test Error 11.96
Train Loss 0.050
Train Loss 0.526
Train Loss 0.522
Train Loss 0.506
Train Loss 0.533
Train Loss 0.538
Train Loss 0.498
Train Loss 0.493
Epoch  10 | Time   101 | Train Loss 0.5454 | Test Loss 0.000 | Test Error 11.30
Train Loss 0.068
Train Loss 0.512
Train Loss 0.508
Train Loss 0.499
Train Loss 0.500
Train Loss 0.478
Train Loss 0.507
Train Loss 0.503
Epoch  11 | Time   101 | Train Loss 0.5034 | Test Loss 0.000 | Test Error 11.31
Train Loss 0.048
Train Loss 0.510
Train Loss 0.513
Train Loss 0.495
Train Loss 0.535
Train Loss 0.473
Train Loss 0.488
Train Loss 0.504
Epoch  12 | Time   101 | Train Loss 0.4797 | Test Loss 0.000 | Test Error 10.80
Train Loss 0.045
Train Loss 0.476
Train Loss 0.451
Train Loss 0.504
Train Loss 0.496
Train Loss 0.480
Train Loss 0.461
Train Loss 0.504
Epoch  13 | Time   101 | Train Loss 0.5117 | Test Loss 0.000 | Test Error 10.73
Train Loss 0.043
Train Loss 0.470
Train Loss 0.483
Train Loss 0.483
Train Loss 0.472
Train Loss 0.478
Train Loss 0.491
Train Loss 0.458
Epoch  14 | Time   101 | Train Loss 0.4976 | Test Loss 0.000 | Test Error 10.43
Train Loss 0.051
Train Loss 0.480
Train Loss 0.482
Train Loss 0.445
Train Loss 0.485
Train Loss 0.472
Train Loss 0.454
Train Loss 0.486
Epoch  15 | Time   100 | Train Loss 0.4985 | Test Loss 0.000 | Test Error 10.96
Train Loss 0.049
Train Loss 0.465
Train Loss 0.473
Train Loss 0.456
Train Loss 0.461
Train Loss 0.446
Train Loss 0.479
Train Loss 0.484
Epoch  16 | Time   100 | Train Loss 0.4460 | Test Loss 0.000 | Test Error 10.51
Train Loss 0.049
Train Loss 0.496
Train Loss 0.476
Train Loss 0.449
Train Loss 0.437
Train Loss 0.474
Train Loss 0.472
Train Loss 0.453
Epoch  17 | Time   101 | Train Loss 0.4697 | Test Loss 0.000 | Test Error 10.64
Train Loss 0.045
Train Loss 0.475
Train Loss 0.446
Train Loss 0.441
Train Loss 0.432
Train Loss 0.466
Train Loss 0.455
Train Loss 0.413
Epoch  18 | Time   101 | Train Loss 0.4493 | Test Loss 0.000 | Test Error 10.58
Train Loss 0.050
Train Loss 0.469
Train Loss 0.447
Train Loss 0.467
Train Loss 0.450
Train Loss 0.464
Train Loss 0.449
Train Loss 0.438
Epoch  19 | Time   100 | Train Loss 0.4699 | Test Loss 0.000 | Test Error 10.44
Train Loss 0.057
Train Loss 0.474
Train Loss 0.446
Train Loss 0.458
Train Loss 0.457
Train Loss 0.454
Train Loss 0.474
Train Loss 0.431
Epoch  20 | Time   100 | Train Loss 0.4592 | Test Loss 0.000 | Test Error 10.45
Train Loss 0.038
Train Loss 0.424
Train Loss 0.439
Train Loss 0.413
Train Loss 0.466
Train Loss 0.435
Train Loss 0.430
Train Loss 0.449
Epoch  21 | Time   101 | Train Loss 0.4384 | Test Loss 0.000 | Test Error 10.19
Train Loss 0.040
Train Loss 0.429
Train Loss 0.402
Train Loss 0.438
Train Loss 0.463
Train Loss 0.426
Train Loss 0.458
Train Loss 0.440
Epoch  22 | Time   101 | Train Loss 0.4685 | Test Loss 0.000 | Test Error 10.20
Train Loss 0.033
Train Loss 0.421
Train Loss 0.429
Train Loss 0.422
Train Loss 0.439
Train Loss 0.451
Train Loss 0.424
Train Loss 0.421
Epoch  23 | Time   100 | Train Loss 0.4344 | Test Loss 0.000 | Test Error 10.27
Train Loss 0.042
Train Loss 0.402
Train Loss 0.404
Train Loss 0.399
Train Loss 0.400
Train Loss 0.439
Train Loss 0.432
Train Loss 0.433
Epoch  24 | Time   100 | Train Loss 0.4314 | Test Loss 0.000 | Test Error 10.74
Train Loss 0.042
Train Loss 0.386
Train Loss 0.432
Train Loss 0.405
Train Loss 0.447
Train Loss 0.443
Train Loss 0.453
Train Loss 0.419
Epoch  25 | Time   101 | Train Loss 0.4231 | Test Loss 0.000 | Test Error 9.92
Train Loss 0.030
Train Loss 0.382
Train Loss 0.438
Train Loss 0.428
Train Loss 0.407
Train Loss 0.418
Train Loss 0.439
Train Loss 0.427
Epoch  26 | Time   100 | Train Loss 0.4578 | Test Loss 0.000 | Test Error 10.27
Train Loss 0.043
Train Loss 0.408
Train Loss 0.406
Train Loss 0.433
Train Loss 0.405
Train Loss 0.424
Train Loss 0.449
Train Loss 0.402
Epoch  27 | Time   100 | Train Loss 0.4485 | Test Loss 0.000 | Test Error 10.12
Train Loss 0.029
Train Loss 0.407
Train Loss 0.413
Train Loss 0.423
Train Loss 0.401
Train Loss 0.411
Train Loss 0.423
Train Loss 0.398
Epoch  28 | Time   100 | Train Loss 0.4110 | Test Loss 0.000 | Test Error 9.89
Train Loss 0.030
Train Loss 0.401
Train Loss 0.397
Train Loss 0.400
Train Loss 0.440
Train Loss 0.408
Train Loss 0.434
Train Loss 0.413
Epoch  29 | Time   100 | Train Loss 0.4110 | Test Loss 0.000 | Test Error 10.18
Train Loss 0.041
Train Loss 0.380
Train Loss 0.381
Train Loss 0.409
Train Loss 0.429
Train Loss 0.414
Train Loss 0.401
Train Loss 0.428
Epoch  30 | Time   100 | Train Loss 0.4220 | Test Loss 0.000 | Test Error 10.54
Train Loss 0.058
Train Loss 0.381
Train Loss 0.399
Train Loss 0.406
Train Loss 0.417
Train Loss 0.406
Train Loss 0.404
Train Loss 0.419
Epoch  31 | Time   100 | Train Loss 0.3964 | Test Loss 0.000 | Test Error 9.97
Train Loss 0.049
Train Loss 0.413
Train Loss 0.378
Train Loss 0.398
Train Loss 0.419
Train Loss 0.413
Train Loss 0.413
Train Loss 0.390
Epoch  32 | Time   101 | Train Loss 0.3955 | Test Loss 0.000 | Test Error 10.07
Train Loss 0.035
Train Loss 0.393
Train Loss 0.389
Train Loss 0.388
Train Loss 0.393
Train Loss 0.392
Train Loss 0.396
Train Loss 0.406
Epoch  33 | Time   101 | Train Loss 0.3942 | Test Loss 0.000 | Test Error 10.59
Train Loss 0.042
Train Loss 0.351
Train Loss 0.369
Train Loss 0.409
Train Loss 0.395
Train Loss 0.420
Train Loss 0.398
Train Loss 0.407
Epoch  34 | Time   101 | Train Loss 0.3949 | Test Loss 0.000 | Test Error 9.31
Train Loss 0.035
Train Loss 0.400
Train Loss 0.395
Train Loss 0.396
Train Loss 0.391
Train Loss 0.368
Train Loss 0.373
Train Loss 0.411
Epoch  35 | Time   100 | Train Loss 0.4038 | Test Loss 0.000 | Test Error 10.11
Train Loss 0.043
Train Loss 0.396
Train Loss 0.387
Train Loss 0.400
Train Loss 0.374
Train Loss 0.406
Train Loss 0.425
Train Loss 0.373
Epoch  36 | Time   100 | Train Loss 0.3785 | Test Loss 0.000 | Test Error 10.07
Train Loss 0.033
Train Loss 0.362
Train Loss 0.401
Train Loss 0.396
Train Loss 0.370
Train Loss 0.401
Train Loss 0.378
Train Loss 0.441
Epoch  37 | Time   100 | Train Loss 0.4030 | Test Loss 0.000 | Test Error 9.59
Train Loss 0.044
Train Loss 0.386
Train Loss 0.419
Train Loss 0.404
Train Loss 0.387
Train Loss 0.374
Train Loss 0.375
Train Loss 0.397
Epoch  38 | Time   100 | Train Loss 0.3828 | Test Loss 0.000 | Test Error 9.89
Train Loss 0.038
Train Loss 0.372
Train Loss 0.377
Train Loss 0.413
Train Loss 0.376
Train Loss 0.369
Train Loss 0.415
Train Loss 0.368
Epoch  39 | Time   100 | Train Loss 0.4282 | Test Loss 0.000 | Test Error 10.18
Train Loss 0.052
Train Loss 0.368
Train Loss 0.372
Train Loss 0.409
Train Loss 0.395
Train Loss 0.382
Train Loss 0.400
Train Loss 0.381
Epoch  40 | Time   100 | Train Loss 0.3815 | Test Loss 0.000 | Test Error 9.67
Train Loss 0.029
Train Loss 0.388
Train Loss 0.378
Train Loss 0.391
Train Loss 0.378
Train Loss 0.399
Train Loss 0.400
Train Loss 0.389
Epoch  41 | Time   100 | Train Loss 0.3849 | Test Loss 0.000 | Test Error 10.44
Train Loss 0.034
Train Loss 0.380
Train Loss 0.382
Train Loss 0.365
Train Loss 0.383
Train Loss 0.374
Train Loss 0.356
Train Loss 0.405
Epoch  42 | Time   100 | Train Loss 0.3830 | Test Loss 0.000 | Test Error 9.83
Train Loss 0.042
Train Loss 0.369
Train Loss 0.361
Train Loss 0.374
Train Loss 0.396
Train Loss 0.384
Train Loss 0.363
Train Loss 0.374
Epoch  43 | Time   100 | Train Loss 0.3791 | Test Loss 0.000 | Test Error 9.60
Train Loss 0.035
Train Loss 0.382
Train Loss 0.377
Train Loss 0.379
Train Loss 0.396
Train Loss 0.369
Train Loss 0.387
Train Loss 0.376
Epoch  44 | Time   101 | Train Loss 0.3750 | Test Loss 0.000 | Test Error 10.04
Train Loss 0.039
Train Loss 0.357
Train Loss 0.367
Train Loss 0.369
Train Loss 0.360
Train Loss 0.369
Train Loss 0.373
Train Loss 0.367
Epoch  45 | Time   101 | Train Loss 0.3549 | Test Loss 0.000 | Test Error 9.47
Train Loss 0.040
Train Loss 0.353
Train Loss 0.365
Train Loss 0.362
Train Loss 0.346
Train Loss 0.377
Train Loss 0.377
Train Loss 0.374
Epoch  46 | Time   101 | Train Loss 0.3623 | Test Loss 0.000 | Test Error 8.85
Train Loss 0.036
Train Loss 0.368
Train Loss 0.356
Train Loss 0.379
Train Loss 0.347
Train Loss 0.333
Train Loss 0.364
Train Loss 0.351
Epoch  47 | Time   100 | Train Loss 0.3592 | Test Loss 0.000 | Test Error 9.42
Train Loss 0.037
Train Loss 0.355
Train Loss 0.376
Train Loss 0.372
Train Loss 0.370
Train Loss 0.341
Train Loss 0.359
Train Loss 0.358
Epoch  48 | Time   100 | Train Loss 0.3508 | Test Loss 0.000 | Test Error 9.34
Train Loss 0.040
Train Loss 0.349
Train Loss 0.346
Train Loss 0.342
Train Loss 0.361
Train Loss 0.353
Train Loss 0.332
Train Loss 0.353
Epoch  49 | Time   100 | Train Loss 0.3547 | Test Loss 0.000 | Test Error 9.33
Train Loss 0.042
Train Loss 0.363
Train Loss 0.389
Train Loss 0.345
Train Loss 0.332
Train Loss 0.323
Train Loss 0.400
Train Loss 0.342
Epoch  50 | Time   100 | Train Loss 0.3585 | Test Loss 0.000 | Test Error 9.76
Train Loss 0.044
Train Loss 0.330
Train Loss 0.335
Train Loss 0.387
Train Loss 0.329
Train Loss 0.329
Train Loss 0.345
Train Loss 0.335
Epoch  51 | Time   101 | Train Loss 0.3436 | Test Loss 0.000 | Test Error 9.26
Train Loss 0.034
Train Loss 0.361
Train Loss 0.351
Train Loss 0.336
Train Loss 0.331
Train Loss 0.347
Train Loss 0.367
Train Loss 0.343
Epoch  52 | Time   100 | Train Loss 0.3584 | Test Loss 0.000 | Test Error 9.38
Train Loss 0.034
Train Loss 0.328
Train Loss 0.329
Train Loss 0.319
Train Loss 0.334
Train Loss 0.366
Train Loss 0.350
Train Loss 0.332
Epoch  53 | Time   100 | Train Loss 0.3383 | Test Loss 0.000 | Test Error 8.91
Train Loss 0.027
Train Loss 0.347
Train Loss 0.357
Train Loss 0.344
Train Loss 0.343
Train Loss 0.354
Train Loss 0.343
Train Loss 0.334
Epoch  54 | Time   100 | Train Loss 0.3470 | Test Loss 0.000 | Test Error 8.96
Train Loss 0.028
Train Loss 0.330
Train Loss 0.311
Train Loss 0.349
Train Loss 0.353
Train Loss 0.330
Train Loss 0.367
Train Loss 0.347
Epoch  55 | Time   101 | Train Loss 0.3468 | Test Loss 0.000 | Test Error 8.84
Train Loss 0.031
Train Loss 0.303
Train Loss 0.330
Train Loss 0.333
Train Loss 0.359
Train Loss 0.333
Train Loss 0.332
Train Loss 0.347
Epoch  56 | Time   101 | Train Loss 0.3478 | Test Loss 0.000 | Test Error 9.34
Train Loss 0.038
Train Loss 0.323
Train Loss 0.332
Train Loss 0.304
Train Loss 0.326
Train Loss 0.326
Train Loss 0.332
Train Loss 0.332
Epoch  57 | Time   100 | Train Loss 0.3231 | Test Loss 0.000 | Test Error 8.93
Train Loss 0.043
Train Loss 0.307
Train Loss 0.343
Train Loss 0.302
Train Loss 0.339
Train Loss 0.310
Train Loss 0.333
Train Loss 0.333
Epoch  58 | Time   100 | Train Loss 0.3211 | Test Loss 0.000 | Test Error 9.23
Train Loss 0.034
Train Loss 0.308
Train Loss 0.331
Train Loss 0.320
Train Loss 0.297
Train Loss 0.322
Train Loss 0.311
Train Loss 0.328
Epoch  59 | Time   100 | Train Loss 0.3190 | Test Loss 0.000 | Test Error 9.24
Train Loss 0.032
Train Loss 0.307
Train Loss 0.300
Train Loss 0.322
Train Loss 0.307
Train Loss 0.322
Train Loss 0.321
Train Loss 0.306
Epoch  60 | Time   101 | Train Loss 0.3394 | Test Loss 0.000 | Test Error 9.16
Train Loss 0.032
Train Loss 0.304
Train Loss 0.297
Train Loss 0.302
Train Loss 0.323
Train Loss 0.318
Train Loss 0.296
Train Loss 0.313
Epoch  61 | Time   101 | Train Loss 0.3185 | Test Loss 0.000 | Test Error 9.12
Train Loss 0.026
Train Loss 0.326
Train Loss 0.316
Train Loss 0.328
Train Loss 0.318
Train Loss 0.327
Train Loss 0.303
Train Loss 0.309
Epoch  62 | Time   101 | Train Loss 0.3331 | Test Loss 0.000 | Test Error 8.22
Train Loss 0.027
Train Loss 0.306
Train Loss 0.283
Train Loss 0.309
Train Loss 0.309
Train Loss 0.303
Train Loss 0.316
Train Loss 0.324
Epoch  63 | Time   100 | Train Loss 0.2830 | Test Loss 0.000 | Test Error 8.39
Train Loss 0.028
Train Loss 0.305
Train Loss 0.286
Train Loss 0.303
Train Loss 0.310
Train Loss 0.293
Train Loss 0.302
Train Loss 0.272
Epoch  64 | Time   100 | Train Loss 0.3081 | Test Loss 0.000 | Test Error 8.28
Train Loss 0.034
Train Loss 0.297
Train Loss 0.279
Train Loss 0.305
Train Loss 0.327
Train Loss 0.305
Train Loss 0.298
Train Loss 0.296
Epoch  65 | Time   101 | Train Loss 0.3147 | Test Loss 0.000 | Test Error 8.59
Train Loss 0.039
Train Loss 0.289
Train Loss 0.268
Train Loss 0.315
Train Loss 0.287
Train Loss 0.302
Train Loss 0.291
Train Loss 0.297
Epoch  66 | Time   100 | Train Loss 0.2964 | Test Loss 0.000 | Test Error 8.09
Train Loss 0.032
Train Loss 0.295
Train Loss 0.270
Train Loss 0.272
Train Loss 0.300
Train Loss 0.264
Train Loss 0.298
Train Loss 0.282
Epoch  67 | Time   100 | Train Loss 0.3063 | Test Loss 0.000 | Test Error 8.73
Train Loss 0.029
Train Loss 0.269
Train Loss 0.270
Train Loss 0.311
Train Loss 0.265
Train Loss 0.287
Train Loss 0.307
Train Loss 0.280
Epoch  68 | Time    99 | Train Loss 0.2791 | Test Loss 0.000 | Test Error 8.53
Train Loss 0.030
Train Loss 0.268
Train Loss 0.258
Train Loss 0.272
Train Loss 0.290
Train Loss 0.271
Train Loss 0.284
Train Loss 0.266
Epoch  69 | Time   100 | Train Loss 0.2821 | Test Loss 0.000 | Test Error 8.39
Train Loss 0.028
Train Loss 0.276
Train Loss 0.287
Train Loss 0.253
Train Loss 0.284
Train Loss 0.295
Train Loss 0.273
Train Loss 0.261
Epoch  70 | Time   100 | Train Loss 0.2836 | Test Loss 0.000 | Test Error 9.01
Train Loss 0.024
Train Loss 0.267
Train Loss 0.271
Train Loss 0.281
Train Loss 0.261
Train Loss 0.262
Train Loss 0.289
Train Loss 0.270
Epoch  71 | Time   100 | Train Loss 0.2586 | Test Loss 0.000 | Test Error 8.03
Train Loss 0.022
Train Loss 0.282
Train Loss 0.238
Train Loss 0.265
Train Loss 0.259
Train Loss 0.260
Train Loss 0.301
Train Loss 0.262
Epoch  72 | Time   100 | Train Loss 0.2755 | Test Loss 0.000 | Test Error 8.32
Train Loss 0.029
Train Loss 0.240
Train Loss 0.249
Train Loss 0.258
Train Loss 0.234
Train Loss 0.277
Train Loss 0.270
Train Loss 0.246
Epoch  73 | Time   100 | Train Loss 0.2567 | Test Loss 0.000 | Test Error 8.22
Train Loss 0.022
Train Loss 0.280
Train Loss 0.235
Train Loss 0.243
Train Loss 0.249
Train Loss 0.291
Train Loss 0.260
Train Loss 0.240
Epoch  74 | Time   100 | Train Loss 0.2550 | Test Loss 0.000 | Test Error 8.06
Train Loss 0.025
Train Loss 0.245
Train Loss 0.224
Train Loss 0.247
Train Loss 0.251
Train Loss 0.235
Train Loss 0.223
Train Loss 0.234
Epoch  75 | Time    99 | Train Loss 0.2428 | Test Loss 0.000 | Test Error 8.01
Train Loss 0.035
Train Loss 0.212
Train Loss 0.224
Train Loss 0.224
Train Loss 0.256
Train Loss 0.234
Train Loss 0.252
Train Loss 0.244
Epoch  76 | Time   100 | Train Loss 0.2513 | Test Loss 0.000 | Test Error 7.71
Train Loss 0.025
Train Loss 0.234
Train Loss 0.263
Train Loss 0.255
Train Loss 0.235
Train Loss 0.223
Train Loss 0.239
Train Loss 0.234
Epoch  77 | Time   100 | Train Loss 0.2524 | Test Loss 0.000 | Test Error 7.56
Train Loss 0.016
Train Loss 0.226
Train Loss 0.231
Train Loss 0.234
Train Loss 0.208
Train Loss 0.218
Train Loss 0.217
Train Loss 0.241
Epoch  78 | Time   100 | Train Loss 0.2255 | Test Loss 0.000 | Test Error 7.93
Train Loss 0.021
Train Loss 0.234
Train Loss 0.210
Train Loss 0.210
Train Loss 0.214
Train Loss 0.203
Train Loss 0.211
Train Loss 0.227
Epoch  79 | Time   101 | Train Loss 0.2003 | Test Loss 0.000 | Test Error 7.55
Train Loss 0.025
Train Loss 0.221
Train Loss 0.229
Train Loss 0.203
Train Loss 0.209
Train Loss 0.198
Train Loss 0.221
Train Loss 0.206
Epoch  80 | Time   101 | Train Loss 0.2126 | Test Loss 0.000 | Test Error 7.49
Train Loss 0.020
Train Loss 0.216
Train Loss 0.206
Train Loss 0.183
Train Loss 0.205
Train Loss 0.222
Train Loss 0.203
Train Loss 0.209
Epoch  81 | Time   101 | Train Loss 0.2275 | Test Loss 0.000 | Test Error 7.47
Train Loss 0.023
Train Loss 0.199
Train Loss 0.196
Train Loss 0.184
Train Loss 0.207
Train Loss 0.201
Train Loss 0.204
Train Loss 0.201
Epoch  82 | Time   100 | Train Loss 0.2046 | Test Loss 0.000 | Test Error 7.37
Train Loss 0.023
Train Loss 0.203
Train Loss 0.188
Train Loss 0.195
Train Loss 0.192
Train Loss 0.210
Train Loss 0.199
Train Loss 0.187
Epoch  83 | Time   100 | Train Loss 0.1960 | Test Loss 0.000 | Test Error 7.58
Train Loss 0.015
Train Loss 0.204
Train Loss 0.190
Train Loss 0.170
Train Loss 0.182
Train Loss 0.198
Train Loss 0.171
Train Loss 0.188
Epoch  84 | Time   100 | Train Loss 0.1815 | Test Loss 0.000 | Test Error 7.12
Train Loss 0.016
Train Loss 0.171
Train Loss 0.189
Train Loss 0.176
Train Loss 0.183
Train Loss 0.184
Train Loss 0.187
Train Loss 0.165
Epoch  85 | Time   100 | Train Loss 0.2203 | Test Loss 0.000 | Test Error 7.23
Train Loss 0.017
Train Loss 0.193
Train Loss 0.179
Train Loss 0.187
Train Loss 0.191
Train Loss 0.165
Train Loss 0.174
Train Loss 0.185
Epoch  86 | Time   100 | Train Loss 0.1696 | Test Loss 0.000 | Test Error 7.19
Train Loss 0.018
Train Loss 0.178
Train Loss 0.187
Train Loss 0.171
Train Loss 0.159
Train Loss 0.169
Train Loss 0.174
Train Loss 0.148
Epoch  87 | Time   100 | Train Loss 0.1787 | Test Loss 0.000 | Test Error 7.07
Train Loss 0.020
Train Loss 0.165
Train Loss 0.162
Train Loss 0.177
Train Loss 0.155
Train Loss 0.197
Train Loss 0.172
Train Loss 0.166
Epoch  88 | Time   101 | Train Loss 0.1789 | Test Loss 0.000 | Test Error 7.14
Train Loss 0.006
Train Loss 0.163
Train Loss 0.167
Train Loss 0.149
Train Loss 0.167
Train Loss 0.177
Train Loss 0.166
Train Loss 0.167
Epoch  89 | Time   100 | Train Loss 0.1582 | Test Loss 0.000 | Test Error 7.25
Train Loss 0.042
Train Loss 0.160
Train Loss 0.155
Train Loss 0.162
Train Loss 0.144
Train Loss 0.173
Train Loss 0.154
Train Loss 0.159
Epoch  90 | Time   101 | Train Loss 0.1549 | Test Loss 0.000 | Test Error 6.91
Train Loss 0.021
Train Loss 0.160
Train Loss 0.150
Train Loss 0.158
Train Loss 0.166
Train Loss 0.139
Train Loss 0.168
Train Loss 0.135
Epoch  91 | Time   100 | Train Loss 0.1431 | Test Loss 0.000 | Test Error 7.02
Train Loss 0.014
Train Loss 0.160
Train Loss 0.168
Train Loss 0.157
Train Loss 0.157
Train Loss 0.157
Train Loss 0.138
Train Loss 0.144
Epoch  92 | Time   100 | Train Loss 0.1327 | Test Loss 0.000 | Test Error 6.84
Train Loss 0.015
Train Loss 0.135
Train Loss 0.149
Train Loss 0.158
Train Loss 0.162
Train Loss 0.149
Train Loss 0.153
Train Loss 0.139
Epoch  93 | Time   100 | Train Loss 0.1393 | Test Loss 0.000 | Test Error 6.59
Train Loss 0.014
Train Loss 0.127
Train Loss 0.139
Train Loss 0.159
Train Loss 0.159
Train Loss 0.132
Train Loss 0.149
Train Loss 0.146
Epoch  94 | Time   100 | Train Loss 0.1404 | Test Loss 0.000 | Test Error 6.61
Train Loss 0.012
Train Loss 0.151
Train Loss 0.140
Train Loss 0.134
Train Loss 0.129
Train Loss 0.119
Train Loss 0.132
Train Loss 0.146
Epoch  95 | Time   101 | Train Loss 0.1397 | Test Loss 0.000 | Test Error 6.52
Train Loss 0.010
Train Loss 0.133
Train Loss 0.127
Train Loss 0.135
Train Loss 0.126
Train Loss 0.114
Train Loss 0.122
Train Loss 0.135
Epoch  96 | Time   100 | Train Loss 0.1351 | Test Loss 0.000 | Test Error 6.55
Train Loss 0.027
Train Loss 0.112
Train Loss 0.136
Train Loss 0.141
Train Loss 0.125
Train Loss 0.135
Train Loss 0.131
Train Loss 0.127
Epoch  97 | Time   100 | Train Loss 0.1298 | Test Loss 0.000 | Test Error 6.64
Train Loss 0.008
Train Loss 0.124
Train Loss 0.135
Train Loss 0.126
Train Loss 0.131
Train Loss 0.124
Train Loss 0.133
Train Loss 0.139
Epoch  98 | Time   100 | Train Loss 0.1213 | Test Loss 0.000 | Test Error 6.62
Train Loss 0.013
Train Loss 0.129
Train Loss 0.128
Train Loss 0.138
Train Loss 0.127
Train Loss 0.158
Train Loss 0.138
Train Loss 0.156
Epoch  99 | Time   100 | Train Loss 0.1348 | Test Loss 0.000 | Test Error 6.62
Train Loss 0.013
Train Loss 0.133
Train Loss 0.126
Train Loss 0.127
Train Loss 0.128
Train Loss 0.135
Train Loss 0.142
Train Loss 0.134
Epoch 100 | Time   100 | Train Loss 0.1465 | Test Loss 0.000 | Test Error 6.62
gaussian_noise
	Test Loss 0.001 | Test Error 17.394
shot_noise
	Test Loss 0.001 | Test Error 14.114
impulse_noise
	Test Loss 0.001 | Test Error 19.036
defocus_blur
	Test Loss 0.000 | Test Error 8.162
glass_blur
	Test Loss 0.001 | Test Error 19.252
motion_blur
	Test Loss 0.000 | Test Error 10.162
zoom_blur
	Test Loss 0.000 | Test Error 9.098
snow
	Test Loss 0.000 | Test Error 12.002
frost
	Test Loss 0.000 | Test Error 12.294
fog
	Test Loss 0.000 | Test Error 12.492
brightness
	Test Loss 0.000 | Test Error 7.658
contrast
	Test Loss 0.000 | Test Error 12.728
elastic_transform
	Test Loss 0.000 | Test Error 10.490
pixelate
	Test Loss 0.000 | Test Error 10.364
jpeg_compression
	Test Loss 0.000 | Test Error 11.548
Mean Corruption Error: 12.453
