/home/g051463/.conda/envs/am_env/lib/python3.10/site-packages/torch/utils/data/dataloader.py:563: UserWarning: This DataLoader will create 4 worker processes in total. Our suggested max number of worker in current system is 2, which is smaller than what this DataLoader is going to create. Please be aware that excessive worker creation might get DataLoader running slow or even freeze, lower the worker number to avoid potential slowness/freeze if necessary.
  warnings.warn(_create_warning_msg(
Files already downloaded and verified
Files already downloaded and verified
Beginning training from epoch: 1
Train Loss 0.237
Train Loss 1.961
Train Loss 1.837
Train Loss 1.728
Train Loss 1.631
Train Loss 1.534
Train Loss 1.460
Train Loss 1.364
Epoch   1 | Time    98 | Train Loss 1.3001 | Test Loss 0.001 | Test Error 42.62
Train Loss 0.114
Train Loss 1.235
Train Loss 1.238
Train Loss 1.142
Train Loss 1.130
Train Loss 1.091
Train Loss 1.073
Train Loss 1.065
Epoch   2 | Time    93 | Train Loss 1.0180 | Test Loss 0.001 | Test Error 31.42
Train Loss 0.114
Train Loss 1.020
Train Loss 1.015
Train Loss 0.991
Train Loss 0.937
Train Loss 0.955
Train Loss 0.934
Train Loss 0.909
Epoch   3 | Time    94 | Train Loss 0.9052 | Test Loss 0.001 | Test Error 25.28
Train Loss 0.077
Train Loss 0.910
Train Loss 0.889
Train Loss 0.895
Train Loss 0.852
Train Loss 0.860
Train Loss 0.844
Train Loss 0.856
Epoch   4 | Time    94 | Train Loss 0.8427 | Test Loss 0.001 | Test Error 23.75
Train Loss 0.079
Train Loss 0.813
Train Loss 0.796
Train Loss 0.828
Train Loss 0.784
Train Loss 0.850
Train Loss 0.808
Train Loss 0.742
Epoch   5 | Time    93 | Train Loss 0.8108 | Test Loss 0.001 | Test Error 26.94
Train Loss 0.084
Train Loss 0.781
Train Loss 0.765
Train Loss 0.789
Train Loss 0.755
Train Loss 0.793
Train Loss 0.786
Train Loss 0.791
Epoch   6 | Time    93 | Train Loss 0.7481 | Test Loss 0.001 | Test Error 22.31
Train Loss 0.070
Train Loss 0.768
Train Loss 0.744
Train Loss 0.765
Train Loss 0.729
Train Loss 0.752
Train Loss 0.719
Train Loss 0.764
Epoch   7 | Time    94 | Train Loss 0.7148 | Test Loss 0.001 | Test Error 17.71
Train Loss 0.070
Train Loss 0.735
Train Loss 0.683
Train Loss 0.742
Train Loss 0.729
Train Loss 0.713
Train Loss 0.705
Train Loss 0.732
Epoch   8 | Time    93 | Train Loss 0.7013 | Test Loss 0.001 | Test Error 18.86
Train Loss 0.077
Train Loss 0.695
Train Loss 0.707
Train Loss 0.742
Train Loss 0.712
Train Loss 0.695
Train Loss 0.721
Train Loss 0.694
Epoch   9 | Time    93 | Train Loss 0.6668 | Test Loss 0.001 | Test Error 17.87
Train Loss 0.060
Train Loss 0.693
Train Loss 0.673
Train Loss 0.719
Train Loss 0.693
Train Loss 0.682
Train Loss 0.732
Train Loss 0.695
Epoch  10 | Time    93 | Train Loss 0.7099 | Test Loss 0.001 | Test Error 18.91
Train Loss 0.062
Train Loss 0.705
Train Loss 0.666
Train Loss 0.656
Train Loss 0.679
Train Loss 0.674
Train Loss 0.686
Train Loss 0.665
Epoch  11 | Time    93 | Train Loss 0.6686 | Test Loss 0.001 | Test Error 17.72
Train Loss 0.066
Train Loss 0.669
Train Loss 0.684
Train Loss 0.669
Train Loss 0.678
Train Loss 0.659
Train Loss 0.688
Train Loss 0.684
Epoch  12 | Time    93 | Train Loss 0.6675 | Test Loss 0.001 | Test Error 19.54
Train Loss 0.060
Train Loss 0.630
Train Loss 0.631
Train Loss 0.625
Train Loss 0.676
Train Loss 0.664
Train Loss 0.672
Train Loss 0.608
Epoch  13 | Time    93 | Train Loss 0.6707 | Test Loss 0.001 | Test Error 19.19
Train Loss 0.065
Train Loss 0.659
Train Loss 0.650
Train Loss 0.646
Train Loss 0.632
Train Loss 0.662
Train Loss 0.658
Train Loss 0.656
Epoch  14 | Time    93 | Train Loss 0.6617 | Test Loss 0.001 | Test Error 18.34
Train Loss 0.071
Train Loss 0.629
Train Loss 0.632
Train Loss 0.619
Train Loss 0.603
Train Loss 0.662
Train Loss 0.632
Train Loss 0.666
Epoch  15 | Time    93 | Train Loss 0.6180 | Test Loss 0.000 | Test Error 15.65
Train Loss 0.060
Train Loss 0.651
Train Loss 0.636
Train Loss 0.602
Train Loss 0.616
Train Loss 0.627
Train Loss 0.638
Train Loss 0.617
Epoch  16 | Time    93 | Train Loss 0.5963 | Test Loss 0.001 | Test Error 17.62
Train Loss 0.061
Train Loss 0.563
Train Loss 0.615
Train Loss 0.636
Train Loss 0.626
Train Loss 0.641
Train Loss 0.594
Train Loss 0.604
Epoch  17 | Time    93 | Train Loss 0.5863 | Test Loss 0.001 | Test Error 18.19
Train Loss 0.057
Train Loss 0.607
Train Loss 0.607
Train Loss 0.640
Train Loss 0.634
Train Loss 0.643
Train Loss 0.613
Train Loss 0.603
Epoch  18 | Time    93 | Train Loss 0.6068 | Test Loss 0.001 | Test Error 18.84
Train Loss 0.069
Train Loss 0.613
Train Loss 0.610
Train Loss 0.587
Train Loss 0.548
Train Loss 0.608
Train Loss 0.658
Train Loss 0.635
Epoch  19 | Time    93 | Train Loss 0.6435 | Test Loss 0.001 | Test Error 19.82
Train Loss 0.066
Train Loss 0.601
Train Loss 0.618
Train Loss 0.604
Train Loss 0.577
Train Loss 0.578
Train Loss 0.595
Train Loss 0.627
Epoch  20 | Time    93 | Train Loss 0.5917 | Test Loss 0.001 | Test Error 24.46
Train Loss 0.067
Train Loss 0.568
Train Loss 0.578
Train Loss 0.561
Train Loss 0.572
Train Loss 0.581
Train Loss 0.608
Train Loss 0.579
Epoch  21 | Time    93 | Train Loss 0.5969 | Test Loss 0.000 | Test Error 14.80
Train Loss 0.058
Train Loss 0.597
Train Loss 0.592
Train Loss 0.611
Train Loss 0.578
Train Loss 0.593
Train Loss 0.620
Train Loss 0.578
Epoch  22 | Time    93 | Train Loss 0.6025 | Test Loss 0.000 | Test Error 15.57
Train Loss 0.063
Train Loss 0.595
Train Loss 0.573
Train Loss 0.581
Train Loss 0.618
Train Loss 0.565
Train Loss 0.579
Train Loss 0.610
Epoch  23 | Time    93 | Train Loss 0.5788 | Test Loss 0.001 | Test Error 18.03
Train Loss 0.067
Train Loss 0.529
Train Loss 0.588
Train Loss 0.597
Train Loss 0.581
Train Loss 0.585
Train Loss 0.548
Train Loss 0.561
Epoch  24 | Time    93 | Train Loss 0.5782 | Test Loss 0.001 | Test Error 17.31
Train Loss 0.059
Train Loss 0.511
Train Loss 0.536
Train Loss 0.564
Train Loss 0.561
Train Loss 0.541
Train Loss 0.531
Train Loss 0.579
Epoch  25 | Time    94 | Train Loss 0.5660 | Test Loss 0.000 | Test Error 14.64
Train Loss 0.043
Train Loss 0.556
Train Loss 0.598
Train Loss 0.592
Train Loss 0.550
Train Loss 0.539
Train Loss 0.600
Train Loss 0.594
Epoch  26 | Time    94 | Train Loss 0.5669 | Test Loss 0.000 | Test Error 13.17
Train Loss 0.044
Train Loss 0.576
Train Loss 0.546
Train Loss 0.561
Train Loss 0.563
Train Loss 0.581
Train Loss 0.559
Train Loss 0.563
Epoch  27 | Time    93 | Train Loss 0.5395 | Test Loss 0.000 | Test Error 14.08
Train Loss 0.051
Train Loss 0.549
Train Loss 0.521
Train Loss 0.563
Train Loss 0.531
Train Loss 0.545
Train Loss 0.537
Train Loss 0.549
Epoch  28 | Time    93 | Train Loss 0.5757 | Test Loss 0.000 | Test Error 15.59
Train Loss 0.054
Train Loss 0.548
Train Loss 0.551
Train Loss 0.532
Train Loss 0.548
Train Loss 0.531
Train Loss 0.571
Train Loss 0.517
Epoch  29 | Time    93 | Train Loss 0.5477 | Test Loss 0.001 | Test Error 17.09
Train Loss 0.067
Train Loss 0.522
Train Loss 0.529
Train Loss 0.561
Train Loss 0.535
Train Loss 0.545
Train Loss 0.561
Train Loss 0.535
Epoch  30 | Time    93 | Train Loss 0.5310 | Test Loss 0.000 | Test Error 14.79
Train Loss 0.053
Train Loss 0.525
Train Loss 0.531
Train Loss 0.579
Train Loss 0.542
Train Loss 0.584
Train Loss 0.523
Train Loss 0.506
Epoch  31 | Time    93 | Train Loss 0.5266 | Test Loss 0.000 | Test Error 16.00
Train Loss 0.057
Train Loss 0.587
Train Loss 0.534
Train Loss 0.546
Train Loss 0.571
Train Loss 0.553
Train Loss 0.586
Train Loss 0.535
Epoch  32 | Time    93 | Train Loss 0.5481 | Test Loss 0.001 | Test Error 18.63
Train Loss 0.053
Train Loss 0.529
Train Loss 0.535
Train Loss 0.515
Train Loss 0.538
Train Loss 0.548
Train Loss 0.532
Train Loss 0.508
Epoch  33 | Time    93 | Train Loss 0.5012 | Test Loss 0.000 | Test Error 13.96
Train Loss 0.042
Train Loss 0.538
Train Loss 0.539
Train Loss 0.515
Train Loss 0.533
Train Loss 0.534
Train Loss 0.532
Train Loss 0.497
Epoch  34 | Time    93 | Train Loss 0.5500 | Test Loss 0.000 | Test Error 13.01
Train Loss 0.053
Train Loss 0.507
Train Loss 0.524
Train Loss 0.531
Train Loss 0.570
Train Loss 0.495
Train Loss 0.520
Train Loss 0.529
Epoch  35 | Time    94 | Train Loss 0.5498 | Test Loss 0.000 | Test Error 12.16
Train Loss 0.049
Train Loss 0.527
Train Loss 0.531
Train Loss 0.516
Train Loss 0.512
Train Loss 0.515
Train Loss 0.511
Train Loss 0.524
Epoch  36 | Time    93 | Train Loss 0.5415 | Test Loss 0.000 | Test Error 13.40
Train Loss 0.047
Train Loss 0.511
Train Loss 0.544
Train Loss 0.530
Train Loss 0.555
Train Loss 0.483
Train Loss 0.534
Train Loss 0.495
Epoch  37 | Time    93 | Train Loss 0.5227 | Test Loss 0.000 | Test Error 13.57
Train Loss 0.065
Train Loss 0.493
Train Loss 0.504
Train Loss 0.575
Train Loss 0.481
Train Loss 0.512
Train Loss 0.490
Train Loss 0.492
Epoch  38 | Time    93 | Train Loss 0.5342 | Test Loss 0.000 | Test Error 14.09
Train Loss 0.050
Train Loss 0.506
Train Loss 0.505
Train Loss 0.532
Train Loss 0.511
Train Loss 0.518
Train Loss 0.507
Train Loss 0.469
Epoch  39 | Time    93 | Train Loss 0.4851 | Test Loss 0.000 | Test Error 13.86
Train Loss 0.049
Train Loss 0.489
Train Loss 0.553
Train Loss 0.500
Train Loss 0.541
Train Loss 0.477
Train Loss 0.522
Train Loss 0.494
Epoch  40 | Time    94 | Train Loss 0.4781 | Test Loss 0.000 | Test Error 11.49
Train Loss 0.040
Train Loss 0.474
Train Loss 0.525
Train Loss 0.491
Train Loss 0.529
Train Loss 0.510
Train Loss 0.463
Train Loss 0.487
Epoch  41 | Time    93 | Train Loss 0.5067 | Test Loss 0.000 | Test Error 13.57
Train Loss 0.048
Train Loss 0.468
Train Loss 0.524
Train Loss 0.471
Train Loss 0.478
Train Loss 0.504
Train Loss 0.501
Train Loss 0.511
Epoch  42 | Time    93 | Train Loss 0.5492 | Test Loss 0.000 | Test Error 13.26
Train Loss 0.039
Train Loss 0.472
Train Loss 0.514
Train Loss 0.514
Train Loss 0.492
Train Loss 0.505
Train Loss 0.481
Train Loss 0.484
Epoch  43 | Time    93 | Train Loss 0.5221 | Test Loss 0.000 | Test Error 13.59
Train Loss 0.043
Train Loss 0.468
Train Loss 0.473
Train Loss 0.489
Train Loss 0.481
Train Loss 0.446
Train Loss 0.467
Train Loss 0.505
Epoch  44 | Time    93 | Train Loss 0.4972 | Test Loss 0.000 | Test Error 11.53
Train Loss 0.047
Train Loss 0.506
Train Loss 0.468
Train Loss 0.486
Train Loss 0.511
Train Loss 0.478
Train Loss 0.494
Train Loss 0.483
Epoch  45 | Time    93 | Train Loss 0.4709 | Test Loss 0.000 | Test Error 13.22
Train Loss 0.048
Train Loss 0.465
Train Loss 0.492
Train Loss 0.478
Train Loss 0.475
Train Loss 0.463
Train Loss 0.506
Train Loss 0.499
Epoch  46 | Time    93 | Train Loss 0.5003 | Test Loss 0.000 | Test Error 11.88
Train Loss 0.048
Train Loss 0.452
Train Loss 0.496
Train Loss 0.458
Train Loss 0.445
Train Loss 0.483
Train Loss 0.484
Train Loss 0.484
Epoch  47 | Time    93 | Train Loss 0.4612 | Test Loss 0.000 | Test Error 11.49
Train Loss 0.044
Train Loss 0.459
Train Loss 0.446
Train Loss 0.470
Train Loss 0.506
Train Loss 0.468
Train Loss 0.463
Train Loss 0.480
Epoch  48 | Time    93 | Train Loss 0.4760 | Test Loss 0.000 | Test Error 12.00
Train Loss 0.040
Train Loss 0.432
Train Loss 0.459
Train Loss 0.447
Train Loss 0.478
Train Loss 0.452
Train Loss 0.497
Train Loss 0.466
Epoch  49 | Time    94 | Train Loss 0.4966 | Test Loss 0.000 | Test Error 10.39
Train Loss 0.049
Train Loss 0.456
Train Loss 0.456
Train Loss 0.461
Train Loss 0.464
Train Loss 0.453
Train Loss 0.443
Train Loss 0.471
Epoch  50 | Time    93 | Train Loss 0.4734 | Test Loss 0.000 | Test Error 11.98
Train Loss 0.042
Train Loss 0.427
Train Loss 0.428
Train Loss 0.454
Train Loss 0.441
Train Loss 0.452
Train Loss 0.469
Train Loss 0.456
Epoch  51 | Time    94 | Train Loss 0.4645 | Test Loss 0.000 | Test Error 10.25
Train Loss 0.043
Train Loss 0.438
Train Loss 0.435
Train Loss 0.422
Train Loss 0.470
Train Loss 0.446
Train Loss 0.454
Train Loss 0.427
Epoch  52 | Time    94 | Train Loss 0.4328 | Test Loss 0.000 | Test Error 9.83
Train Loss 0.051
Train Loss 0.443
Train Loss 0.415
Train Loss 0.458
Train Loss 0.432
Train Loss 0.450
Train Loss 0.392
Train Loss 0.433
Epoch  53 | Time    93 | Train Loss 0.4389 | Test Loss 0.000 | Test Error 11.53
Train Loss 0.039
Train Loss 0.433
Train Loss 0.416
Train Loss 0.409
Train Loss 0.408
Train Loss 0.425
Train Loss 0.492
Train Loss 0.445
Epoch  54 | Time    93 | Train Loss 0.4308 | Test Loss 0.000 | Test Error 11.16
Train Loss 0.035
Train Loss 0.460
Train Loss 0.437
Train Loss 0.419
Train Loss 0.427
Train Loss 0.448
Train Loss 0.421
Train Loss 0.425
Epoch  55 | Time    93 | Train Loss 0.4506 | Test Loss 0.000 | Test Error 10.30
Train Loss 0.041
Train Loss 0.406
Train Loss 0.415
Train Loss 0.437
Train Loss 0.393
Train Loss 0.435
Train Loss 0.427
Train Loss 0.401
Epoch  56 | Time    93 | Train Loss 0.4222 | Test Loss 0.000 | Test Error 10.99
Train Loss 0.032
Train Loss 0.421
Train Loss 0.422
Train Loss 0.440
Train Loss 0.409
Train Loss 0.412
Train Loss 0.439
Train Loss 0.429
Epoch  57 | Time    93 | Train Loss 0.4096 | Test Loss 0.000 | Test Error 10.86
Train Loss 0.038
Train Loss 0.419
Train Loss 0.407
Train Loss 0.408
Train Loss 0.404
Train Loss 0.420
Train Loss 0.389
Train Loss 0.405
Epoch  58 | Time    93 | Train Loss 0.4273 | Test Loss 0.000 | Test Error 10.55
Train Loss 0.039
Train Loss 0.362
Train Loss 0.400
Train Loss 0.397
Train Loss 0.410
Train Loss 0.405
Train Loss 0.385
Train Loss 0.381
Epoch  59 | Time    93 | Train Loss 0.4413 | Test Loss 0.000 | Test Error 9.76
Train Loss 0.046
Train Loss 0.373
Train Loss 0.387
Train Loss 0.410
Train Loss 0.422
Train Loss 0.408
Train Loss 0.390
Train Loss 0.375
Epoch  60 | Time    93 | Train Loss 0.4105 | Test Loss 0.000 | Test Error 10.97
Train Loss 0.044
Train Loss 0.380
Train Loss 0.368
Train Loss 0.395
Train Loss 0.379
Train Loss 0.384
Train Loss 0.373
Train Loss 0.362
Epoch  61 | Time    93 | Train Loss 0.3958 | Test Loss 0.000 | Test Error 10.23
Train Loss 0.029
Train Loss 0.396
Train Loss 0.369
Train Loss 0.377
Train Loss 0.413
Train Loss 0.395
Train Loss 0.391
Train Loss 0.389
Epoch  62 | Time    94 | Train Loss 0.3819 | Test Loss 0.000 | Test Error 9.68
Train Loss 0.030
Train Loss 0.365
Train Loss 0.374
Train Loss 0.397
Train Loss 0.362
Train Loss 0.372
Train Loss 0.383
Train Loss 0.371
Epoch  63 | Time    93 | Train Loss 0.3802 | Test Loss 0.000 | Test Error 10.01
Train Loss 0.036
Train Loss 0.373
Train Loss 0.348
Train Loss 0.337
Train Loss 0.405
Train Loss 0.378
Train Loss 0.414
Train Loss 0.364
Epoch  64 | Time    94 | Train Loss 0.3844 | Test Loss 0.000 | Test Error 9.01
Train Loss 0.038
Train Loss 0.355
Train Loss 0.359
Train Loss 0.375
Train Loss 0.378
Train Loss 0.363
Train Loss 0.344
Train Loss 0.365
Epoch  65 | Time    93 | Train Loss 0.3551 | Test Loss 0.000 | Test Error 8.95
Train Loss 0.033
Train Loss 0.346
Train Loss 0.354
Train Loss 0.343
Train Loss 0.353
Train Loss 0.360
Train Loss 0.370
Train Loss 0.357
Epoch  66 | Time    94 | Train Loss 0.3637 | Test Loss 0.000 | Test Error 8.45
Train Loss 0.030
Train Loss 0.324
Train Loss 0.344
Train Loss 0.361
Train Loss 0.348
Train Loss 0.336
Train Loss 0.342
Train Loss 0.349
Epoch  67 | Time    93 | Train Loss 0.3713 | Test Loss 0.000 | Test Error 9.38
Train Loss 0.039
Train Loss 0.332
Train Loss 0.336
Train Loss 0.336
Train Loss 0.328
Train Loss 0.376
Train Loss 0.359
Train Loss 0.356
Epoch  68 | Time    93 | Train Loss 0.3361 | Test Loss 0.000 | Test Error 8.78
Train Loss 0.040
Train Loss 0.312
Train Loss 0.342
Train Loss 0.342
Train Loss 0.328
Train Loss 0.336
Train Loss 0.346
Train Loss 0.360
Epoch  69 | Time    93 | Train Loss 0.3411 | Test Loss 0.000 | Test Error 9.80
Train Loss 0.030
Train Loss 0.299
Train Loss 0.345
Train Loss 0.337
Train Loss 0.362
Train Loss 0.325
Train Loss 0.363
Train Loss 0.331
Epoch  70 | Time    94 | Train Loss 0.3353 | Test Loss 0.000 | Test Error 7.48
Train Loss 0.025
Train Loss 0.299
Train Loss 0.302
Train Loss 0.293
Train Loss 0.332
Train Loss 0.334
Train Loss 0.321
Train Loss 0.306
Epoch  71 | Time    93 | Train Loss 0.3321 | Test Loss 0.000 | Test Error 8.10
Train Loss 0.049
Train Loss 0.284
Train Loss 0.305
Train Loss 0.297
Train Loss 0.303
Train Loss 0.311
Train Loss 0.309
Train Loss 0.317
Epoch  72 | Time    94 | Train Loss 0.2980 | Test Loss 0.000 | Test Error 6.59
Train Loss 0.027
Train Loss 0.310
Train Loss 0.299
Train Loss 0.281
Train Loss 0.274
Train Loss 0.327
Train Loss 0.337
Train Loss 0.305
Epoch  73 | Time    93 | Train Loss 0.3078 | Test Loss 0.000 | Test Error 7.22
Train Loss 0.028
Train Loss 0.308
Train Loss 0.279
Train Loss 0.311
Train Loss 0.320
Train Loss 0.303
Train Loss 0.309
Train Loss 0.273
Epoch  74 | Time    93 | Train Loss 0.3097 | Test Loss 0.000 | Test Error 7.53
Train Loss 0.034
Train Loss 0.275
Train Loss 0.294
Train Loss 0.301
Train Loss 0.284
Train Loss 0.312
Train Loss 0.327
Train Loss 0.239
Epoch  75 | Time    93 | Train Loss 0.2771 | Test Loss 0.000 | Test Error 7.52
Train Loss 0.030
Train Loss 0.289
Train Loss 0.260
Train Loss 0.294
Train Loss 0.297
Train Loss 0.262
Train Loss 0.297
Train Loss 0.273
Epoch  76 | Time    93 | Train Loss 0.2925 | Test Loss 0.000 | Test Error 7.95
Train Loss 0.016
Train Loss 0.258
Train Loss 0.271
Train Loss 0.282
Train Loss 0.261
Train Loss 0.267
Train Loss 0.302
Train Loss 0.275
Epoch  77 | Time    93 | Train Loss 0.2855 | Test Loss 0.000 | Test Error 7.03
Train Loss 0.027
Train Loss 0.252
Train Loss 0.253
Train Loss 0.269
Train Loss 0.266
Train Loss 0.274
Train Loss 0.278
Train Loss 0.267
Epoch  78 | Time    93 | Train Loss 0.2745 | Test Loss 0.000 | Test Error 7.08
Train Loss 0.024
Train Loss 0.251
Train Loss 0.235
Train Loss 0.267
Train Loss 0.261
Train Loss 0.251
Train Loss 0.251
Train Loss 0.274
Epoch  79 | Time    93 | Train Loss 0.2240 | Test Loss 0.000 | Test Error 6.77
Train Loss 0.025
Train Loss 0.234
Train Loss 0.229
Train Loss 0.234
Train Loss 0.237
Train Loss 0.231
Train Loss 0.240
Train Loss 0.271
Epoch  80 | Time    93 | Train Loss 0.2332 | Test Loss 0.000 | Test Error 6.68
Train Loss 0.030
Train Loss 0.226
Train Loss 0.265
Train Loss 0.205
Train Loss 0.257
Train Loss 0.239
Train Loss 0.229
Train Loss 0.252
Epoch  81 | Time    94 | Train Loss 0.2189 | Test Loss 0.000 | Test Error 6.49
Train Loss 0.010
Train Loss 0.223
Train Loss 0.209
Train Loss 0.223
Train Loss 0.207
Train Loss 0.219
Train Loss 0.244
Train Loss 0.246
Epoch  82 | Time    94 | Train Loss 0.2201 | Test Loss 0.000 | Test Error 6.11
Train Loss 0.021
Train Loss 0.202
Train Loss 0.225
Train Loss 0.233
Train Loss 0.208
Train Loss 0.235
Train Loss 0.212
Train Loss 0.217
Epoch  83 | Time    94 | Train Loss 0.1937 | Test Loss 0.000 | Test Error 5.86
Train Loss 0.026
Train Loss 0.183
Train Loss 0.209
Train Loss 0.227
Train Loss 0.226
Train Loss 0.207
Train Loss 0.195
Train Loss 0.198
Epoch  84 | Time    93 | Train Loss 0.2040 | Test Loss 0.000 | Test Error 5.99
Train Loss 0.026
Train Loss 0.196
Train Loss 0.196
Train Loss 0.188
Train Loss 0.174
Train Loss 0.200
Train Loss 0.188
Train Loss 0.192
Epoch  85 | Time    94 | Train Loss 0.2082 | Test Loss 0.000 | Test Error 5.61
Train Loss 0.027
Train Loss 0.163
Train Loss 0.187
Train Loss 0.184
Train Loss 0.201
Train Loss 0.182
Train Loss 0.193
Train Loss 0.173
Epoch  86 | Time    93 | Train Loss 0.1801 | Test Loss 0.000 | Test Error 5.87
Train Loss 0.016
Train Loss 0.180
Train Loss 0.169
Train Loss 0.182
Train Loss 0.185
Train Loss 0.184
Train Loss 0.200
Train Loss 0.166
Epoch  87 | Time    94 | Train Loss 0.1734 | Test Loss 0.000 | Test Error 5.46
Train Loss 0.021
Train Loss 0.162
Train Loss 0.157
Train Loss 0.158
Train Loss 0.164
Train Loss 0.175
Train Loss 0.168
Train Loss 0.169
Epoch  88 | Time    93 | Train Loss 0.1886 | Test Loss 0.000 | Test Error 5.51
Train Loss 0.014
Train Loss 0.166
Train Loss 0.151
Train Loss 0.166
Train Loss 0.156
Train Loss 0.145
Train Loss 0.160
Train Loss 0.160
Epoch  89 | Time    93 | Train Loss 0.1520 | Test Loss 0.000 | Test Error 4.91
Train Loss 0.016
Train Loss 0.122
Train Loss 0.175
Train Loss 0.152
Train Loss 0.154
Train Loss 0.149
Train Loss 0.153
Train Loss 0.154
Epoch  90 | Time    93 | Train Loss 0.1237 | Test Loss 0.000 | Test Error 5.05
Train Loss 0.014
Train Loss 0.154
Train Loss 0.149
Train Loss 0.136
Train Loss 0.135
Train Loss 0.132
Train Loss 0.160
Train Loss 0.139
Epoch  91 | Time    93 | Train Loss 0.1484 | Test Loss 0.000 | Test Error 5.06
Train Loss 0.015
Train Loss 0.137
Train Loss 0.131
Train Loss 0.132
Train Loss 0.129
Train Loss 0.135
Train Loss 0.122
Train Loss 0.121
Epoch  92 | Time    93 | Train Loss 0.1380 | Test Loss 0.000 | Test Error 4.92
Train Loss 0.007
Train Loss 0.137
Train Loss 0.144
Train Loss 0.114
Train Loss 0.121
Train Loss 0.119
Train Loss 0.121
Train Loss 0.120
Epoch  93 | Time    93 | Train Loss 0.1147 | Test Loss 0.000 | Test Error 4.85
Train Loss 0.023
Train Loss 0.112
Train Loss 0.116
Train Loss 0.124
Train Loss 0.107
Train Loss 0.129
Train Loss 0.121
Train Loss 0.104
Epoch  94 | Time    93 | Train Loss 0.1323 | Test Loss 0.000 | Test Error 5.00
Train Loss 0.009
Train Loss 0.118
Train Loss 0.129
Train Loss 0.095
Train Loss 0.118
Train Loss 0.125
Train Loss 0.129
Train Loss 0.102
Epoch  95 | Time    94 | Train Loss 0.1050 | Test Loss 0.000 | Test Error 4.81
Train Loss 0.010
Train Loss 0.122
Train Loss 0.125
Train Loss 0.095
Train Loss 0.109
Train Loss 0.118
Train Loss 0.102
Train Loss 0.104
Epoch  96 | Time    94 | Train Loss 0.1068 | Test Loss 0.000 | Test Error 4.74
Train Loss 0.010
Train Loss 0.110
Train Loss 0.108
Train Loss 0.082
Train Loss 0.103
Train Loss 0.120
Train Loss 0.104
Train Loss 0.114
Epoch  97 | Time    94 | Train Loss 0.1102 | Test Loss 0.000 | Test Error 4.67
Train Loss 0.012
Train Loss 0.112
Train Loss 0.113
Train Loss 0.103
Train Loss 0.105
Train Loss 0.102
Train Loss 0.101
Train Loss 0.112
Epoch  98 | Time    94 | Train Loss 0.1329 | Test Loss 0.000 | Test Error 4.72
Train Loss 0.013
Train Loss 0.093
Train Loss 0.116
Train Loss 0.108
Train Loss 0.116
Train Loss 0.096
Train Loss 0.102
Train Loss 0.114
Epoch  99 | Time    94 | Train Loss 0.1068 | Test Loss 0.000 | Test Error 4.62
Train Loss 0.019
Train Loss 0.106
Train Loss 0.100
Train Loss 0.106
Train Loss 0.109
Train Loss 0.094
Train Loss 0.098
Train Loss 0.127
Epoch 100 | Time    93 | Train Loss 0.1062 | Test Loss 0.000 | Test Error 4.67
gaussian_noise
	Test Loss 0.001 | Test Error 20.232
shot_noise
	Test Loss 0.001 | Test Error 14.360
impulse_noise
	Test Loss 0.000 | Test Error 12.618
defocus_blur
	Test Loss 0.000 | Test Error 5.688
glass_blur
	Test Loss 0.001 | Test Error 20.010
motion_blur
	Test Loss 0.000 | Test Error 7.598
zoom_blur
	Test Loss 0.000 | Test Error 6.786
snow
	Test Loss 0.000 | Test Error 10.232
frost
	Test Loss 0.000 | Test Error 10.484
fog
	Test Loss 0.000 | Test Error 8.144
brightness
	Test Loss 0.000 | Test Error 5.378
contrast
	Test Loss 0.000 | Test Error 8.550
elastic_transform
	Test Loss 0.000 | Test Error 9.694
pixelate
	Test Loss 0.000 | Test Error 12.744
jpeg_compression
	Test Loss 0.000 | Test Error 12.540
Mean Corruption Error: 11.004
