/home/g051463/.conda/envs/env_am/lib/python3.10/site-packages/scipy/__init__.py:146: UserWarning: A NumPy version >=1.16.5 and <1.23.0 is required for this version of SciPy (detected version 1.23.1
  warnings.warn(f"A NumPy version >={np_minversion} and <{np_maxversion}"
/home/g051463/.conda/envs/env_am/lib/python3.10/site-packages/torchvision/models/_utils.py:208: UserWarning: The parameter 'pretrained' is deprecated since 0.13 and will be removed in 0.15, please use 'weights' instead.
  warnings.warn(
/home/g051463/.conda/envs/env_am/lib/python3.10/site-packages/torchvision/models/_utils.py:223: UserWarning: Arguments other than a weight enum or `None` for 'weights' are deprecated since 0.13 and will be removed in 0.15. The current behavior is equivalent to passing `weights=ConvNeXt_Tiny_Weights.IMAGENET1K_V1`. You can also use `weights=ConvNeXt_Tiny_Weights.DEFAULT` to get the most up-to-date weights.
  warnings.warn(msg)
Files already downloaded and verified
Files already downloaded and verified
Beginning training from epoch: 1
Train Loss 0.261
Train Loss 1.683
Train Loss 1.369
Train Loss 1.215
Train Loss 1.088
Train Loss 1.061
Train Loss 1.051
Train Loss 0.984
Epoch   1 | Time    49 | Train Loss 0.9404 | Test Loss 0.001 | Test Error 21.08
Train Loss 0.090
Train Loss 0.893
Train Loss 0.903
Train Loss 0.922
Train Loss 0.880
Train Loss 0.849
Train Loss 0.858
Train Loss 0.822
Epoch   2 | Time    50 | Train Loss 0.8171 | Test Loss 0.001 | Test Error 15.92
Train Loss 0.076
Train Loss 0.824
Train Loss 0.779
Train Loss 0.771
Train Loss 0.766
Train Loss 0.795
Train Loss 0.779
Train Loss 0.760
Epoch   3 | Time    51 | Train Loss 0.7776 | Test Loss 0.000 | Test Error 14.48
Train Loss 0.069
Train Loss 0.745
Train Loss 0.739
Train Loss 0.731
Train Loss 0.739
Train Loss 0.726
Train Loss 0.734
Train Loss 0.738
Epoch   4 | Time    50 | Train Loss 0.7009 | Test Loss 0.000 | Test Error 13.47
Train Loss 0.068
Train Loss 0.690
Train Loss 0.699
Train Loss 0.719
Train Loss 0.700
Train Loss 0.728
Train Loss 0.677
Train Loss 0.674
Epoch   5 | Time    50 | Train Loss 0.6790 | Test Loss 0.000 | Test Error 12.95
Train Loss 0.067
Train Loss 0.715
Train Loss 0.632
Train Loss 0.684
Train Loss 0.637
Train Loss 0.670
Train Loss 0.647
Train Loss 0.657
Epoch   6 | Time    51 | Train Loss 0.7004 | Test Loss 0.000 | Test Error 12.39
Train Loss 0.059
Train Loss 0.644
Train Loss 0.675
Train Loss 0.612
Train Loss 0.630
Train Loss 0.668
Train Loss 0.634
Train Loss 0.633
Epoch   7 | Time    52 | Train Loss 0.6371 | Test Loss 0.000 | Test Error 11.90
Train Loss 0.077
Train Loss 0.649
Train Loss 0.636
Train Loss 0.612
Train Loss 0.633
Train Loss 0.612
Train Loss 0.584
Train Loss 0.629
Epoch   8 | Time    49 | Train Loss 0.5953 | Test Loss 0.000 | Test Error 12.00
Train Loss 0.064
Train Loss 0.593
Train Loss 0.624
Train Loss 0.627
Train Loss 0.622
Train Loss 0.591
Train Loss 0.612
Train Loss 0.601
Epoch   9 | Time    45 | Train Loss 0.5809 | Test Loss 0.000 | Test Error 11.34
Train Loss 0.063
Train Loss 0.620
Train Loss 0.587
Train Loss 0.590
Train Loss 0.592
Train Loss 0.610
Train Loss 0.567
Train Loss 0.562
Epoch  10 | Time    48 | Train Loss 0.6186 | Test Loss 0.000 | Test Error 11.17
Train Loss 0.079
Train Loss 0.584
Train Loss 0.569
Train Loss 0.574
Train Loss 0.574
Train Loss 0.558
Train Loss 0.577
Train Loss 0.593
Epoch  11 | Time    50 | Train Loss 0.5639 | Test Loss 0.000 | Test Error 11.04
Train Loss 0.056
Train Loss 0.578
Train Loss 0.587
Train Loss 0.573
Train Loss 0.572
Train Loss 0.557
Train Loss 0.535
Train Loss 0.568
Epoch  12 | Time    51 | Train Loss 0.5543 | Test Loss 0.000 | Test Error 10.47
Train Loss 0.043
Train Loss 0.563
Train Loss 0.512
Train Loss 0.557
Train Loss 0.576
Train Loss 0.551
Train Loss 0.531
Train Loss 0.547
Epoch  13 | Time    46 | Train Loss 0.5646 | Test Loss 0.000 | Test Error 10.91
Train Loss 0.049
Train Loss 0.539
Train Loss 0.546
Train Loss 0.546
Train Loss 0.535
Train Loss 0.538
Train Loss 0.548
Train Loss 0.531
Epoch  14 | Time    46 | Train Loss 0.5876 | Test Loss 0.000 | Test Error 10.34
Train Loss 0.057
Train Loss 0.542
Train Loss 0.547
Train Loss 0.521
Train Loss 0.552
Train Loss 0.520
Train Loss 0.517
Train Loss 0.530
Epoch  15 | Time    49 | Train Loss 0.5199 | Test Loss 0.000 | Test Error 9.96
Train Loss 0.061
Train Loss 0.539
Train Loss 0.531
Train Loss 0.528
Train Loss 0.536
Train Loss 0.497
Train Loss 0.524
Train Loss 0.525
Epoch  16 | Time    47 | Train Loss 0.4868 | Test Loss 0.000 | Test Error 9.76
Train Loss 0.051
Train Loss 0.549
Train Loss 0.536
Train Loss 0.509
Train Loss 0.516
Train Loss 0.520
Train Loss 0.515
Train Loss 0.520
Epoch  17 | Time    46 | Train Loss 0.5231 | Test Loss 0.000 | Test Error 9.95
Train Loss 0.051
Train Loss 0.515
Train Loss 0.516
Train Loss 0.508
Train Loss 0.491
Train Loss 0.521
Train Loss 0.507
Train Loss 0.466
Epoch  18 | Time    44 | Train Loss 0.5215 | Test Loss 0.000 | Test Error 10.05
Train Loss 0.057
Train Loss 0.498
Train Loss 0.499
Train Loss 0.524
Train Loss 0.508
Train Loss 0.501
Train Loss 0.494
Train Loss 0.489
Epoch  19 | Time    47 | Train Loss 0.5074 | Test Loss 0.000 | Test Error 9.97
Train Loss 0.054
Train Loss 0.522
Train Loss 0.493
Train Loss 0.491
Train Loss 0.515
Train Loss 0.512
Train Loss 0.514
Train Loss 0.489
Epoch  20 | Time    46 | Train Loss 0.4998 | Test Loss 0.000 | Test Error 9.43
Train Loss 0.046
Train Loss 0.469
Train Loss 0.485
Train Loss 0.488
Train Loss 0.510
Train Loss 0.502
Train Loss 0.474
Train Loss 0.478
Epoch  21 | Time    46 | Train Loss 0.4842 | Test Loss 0.000 | Test Error 9.30
Train Loss 0.045
Train Loss 0.477
Train Loss 0.469
Train Loss 0.491
Train Loss 0.510
Train Loss 0.482
Train Loss 0.496
Train Loss 0.476
Epoch  22 | Time    45 | Train Loss 0.5210 | Test Loss 0.000 | Test Error 9.52
Train Loss 0.042
Train Loss 0.468
Train Loss 0.482
Train Loss 0.447
Train Loss 0.483
Train Loss 0.484
Train Loss 0.460
Train Loss 0.491
Epoch  23 | Time    45 | Train Loss 0.4734 | Test Loss 0.000 | Test Error 9.05
Train Loss 0.048
Train Loss 0.474
Train Loss 0.452
Train Loss 0.435
Train Loss 0.465
Train Loss 0.476
Train Loss 0.469
Train Loss 0.449
Epoch  24 | Time    46 | Train Loss 0.4893 | Test Loss 0.000 | Test Error 9.28
Train Loss 0.043
Train Loss 0.436
Train Loss 0.481
Train Loss 0.445
Train Loss 0.488
Train Loss 0.465
Train Loss 0.496
Train Loss 0.445
Epoch  25 | Time    46 | Train Loss 0.4600 | Test Loss 0.000 | Test Error 9.23
Train Loss 0.027
Train Loss 0.428
Train Loss 0.481
Train Loss 0.457
Train Loss 0.458
Train Loss 0.455
Train Loss 0.463
Train Loss 0.469
Epoch  26 | Time    47 | Train Loss 0.4932 | Test Loss 0.000 | Test Error 9.09
Train Loss 0.041
Train Loss 0.431
Train Loss 0.465
Train Loss 0.455
Train Loss 0.450
Train Loss 0.462
Train Loss 0.478
Train Loss 0.448
Epoch  27 | Time    49 | Train Loss 0.4680 | Test Loss 0.000 | Test Error 9.08
Train Loss 0.033
Train Loss 0.462
Train Loss 0.454
Train Loss 0.469
Train Loss 0.450
Train Loss 0.466
Train Loss 0.456
Train Loss 0.436
Epoch  28 | Time    45 | Train Loss 0.4450 | Test Loss 0.000 | Test Error 8.95
Train Loss 0.033
Train Loss 0.422
Train Loss 0.431
Train Loss 0.431
Train Loss 0.463
Train Loss 0.480
Train Loss 0.458
Train Loss 0.446
Epoch  29 | Time    45 | Train Loss 0.4461 | Test Loss 0.000 | Test Error 8.90
Train Loss 0.043
Train Loss 0.428
Train Loss 0.421
Train Loss 0.446
Train Loss 0.438
Train Loss 0.417
Train Loss 0.442
Train Loss 0.442
Epoch  30 | Time    47 | Train Loss 0.4282 | Test Loss 0.000 | Test Error 9.01
Train Loss 0.043
Train Loss 0.389
Train Loss 0.444
Train Loss 0.437
Train Loss 0.457
Train Loss 0.451
Train Loss 0.469
Train Loss 0.453
Epoch  31 | Time    49 | Train Loss 0.4105 | Test Loss 0.000 | Test Error 9.02
Train Loss 0.052
Train Loss 0.440
Train Loss 0.418
Train Loss 0.432
Train Loss 0.461
Train Loss 0.426
Train Loss 0.429
Train Loss 0.438
Epoch  32 | Time    51 | Train Loss 0.4266 | Test Loss 0.000 | Test Error 8.54
Train Loss 0.040
Train Loss 0.427
Train Loss 0.416
Train Loss 0.444
Train Loss 0.432
Train Loss 0.419
Train Loss 0.414
Train Loss 0.414
Epoch  33 | Time    49 | Train Loss 0.4127 | Test Loss 0.000 | Test Error 8.40
Train Loss 0.041
Train Loss 0.371
Train Loss 0.406
Train Loss 0.427
Train Loss 0.417
Train Loss 0.425
Train Loss 0.422
Train Loss 0.449
Epoch  34 | Time    50 | Train Loss 0.4168 | Test Loss 0.000 | Test Error 8.57
Train Loss 0.036
Train Loss 0.442
Train Loss 0.409
Train Loss 0.407
Train Loss 0.427
Train Loss 0.397
Train Loss 0.381
Train Loss 0.421
Epoch  35 | Time    50 | Train Loss 0.4265 | Test Loss 0.000 | Test Error 8.61
Train Loss 0.047
Train Loss 0.417
Train Loss 0.404
Train Loss 0.439
Train Loss 0.409
Train Loss 0.418
Train Loss 0.437
Train Loss 0.398
Epoch  36 | Time    49 | Train Loss 0.3992 | Test Loss 0.000 | Test Error 8.29
Train Loss 0.037
Train Loss 0.395
Train Loss 0.439
Train Loss 0.431
Train Loss 0.395
Train Loss 0.420
Train Loss 0.390
Train Loss 0.414
Epoch  37 | Time    44 | Train Loss 0.4048 | Test Loss 0.000 | Test Error 8.33
Train Loss 0.044
Train Loss 0.412
Train Loss 0.430
Train Loss 0.420
Train Loss 0.409
Train Loss 0.402
Train Loss 0.409
Train Loss 0.411
Epoch  38 | Time    45 | Train Loss 0.3957 | Test Loss 0.000 | Test Error 7.98
Train Loss 0.047
Train Loss 0.371
Train Loss 0.375
Train Loss 0.419
Train Loss 0.400
Train Loss 0.409
Train Loss 0.432
Train Loss 0.391
Epoch  39 | Time    49 | Train Loss 0.4243 | Test Loss 0.000 | Test Error 7.96
Train Loss 0.043
Train Loss 0.408
Train Loss 0.400
Train Loss 0.422
Train Loss 0.413
Train Loss 0.384
Train Loss 0.425
Train Loss 0.405
Epoch  40 | Time    48 | Train Loss 0.3827 | Test Loss 0.000 | Test Error 8.57
Train Loss 0.029
Train Loss 0.415
Train Loss 0.385
Train Loss 0.397
Train Loss 0.408
Train Loss 0.408
Train Loss 0.415
Train Loss 0.423
Epoch  41 | Time    49 | Train Loss 0.4082 | Test Loss 0.000 | Test Error 8.04
Train Loss 0.037
Train Loss 0.411
Train Loss 0.388
Train Loss 0.405
Train Loss 0.385
Train Loss 0.397
Train Loss 0.367
Train Loss 0.411
Epoch  42 | Time    47 | Train Loss 0.3981 | Test Loss 0.000 | Test Error 8.12
Train Loss 0.046
Train Loss 0.389
Train Loss 0.365
Train Loss 0.376
Train Loss 0.416
Train Loss 0.394
Train Loss 0.381
Train Loss 0.398
Epoch  43 | Time    45 | Train Loss 0.4215 | Test Loss 0.000 | Test Error 8.06
Train Loss 0.032
Train Loss 0.383
Train Loss 0.413
Train Loss 0.394
Train Loss 0.394
Train Loss 0.382
Train Loss 0.408
Train Loss 0.390
Epoch  44 | Time    46 | Train Loss 0.3948 | Test Loss 0.000 | Test Error 8.07
Train Loss 0.037
Train Loss 0.382
Train Loss 0.375
Train Loss 0.379
Train Loss 0.363
Train Loss 0.387
Train Loss 0.413
Train Loss 0.393
Epoch  45 | Time    47 | Train Loss 0.3563 | Test Loss 0.000 | Test Error 7.60
Train Loss 0.039
Train Loss 0.360
Train Loss 0.396
Train Loss 0.403
Train Loss 0.369
Train Loss 0.381
Train Loss 0.385
Train Loss 0.388
Epoch  46 | Time    45 | Train Loss 0.3762 | Test Loss 0.000 | Test Error 7.93
Train Loss 0.052
Train Loss 0.379
Train Loss 0.378
Train Loss 0.406
Train Loss 0.377
Train Loss 0.351
Train Loss 0.370
Train Loss 0.366
Epoch  47 | Time    49 | Train Loss 0.3526 | Test Loss 0.000 | Test Error 7.83
Train Loss 0.037
Train Loss 0.369
Train Loss 0.387
Train Loss 0.385
Train Loss 0.383
Train Loss 0.356
Train Loss 0.389
Train Loss 0.331
Epoch  48 | Time    46 | Train Loss 0.3669 | Test Loss 0.000 | Test Error 8.02
Train Loss 0.032
Train Loss 0.365
Train Loss 0.373
Train Loss 0.356
Train Loss 0.395
Train Loss 0.369
Train Loss 0.350
Train Loss 0.366
Epoch  49 | Time    49 | Train Loss 0.3641 | Test Loss 0.000 | Test Error 7.76
Train Loss 0.040
Train Loss 0.395
Train Loss 0.392
Train Loss 0.369
Train Loss 0.382
Train Loss 0.331
Train Loss 0.400
Train Loss 0.372
Epoch  50 | Time    50 | Train Loss 0.3724 | Test Loss 0.000 | Test Error 7.34
Train Loss 0.045
Train Loss 0.388
Train Loss 0.353
Train Loss 0.384
Train Loss 0.335
Train Loss 0.333
Train Loss 0.362
Train Loss 0.364
Epoch  51 | Time    48 | Train Loss 0.3516 | Test Loss 0.000 | Test Error 7.57
Train Loss 0.041
Train Loss 0.378
Train Loss 0.355
Train Loss 0.367
Train Loss 0.351
Train Loss 0.355
Train Loss 0.382
Train Loss 0.368
Epoch  52 | Time    48 | Train Loss 0.3742 | Test Loss 0.000 | Test Error 7.47
Train Loss 0.035
Train Loss 0.343
Train Loss 0.375
Train Loss 0.341
Train Loss 0.354
Train Loss 0.380
Train Loss 0.353
Train Loss 0.357
Epoch  53 | Time    46 | Train Loss 0.3503 | Test Loss 0.000 | Test Error 7.85
Train Loss 0.041
Train Loss 0.370
Train Loss 0.372
Train Loss 0.372
Train Loss 0.354
Train Loss 0.349
Train Loss 0.372
Train Loss 0.360
Epoch  54 | Time    45 | Train Loss 0.3692 | Test Loss 0.000 | Test Error 7.39
Train Loss 0.033
Train Loss 0.379
Train Loss 0.355
Train Loss 0.382
Train Loss 0.345
Train Loss 0.361
Train Loss 0.381
Train Loss 0.366
Epoch  55 | Time    45 | Train Loss 0.3741 | Test Loss 0.000 | Test Error 7.74
Train Loss 0.034
Train Loss 0.322
Train Loss 0.359
Train Loss 0.350
Train Loss 0.351
Train Loss 0.339
Train Loss 0.354
Train Loss 0.378
Epoch  56 | Time    45 | Train Loss 0.3590 | Test Loss 0.000 | Test Error 7.40
Train Loss 0.037
Train Loss 0.365
Train Loss 0.353
Train Loss 0.329
Train Loss 0.339
Train Loss 0.335
Train Loss 0.356
Train Loss 0.356
Epoch  57 | Time    46 | Train Loss 0.3484 | Test Loss 0.000 | Test Error 7.53
Train Loss 0.039
Train Loss 0.312
Train Loss 0.378
Train Loss 0.323
Train Loss 0.351
Train Loss 0.332
Train Loss 0.351
Train Loss 0.347
Epoch  58 | Time    46 | Train Loss 0.3352 | Test Loss 0.000 | Test Error 7.25
Train Loss 0.034
Train Loss 0.333
Train Loss 0.361
Train Loss 0.354
Train Loss 0.338
Train Loss 0.336
Train Loss 0.318
Train Loss 0.382
Epoch  59 | Time    46 | Train Loss 0.3510 | Test Loss 0.000 | Test Error 7.64
Train Loss 0.028
Train Loss 0.330
Train Loss 0.334
Train Loss 0.346
Train Loss 0.331
Train Loss 0.343
Train Loss 0.335
Train Loss 0.340
Epoch  60 | Time    45 | Train Loss 0.3518 | Test Loss 0.000 | Test Error 7.33
Train Loss 0.041
Train Loss 0.351
Train Loss 0.330
Train Loss 0.323
Train Loss 0.362
Train Loss 0.339
Train Loss 0.320
Train Loss 0.344
Epoch  61 | Time    44 | Train Loss 0.3411 | Test Loss 0.000 | Test Error 7.49
Train Loss 0.036
Train Loss 0.351
Train Loss 0.340
Train Loss 0.358
Train Loss 0.355
Train Loss 0.363
Train Loss 0.331
Train Loss 0.358
Epoch  62 | Time    44 | Train Loss 0.3594 | Test Loss 0.000 | Test Error 7.44
Train Loss 0.031
Train Loss 0.361
Train Loss 0.342
Train Loss 0.333
Train Loss 0.345
Train Loss 0.341
Train Loss 0.346
Train Loss 0.332
Epoch  63 | Time    44 | Train Loss 0.3185 | Test Loss 0.000 | Test Error 7.05
Train Loss 0.042
Train Loss 0.333
Train Loss 0.347
Train Loss 0.327
Train Loss 0.346
Train Loss 0.347
Train Loss 0.341
Train Loss 0.327
Epoch  64 | Time    45 | Train Loss 0.3662 | Test Loss 0.000 | Test Error 7.11
Train Loss 0.030
Train Loss 0.343
Train Loss 0.321
Train Loss 0.361
Train Loss 0.353
Train Loss 0.324
Train Loss 0.339
Train Loss 0.318
Epoch  65 | Time    46 | Train Loss 0.3646 | Test Loss 0.000 | Test Error 7.32
Train Loss 0.032
Train Loss 0.332
Train Loss 0.324
Train Loss 0.350
Train Loss 0.324
Train Loss 0.340
Train Loss 0.320
Train Loss 0.360
Epoch  66 | Time    46 | Train Loss 0.3342 | Test Loss 0.000 | Test Error 7.24
Train Loss 0.030
Train Loss 0.357
Train Loss 0.339
Train Loss 0.336
Train Loss 0.338
Train Loss 0.319
Train Loss 0.335
Train Loss 0.330
Epoch  67 | Time    44 | Train Loss 0.3320 | Test Loss 0.000 | Test Error 6.97
Train Loss 0.033
Train Loss 0.339
Train Loss 0.332
Train Loss 0.358
Train Loss 0.333
Train Loss 0.330
Train Loss 0.342
Train Loss 0.314
Epoch  68 | Time    47 | Train Loss 0.3268 | Test Loss 0.000 | Test Error 7.09
Train Loss 0.042
Train Loss 0.311
Train Loss 0.315
Train Loss 0.330
Train Loss 0.330
Train Loss 0.321
Train Loss 0.315
Train Loss 0.329
Epoch  69 | Time    46 | Train Loss 0.3142 | Test Loss 0.000 | Test Error 7.01
Train Loss 0.039
Train Loss 0.311
Train Loss 0.338
Train Loss 0.312
Train Loss 0.339
Train Loss 0.365
Train Loss 0.313
Train Loss 0.323
Epoch  70 | Time    45 | Train Loss 0.3351 | Test Loss 0.000 | Test Error 6.98
Train Loss 0.033
Train Loss 0.320
Train Loss 0.334
Train Loss 0.323
Train Loss 0.307
Train Loss 0.317
Train Loss 0.334
Train Loss 0.313
Epoch  71 | Time    46 | Train Loss 0.3279 | Test Loss 0.000 | Test Error 7.07
Train Loss 0.027
Train Loss 0.324
Train Loss 0.295
Train Loss 0.324
Train Loss 0.320
Train Loss 0.309
Train Loss 0.350
Train Loss 0.312
Epoch  72 | Time    47 | Train Loss 0.3407 | Test Loss 0.000 | Test Error 7.05
Train Loss 0.029
Train Loss 0.299
Train Loss 0.294
Train Loss 0.325
Train Loss 0.299
Train Loss 0.336
Train Loss 0.327
Train Loss 0.316
Epoch  73 | Time    44 | Train Loss 0.2952 | Test Loss 0.000 | Test Error 7.16
Train Loss 0.019
Train Loss 0.317
Train Loss 0.300
Train Loss 0.316
Train Loss 0.310
Train Loss 0.340
Train Loss 0.348
Train Loss 0.322
Epoch  74 | Time    46 | Train Loss 0.3124 | Test Loss 0.000 | Test Error 6.72
Train Loss 0.026
Train Loss 0.294
Train Loss 0.304
Train Loss 0.306
Train Loss 0.322
Train Loss 0.311
Train Loss 0.330
Train Loss 0.314
Epoch  75 | Time    47 | Train Loss 0.3082 | Test Loss 0.000 | Test Error 7.06
Train Loss 0.027
Train Loss 0.318
Train Loss 0.329
Train Loss 0.299
Train Loss 0.351
Train Loss 0.320
Train Loss 0.347
Train Loss 0.321
Epoch  76 | Time    44 | Train Loss 0.3353 | Test Loss 0.000 | Test Error 6.90
Train Loss 0.034
Train Loss 0.303
Train Loss 0.350
Train Loss 0.323
Train Loss 0.308
Train Loss 0.299
Train Loss 0.314
Train Loss 0.332
Epoch  77 | Time    44 | Train Loss 0.3125 | Test Loss 0.000 | Test Error 6.96
Train Loss 0.025
Train Loss 0.299
Train Loss 0.305
Train Loss 0.323
Train Loss 0.320
Train Loss 0.313
Train Loss 0.305
Train Loss 0.317
Epoch  78 | Time    47 | Train Loss 0.3131 | Test Loss 0.000 | Test Error 6.87
Train Loss 0.031
Train Loss 0.332
Train Loss 0.298
Train Loss 0.308
Train Loss 0.293
Train Loss 0.309
Train Loss 0.301
Train Loss 0.316
Epoch  79 | Time    44 | Train Loss 0.2908 | Test Loss 0.000 | Test Error 6.99
Train Loss 0.040
Train Loss 0.297
Train Loss 0.324
Train Loss 0.298
Train Loss 0.311
Train Loss 0.301
Train Loss 0.319
Train Loss 0.322
Epoch  80 | Time    45 | Train Loss 0.3219 | Test Loss 0.000 | Test Error 6.80
Train Loss 0.033
Train Loss 0.306
Train Loss 0.304
Train Loss 0.288
Train Loss 0.309
Train Loss 0.295
Train Loss 0.311
Train Loss 0.323
Epoch  81 | Time    45 | Train Loss 0.3506 | Test Loss 0.000 | Test Error 6.86
Train Loss 0.030
Train Loss 0.300
Train Loss 0.301
Train Loss 0.281
Train Loss 0.304
Train Loss 0.303
Train Loss 0.311
Train Loss 0.289
Epoch  82 | Time    44 | Train Loss 0.3001 | Test Loss 0.000 | Test Error 6.85
Train Loss 0.031
Train Loss 0.326
Train Loss 0.314
Train Loss 0.290
Train Loss 0.295
Train Loss 0.323
Train Loss 0.309
Train Loss 0.306
Epoch  83 | Time    46 | Train Loss 0.3173 | Test Loss 0.000 | Test Error 6.87
Train Loss 0.029
Train Loss 0.301
Train Loss 0.326
Train Loss 0.272
Train Loss 0.320
Train Loss 0.303
Train Loss 0.290
Train Loss 0.288
Epoch  84 | Time    46 | Train Loss 0.3007 | Test Loss 0.000 | Test Error 6.99
Train Loss 0.027
Train Loss 0.298
Train Loss 0.303
Train Loss 0.307
Train Loss 0.315
Train Loss 0.307
Train Loss 0.305
Train Loss 0.280
Epoch  85 | Time    45 | Train Loss 0.3259 | Test Loss 0.000 | Test Error 6.76
Train Loss 0.022
Train Loss 0.290
Train Loss 0.295
Train Loss 0.310
Train Loss 0.310
Train Loss 0.302
Train Loss 0.293
Train Loss 0.309
Epoch  86 | Time    48 | Train Loss 0.3070 | Test Loss 0.000 | Test Error 6.74
Train Loss 0.031
Train Loss 0.296
Train Loss 0.298
Train Loss 0.310
Train Loss 0.298
Train Loss 0.319
Train Loss 0.286
Train Loss 0.294
Epoch  87 | Time    45 | Train Loss 0.2884 | Test Loss 0.000 | Test Error 6.74
Train Loss 0.032
Train Loss 0.289
Train Loss 0.305
Train Loss 0.305
Train Loss 0.314
Train Loss 0.308
Train Loss 0.302
Train Loss 0.298
Epoch  88 | Time    44 | Train Loss 0.3238 | Test Loss 0.000 | Test Error 6.81
Train Loss 0.021
Train Loss 0.281
Train Loss 0.319
Train Loss 0.290
Train Loss 0.296
Train Loss 0.314
Train Loss 0.310
Train Loss 0.293
Epoch  89 | Time    47 | Train Loss 0.3130 | Test Loss 0.000 | Test Error 6.76
Train Loss 0.047
Train Loss 0.287
Train Loss 0.297
Train Loss 0.323
Train Loss 0.290
Train Loss 0.298
Train Loss 0.328
Train Loss 0.282
Epoch  90 | Time    46 | Train Loss 0.3049 | Test Loss 0.000 | Test Error 6.66
Train Loss 0.032
Train Loss 0.293
Train Loss 0.302
Train Loss 0.284
Train Loss 0.280
Train Loss 0.302
Train Loss 0.306
Train Loss 0.292
Epoch  91 | Time    46 | Train Loss 0.3050 | Test Loss 0.000 | Test Error 6.68
Train Loss 0.023
Train Loss 0.272
Train Loss 0.290
Train Loss 0.290
Train Loss 0.331
Train Loss 0.317
Train Loss 0.294
Train Loss 0.294
Epoch  92 | Time    50 | Train Loss 0.2900 | Test Loss 0.000 | Test Error 6.77
Train Loss 0.025
Train Loss 0.282
Train Loss 0.303
Train Loss 0.324
Train Loss 0.308
Train Loss 0.305
Train Loss 0.311
Train Loss 0.315
Epoch  93 | Time    45 | Train Loss 0.2765 | Test Loss 0.000 | Test Error 6.84
Train Loss 0.030
Train Loss 0.261
Train Loss 0.300
Train Loss 0.320
Train Loss 0.325
Train Loss 0.297
Train Loss 0.324
Train Loss 0.305
Epoch  94 | Time    45 | Train Loss 0.2852 | Test Loss 0.000 | Test Error 6.76
Train Loss 0.025
Train Loss 0.296
Train Loss 0.291
Train Loss 0.278
Train Loss 0.286
Train Loss 0.279
Train Loss 0.295
Train Loss 0.304
Epoch  95 | Time    44 | Train Loss 0.2537 | Test Loss 0.000 | Test Error 6.79
Train Loss 0.018
Train Loss 0.308
Train Loss 0.289
Train Loss 0.302
Train Loss 0.281
Train Loss 0.264
Train Loss 0.276
Train Loss 0.293
Epoch  96 | Time    45 | Train Loss 0.2759 | Test Loss 0.000 | Test Error 6.78
Train Loss 0.048
Train Loss 0.286
Train Loss 0.300
Train Loss 0.313
Train Loss 0.294
Train Loss 0.284
Train Loss 0.296
Train Loss 0.274
Epoch  97 | Time    48 | Train Loss 0.2869 | Test Loss 0.000 | Test Error 6.85
Train Loss 0.026
Train Loss 0.290
Train Loss 0.284
Train Loss 0.302
Train Loss 0.318
Train Loss 0.274
Train Loss 0.296
Train Loss 0.307
Epoch  98 | Time    45 | Train Loss 0.3066 | Test Loss 0.000 | Test Error 6.83
Train Loss 0.023
Train Loss 0.286
Train Loss 0.301
Train Loss 0.289
Train Loss 0.294
Train Loss 0.313
Train Loss 0.307
Train Loss 0.301
Epoch  99 | Time    46 | Train Loss 0.2925 | Test Loss 0.000 | Test Error 6.84
Train Loss 0.034
Train Loss 0.324
Train Loss 0.293
Train Loss 0.282
Train Loss 0.291
Train Loss 0.304
Train Loss 0.319
Train Loss 0.289
Epoch 100 | Time    46 | Train Loss 0.3068 | Test Loss 0.000 | Test Error 6.82
gaussian_noise
	Test Loss 0.001 | Test Error 18.578
shot_noise
	Test Loss 0.000 | Test Error 15.450
impulse_noise
	Test Loss 0.001 | Test Error 17.116
defocus_blur
	Test Loss 0.000 | Test Error 8.354
glass_blur
	Test Loss 0.001 | Test Error 21.548
motion_blur
	Test Loss 0.000 | Test Error 10.140
zoom_blur
	Test Loss 0.000 | Test Error 9.818
snow
	Test Loss 0.000 | Test Error 12.454
frost
	Test Loss 0.000 | Test Error 13.108
fog
	Test Loss 0.000 | Test Error 11.716
brightness
	Test Loss 0.000 | Test Error 7.874
contrast
	Test Loss 0.000 | Test Error 10.654
elastic_transform
	Test Loss 0.000 | Test Error 11.288
pixelate
	Test Loss 0.000 | Test Error 14.292
jpeg_compression
	Test Loss 0.000 | Test Error 13.312
Mean Corruption Error: 13.047

gaussian_noise Flipping Prob
0.029140000000000034

shot_noise Flipping Prob
0.03747666666666675

motion_blur Flipping Prob
0.02462999999999971

zoom_blur Flipping Prob
0.0022033333333333345

spatter Flipping Prob
0.015089999999999727

brightness Flipping Prob
0.004520000000000055

translate Flipping Prob
0.028246666666666427

rotate Flipping Prob
0.014746666666666549

tilt Flipping Prob
0.0064000000000000315

scale Flipping Prob
0.020426666666666524
[0.029140000000000034, 0.03747666666666675, 0.02462999999999971, 0.0022033333333333345, 0.015089999999999727, 0.004520000000000055, 0.028246666666666427, 0.014746666666666549, 0.0064000000000000315, 0.020426666666666524]

Mean Flipping Prob	0.01829
