/home/g051463/.conda/envs/env_am/lib/python3.10/site-packages/torchvision/models/_utils.py:208: UserWarning: The parameter 'pretrained' is deprecated since 0.13 and will be removed in 0.15, please use 'weights' instead.
  warnings.warn(
/home/g051463/.conda/envs/env_am/lib/python3.10/site-packages/torchvision/models/_utils.py:223: UserWarning: Arguments other than a weight enum or `None` for 'weights' are deprecated since 0.13 and will be removed in 0.15. The current behavior is equivalent to passing `weights=None`.
  warnings.warn(msg)
Files already downloaded and verified
Files already downloaded and verified
Beginning training from epoch: 1
Train Loss 0.304
Train Loss 2.481
Train Loss 2.132
Train Loss 2.023
Train Loss 2.007
Train Loss 1.920
Train Loss 1.885
Train Loss 1.837
Epoch   1 | Time    45 | Train Loss 1.8017 | Test Loss 0.002 | Test Error 60.74
Train Loss 0.175
Train Loss 1.766
Train Loss 1.745
Train Loss 1.688
Train Loss 1.689
Train Loss 1.656
Train Loss 1.612
Train Loss 1.619
Epoch   2 | Time    44 | Train Loss 1.5913 | Test Loss 0.001 | Test Error 53.67
Train Loss 0.152
Train Loss 1.585
Train Loss 1.539
Train Loss 1.547
Train Loss 1.493
Train Loss 1.537
Train Loss 1.464
Train Loss 1.489
Epoch   3 | Time    43 | Train Loss 1.4632 | Test Loss 0.001 | Test Error 45.69
Train Loss 0.152
Train Loss 1.468
Train Loss 1.430
Train Loss 1.412
Train Loss 1.409
Train Loss 1.341
Train Loss 1.368
Train Loss 1.377
Epoch   4 | Time    43 | Train Loss 1.3769 | Test Loss 0.001 | Test Error 43.18
Train Loss 0.133
Train Loss 1.332
Train Loss 1.332
Train Loss 1.323
Train Loss 1.278
Train Loss 1.312
Train Loss 1.291
Train Loss 1.286
Epoch   5 | Time    43 | Train Loss 1.2663 | Test Loss 0.001 | Test Error 36.78
Train Loss 0.113
Train Loss 1.265
Train Loss 1.229
Train Loss 1.222
Train Loss 1.216
Train Loss 1.236
Train Loss 1.204
Train Loss 1.226
Epoch   6 | Time    43 | Train Loss 1.1969 | Test Loss 0.001 | Test Error 32.29
Train Loss 0.097
Train Loss 1.152
Train Loss 1.187
Train Loss 1.192
Train Loss 1.171
Train Loss 1.140
Train Loss 1.120
Train Loss 1.158
Epoch   7 | Time    43 | Train Loss 1.1758 | Test Loss 0.001 | Test Error 30.71
Train Loss 0.101
Train Loss 1.133
Train Loss 1.138
Train Loss 1.133
Train Loss 1.092
Train Loss 1.143
Train Loss 1.081
Train Loss 1.111
Epoch   8 | Time    43 | Train Loss 1.1494 | Test Loss 0.001 | Test Error 30.17
Train Loss 0.115
Train Loss 1.095
Train Loss 1.077
Train Loss 1.109
Train Loss 1.118
Train Loss 1.091
Train Loss 1.055
Train Loss 1.111
Epoch   9 | Time    43 | Train Loss 1.0927 | Test Loss 0.001 | Test Error 26.95
Train Loss 0.114
Train Loss 1.085
Train Loss 1.089
Train Loss 1.027
Train Loss 1.067
Train Loss 1.084
Train Loss 1.025
Train Loss 1.041
Epoch  10 | Time    43 | Train Loss 1.0870 | Test Loss 0.001 | Test Error 28.22
Train Loss 0.104
Train Loss 1.040
Train Loss 1.027
Train Loss 1.041
Train Loss 1.036
Train Loss 1.061
Train Loss 1.060
Train Loss 1.038
Epoch  11 | Time    43 | Train Loss 1.0473 | Test Loss 0.001 | Test Error 28.26
Train Loss 0.104
Train Loss 1.043
Train Loss 1.020
Train Loss 0.988
Train Loss 1.022
Train Loss 0.993
Train Loss 1.053
Train Loss 1.015
Epoch  12 | Time    43 | Train Loss 1.0401 | Test Loss 0.001 | Test Error 27.43
Train Loss 0.103
Train Loss 0.974
Train Loss 1.024
Train Loss 1.016
Train Loss 1.008
Train Loss 0.999
Train Loss 1.032
Train Loss 1.020
Epoch  13 | Time    43 | Train Loss 1.0127 | Test Loss 0.001 | Test Error 28.60
Train Loss 0.094
Train Loss 1.002
Train Loss 0.977
Train Loss 1.002
Train Loss 0.970
Train Loss 0.999
Train Loss 0.947
Train Loss 1.044
Epoch  14 | Time    44 | Train Loss 0.9801 | Test Loss 0.001 | Test Error 27.49
Train Loss 0.090
Train Loss 0.994
Train Loss 0.996
Train Loss 0.998
Train Loss 0.976
Train Loss 1.016
Train Loss 0.991
Train Loss 0.978
Epoch  15 | Time    44 | Train Loss 0.9769 | Test Loss 0.001 | Test Error 24.17
Train Loss 0.089
Train Loss 0.972
Train Loss 0.971
Train Loss 0.966
Train Loss 0.967
Train Loss 0.990
Train Loss 0.974
Train Loss 0.954
Epoch  16 | Time    43 | Train Loss 0.9599 | Test Loss 0.001 | Test Error 26.25
Train Loss 0.081
Train Loss 0.946
Train Loss 0.945
Train Loss 0.974
Train Loss 0.962
Train Loss 0.970
Train Loss 0.960
Train Loss 0.970
Epoch  17 | Time    44 | Train Loss 0.9692 | Test Loss 0.001 | Test Error 27.63
Train Loss 0.086
Train Loss 0.910
Train Loss 0.968
Train Loss 0.962
Train Loss 0.941
Train Loss 0.965
Train Loss 0.986
Train Loss 0.946
Epoch  18 | Time    43 | Train Loss 1.0050 | Test Loss 0.001 | Test Error 24.05
Train Loss 0.083
Train Loss 0.934
Train Loss 0.945
Train Loss 0.947
Train Loss 1.002
Train Loss 0.967
Train Loss 0.978
Train Loss 0.962
Epoch  19 | Time    43 | Train Loss 0.9426 | Test Loss 0.001 | Test Error 23.92
Train Loss 0.100
Train Loss 0.941
Train Loss 0.937
Train Loss 0.986
Train Loss 0.962
Train Loss 0.967
Train Loss 0.970
Train Loss 0.964
Epoch  20 | Time    43 | Train Loss 0.9615 | Test Loss 0.001 | Test Error 25.68
Train Loss 0.094
Train Loss 0.913
Train Loss 0.965
Train Loss 0.922
Train Loss 0.949
Train Loss 0.948
Train Loss 0.934
Train Loss 0.938
Epoch  21 | Time    43 | Train Loss 0.9742 | Test Loss 0.001 | Test Error 23.77
Train Loss 0.092
Train Loss 0.898
Train Loss 0.928
Train Loss 0.935
Train Loss 0.939
Train Loss 0.937
Train Loss 0.914
Train Loss 0.970
Epoch  22 | Time    43 | Train Loss 0.9156 | Test Loss 0.001 | Test Error 23.55
Train Loss 0.087
Train Loss 0.922
Train Loss 0.892
Train Loss 0.962
Train Loss 0.930
Train Loss 0.954
Train Loss 0.901
Train Loss 0.955
Epoch  23 | Time    44 | Train Loss 0.9292 | Test Loss 0.001 | Test Error 23.36
Train Loss 0.087
Train Loss 0.904
Train Loss 0.977
Train Loss 0.906
Train Loss 0.897
Train Loss 0.916
Train Loss 0.911
Train Loss 0.884
Epoch  24 | Time    43 | Train Loss 0.9253 | Test Loss 0.001 | Test Error 22.76
Train Loss 0.091
Train Loss 0.897
Train Loss 0.911
Train Loss 0.908
Train Loss 0.906
Train Loss 0.905
Train Loss 0.971
Train Loss 0.909
Epoch  25 | Time    43 | Train Loss 0.9238 | Test Loss 0.001 | Test Error 26.43
Train Loss 0.079
Train Loss 0.895
Train Loss 0.898
Train Loss 0.905
Train Loss 0.910
Train Loss 0.923
Train Loss 0.910
Train Loss 0.894
Epoch  26 | Time    43 | Train Loss 0.9167 | Test Loss 0.001 | Test Error 22.81
Train Loss 0.088
Train Loss 0.880
Train Loss 0.898
Train Loss 0.936
Train Loss 0.929
Train Loss 0.899
Train Loss 0.911
Train Loss 0.961
Epoch  27 | Time    43 | Train Loss 0.9110 | Test Loss 0.001 | Test Error 24.73
Train Loss 0.079
Train Loss 0.857
Train Loss 0.898
Train Loss 0.876
Train Loss 0.904
Train Loss 0.875
Train Loss 0.893
Train Loss 0.906
Epoch  28 | Time    43 | Train Loss 0.9111 | Test Loss 0.001 | Test Error 23.94
Train Loss 0.100
Train Loss 0.902
Train Loss 0.888
Train Loss 0.906
Train Loss 0.866
Train Loss 0.924
Train Loss 0.896
Train Loss 0.889
Epoch  29 | Time    43 | Train Loss 0.9107 | Test Loss 0.001 | Test Error 22.53
Train Loss 0.079
Train Loss 0.897
Train Loss 0.894
Train Loss 0.853
Train Loss 0.868
Train Loss 0.881
Train Loss 0.872
Train Loss 0.900
Epoch  30 | Time    43 | Train Loss 0.8919 | Test Loss 0.001 | Test Error 23.20
Train Loss 0.096
Train Loss 0.860
Train Loss 0.884
Train Loss 0.836
Train Loss 0.886
Train Loss 0.876
Train Loss 0.927
Train Loss 0.871
Epoch  31 | Time    44 | Train Loss 0.8984 | Test Loss 0.001 | Test Error 22.65
Train Loss 0.078
Train Loss 0.876
Train Loss 0.886
Train Loss 0.873
Train Loss 0.874
Train Loss 0.870
Train Loss 0.912
Train Loss 0.888
Epoch  32 | Time    44 | Train Loss 0.9097 | Test Loss 0.001 | Test Error 23.86
Train Loss 0.089
Train Loss 0.845
Train Loss 0.888
Train Loss 0.887
Train Loss 0.875
Train Loss 0.849
Train Loss 0.860
Train Loss 0.884
Epoch  33 | Time    44 | Train Loss 0.8848 | Test Loss 0.001 | Test Error 21.55
Train Loss 0.080
Train Loss 0.903
Train Loss 0.855
Train Loss 0.855
Train Loss 0.860
Train Loss 0.845
Train Loss 0.854
Train Loss 0.882
Epoch  34 | Time    44 | Train Loss 0.8657 | Test Loss 0.001 | Test Error 23.00
Train Loss 0.097
Train Loss 0.835
Train Loss 0.852
Train Loss 0.859
Train Loss 0.871
Train Loss 0.900
Train Loss 0.858
Train Loss 0.845
Epoch  35 | Time    43 | Train Loss 0.8727 | Test Loss 0.001 | Test Error 24.15
Train Loss 0.078
Train Loss 0.860
Train Loss 0.838
Train Loss 0.838
Train Loss 0.866
Train Loss 0.862
Train Loss 0.897
Train Loss 0.874
Epoch  36 | Time    44 | Train Loss 0.8957 | Test Loss 0.001 | Test Error 26.66
Train Loss 0.077
Train Loss 0.822
Train Loss 0.864
Train Loss 0.871
Train Loss 0.886
Train Loss 0.852
Train Loss 0.863
Train Loss 0.840
Epoch  37 | Time    43 | Train Loss 0.8559 | Test Loss 0.001 | Test Error 23.59
Train Loss 0.093
Train Loss 0.877
Train Loss 0.806
Train Loss 0.841
Train Loss 0.870
Train Loss 0.855
Train Loss 0.864
Train Loss 0.860
Epoch  38 | Time    43 | Train Loss 0.8786 | Test Loss 0.001 | Test Error 21.64
Train Loss 0.080
Train Loss 0.869
Train Loss 0.817
Train Loss 0.833
Train Loss 0.827
Train Loss 0.835
Train Loss 0.869
Train Loss 0.864
Epoch  39 | Time    44 | Train Loss 0.8393 | Test Loss 0.001 | Test Error 20.91
Train Loss 0.089
Train Loss 0.792
Train Loss 0.832
Train Loss 0.850
Train Loss 0.859
Train Loss 0.869
Train Loss 0.830
Train Loss 0.854
Epoch  40 | Time    43 | Train Loss 0.8333 | Test Loss 0.001 | Test Error 21.72
Train Loss 0.081
Train Loss 0.847
Train Loss 0.838
Train Loss 0.853
Train Loss 0.813
Train Loss 0.817
Train Loss 0.872
Train Loss 0.843
Epoch  41 | Time    43 | Train Loss 0.8754 | Test Loss 0.001 | Test Error 21.46
Train Loss 0.073
Train Loss 0.779
Train Loss 0.831
Train Loss 0.852
Train Loss 0.796
Train Loss 0.795
Train Loss 0.844
Train Loss 0.863
Epoch  42 | Time    43 | Train Loss 0.8196 | Test Loss 0.001 | Test Error 21.37
Train Loss 0.077
Train Loss 0.850
Train Loss 0.863
Train Loss 0.782
Train Loss 0.814
Train Loss 0.865
Train Loss 0.807
Train Loss 0.811
Epoch  43 | Time    43 | Train Loss 0.8233 | Test Loss 0.001 | Test Error 21.94
Train Loss 0.096
Train Loss 0.783
Train Loss 0.846
Train Loss 0.844
Train Loss 0.819
Train Loss 0.862
Train Loss 0.824
Train Loss 0.800
Epoch  44 | Time    43 | Train Loss 0.8173 | Test Loss 0.001 | Test Error 20.98
Train Loss 0.091
Train Loss 0.795
Train Loss 0.828
Train Loss 0.842
Train Loss 0.833
Train Loss 0.815
Train Loss 0.822
Train Loss 0.824
Epoch  45 | Time    44 | Train Loss 0.7984 | Test Loss 0.001 | Test Error 20.33
Train Loss 0.075
Train Loss 0.850
Train Loss 0.826
Train Loss 0.831
Train Loss 0.780
Train Loss 0.825
Train Loss 0.823
Train Loss 0.815
Epoch  46 | Time    43 | Train Loss 0.8101 | Test Loss 0.001 | Test Error 20.61
Train Loss 0.087
Train Loss 0.793
Train Loss 0.829
Train Loss 0.809
Train Loss 0.792
Train Loss 0.840
Train Loss 0.807
Train Loss 0.813
Epoch  47 | Time    43 | Train Loss 0.8343 | Test Loss 0.001 | Test Error 21.25
Train Loss 0.075
Train Loss 0.820
Train Loss 0.753
Train Loss 0.808
Train Loss 0.793
Train Loss 0.818
Train Loss 0.810
Train Loss 0.800
Epoch  48 | Time    43 | Train Loss 0.8561 | Test Loss 0.001 | Test Error 21.47
Train Loss 0.068
Train Loss 0.756
Train Loss 0.819
Train Loss 0.824
Train Loss 0.796
Train Loss 0.799
Train Loss 0.770
Train Loss 0.797
Epoch  49 | Time    43 | Train Loss 0.7683 | Test Loss 0.001 | Test Error 20.95
Train Loss 0.063
Train Loss 0.768
Train Loss 0.773
Train Loss 0.788
Train Loss 0.795
Train Loss 0.813
Train Loss 0.767
Train Loss 0.827
Epoch  50 | Time    43 | Train Loss 0.7740 | Test Loss 0.001 | Test Error 20.91
Train Loss 0.065
Train Loss 0.752
Train Loss 0.761
Train Loss 0.768
Train Loss 0.764
Train Loss 0.804
Train Loss 0.759
Train Loss 0.770
Epoch  51 | Time    43 | Train Loss 0.7904 | Test Loss 0.001 | Test Error 21.32
Train Loss 0.069
Train Loss 0.779
Train Loss 0.774
Train Loss 0.788
Train Loss 0.758
Train Loss 0.787
Train Loss 0.784
Train Loss 0.754
Epoch  52 | Time    43 | Train Loss 0.7791 | Test Loss 0.001 | Test Error 19.89
Train Loss 0.071
Train Loss 0.736
Train Loss 0.778
Train Loss 0.727
Train Loss 0.774
Train Loss 0.760
Train Loss 0.744
Train Loss 0.808
Epoch  53 | Time    43 | Train Loss 0.7544 | Test Loss 0.001 | Test Error 21.03
Train Loss 0.075
Train Loss 0.750
Train Loss 0.746
Train Loss 0.779
Train Loss 0.766
Train Loss 0.755
Train Loss 0.747
Train Loss 0.769
Epoch  54 | Time    44 | Train Loss 0.7844 | Test Loss 0.001 | Test Error 17.86
Train Loss 0.077
Train Loss 0.759
Train Loss 0.775
Train Loss 0.746
Train Loss 0.753
Train Loss 0.772
Train Loss 0.776
Train Loss 0.738
Epoch  55 | Time    43 | Train Loss 0.7417 | Test Loss 0.001 | Test Error 18.08
Train Loss 0.080
Train Loss 0.725
Train Loss 0.723
Train Loss 0.739
Train Loss 0.767
Train Loss 0.781
Train Loss 0.743
Train Loss 0.757
Epoch  56 | Time    43 | Train Loss 0.7507 | Test Loss 0.001 | Test Error 17.79
Train Loss 0.077
Train Loss 0.744
Train Loss 0.719
Train Loss 0.734
Train Loss 0.742
Train Loss 0.750
Train Loss 0.742
Train Loss 0.759
Epoch  57 | Time    43 | Train Loss 0.7386 | Test Loss 0.001 | Test Error 18.05
Train Loss 0.069
Train Loss 0.721
Train Loss 0.733
Train Loss 0.734
Train Loss 0.737
Train Loss 0.759
Train Loss 0.770
Train Loss 0.684
Epoch  58 | Time    43 | Train Loss 0.7565 | Test Loss 0.001 | Test Error 17.95
Train Loss 0.068
Train Loss 0.677
Train Loss 0.727
Train Loss 0.730
Train Loss 0.749
Train Loss 0.719
Train Loss 0.703
Train Loss 0.723
Epoch  59 | Time    43 | Train Loss 0.6878 | Test Loss 0.001 | Test Error 18.96
Train Loss 0.060
Train Loss 0.706
Train Loss 0.739
Train Loss 0.691
Train Loss 0.747
Train Loss 0.724
Train Loss 0.712
Train Loss 0.763
Epoch  60 | Time    43 | Train Loss 0.7134 | Test Loss 0.001 | Test Error 18.21
Train Loss 0.064
Train Loss 0.730
Train Loss 0.726
Train Loss 0.719
Train Loss 0.674
Train Loss 0.732
Train Loss 0.680
Train Loss 0.678
Epoch  61 | Time    43 | Train Loss 0.7287 | Test Loss 0.001 | Test Error 17.50
Train Loss 0.072
Train Loss 0.703
Train Loss 0.699
Train Loss 0.712
Train Loss 0.696
Train Loss 0.685
Train Loss 0.713
Train Loss 0.708
Epoch  62 | Time    43 | Train Loss 0.7016 | Test Loss 0.001 | Test Error 16.86
Train Loss 0.082
Train Loss 0.712
Train Loss 0.681
Train Loss 0.723
Train Loss 0.673
Train Loss 0.689
Train Loss 0.735
Train Loss 0.703
Epoch  63 | Time    43 | Train Loss 0.6868 | Test Loss 0.001 | Test Error 17.06
Train Loss 0.075
Train Loss 0.712
Train Loss 0.690
Train Loss 0.667
Train Loss 0.703
Train Loss 0.717
Train Loss 0.706
Train Loss 0.661
Epoch  64 | Time    43 | Train Loss 0.6758 | Test Loss 0.000 | Test Error 16.26
Train Loss 0.061
Train Loss 0.678
Train Loss 0.673
Train Loss 0.714
Train Loss 0.693
Train Loss 0.680
Train Loss 0.702
Train Loss 0.665
Epoch  65 | Time    43 | Train Loss 0.7039 | Test Loss 0.001 | Test Error 17.06
Train Loss 0.063
Train Loss 0.676
Train Loss 0.648
Train Loss 0.666
Train Loss 0.641
Train Loss 0.648
Train Loss 0.706
Train Loss 0.700
Epoch  66 | Time    43 | Train Loss 0.7020 | Test Loss 0.000 | Test Error 15.84
Train Loss 0.076
Train Loss 0.683
Train Loss 0.682
Train Loss 0.641
Train Loss 0.688
Train Loss 0.695
Train Loss 0.664
Train Loss 0.662
Epoch  67 | Time    43 | Train Loss 0.6887 | Test Loss 0.000 | Test Error 16.22
Train Loss 0.064
Train Loss 0.671
Train Loss 0.646
Train Loss 0.667
Train Loss 0.632
Train Loss 0.618
Train Loss 0.669
Train Loss 0.645
Epoch  68 | Time    43 | Train Loss 0.6794 | Test Loss 0.000 | Test Error 15.70
Train Loss 0.057
Train Loss 0.602
Train Loss 0.659
Train Loss 0.604
Train Loss 0.630
Train Loss 0.663
Train Loss 0.659
Train Loss 0.676
Epoch  69 | Time    43 | Train Loss 0.6668 | Test Loss 0.000 | Test Error 15.49
Train Loss 0.068
Train Loss 0.651
Train Loss 0.620
Train Loss 0.691
Train Loss 0.665
Train Loss 0.633
Train Loss 0.664
Train Loss 0.644
Epoch  70 | Time    43 | Train Loss 0.6382 | Test Loss 0.000 | Test Error 15.82
Train Loss 0.074
Train Loss 0.629
Train Loss 0.626
Train Loss 0.615
Train Loss 0.591
Train Loss 0.624
Train Loss 0.652
Train Loss 0.633
Epoch  71 | Time    43 | Train Loss 0.6350 | Test Loss 0.000 | Test Error 16.26
Train Loss 0.053
Train Loss 0.606
Train Loss 0.603
Train Loss 0.614
Train Loss 0.613
Train Loss 0.611
Train Loss 0.613
Train Loss 0.623
Epoch  72 | Time    43 | Train Loss 0.6111 | Test Loss 0.000 | Test Error 15.99
Train Loss 0.047
Train Loss 0.636
Train Loss 0.628
Train Loss 0.632
Train Loss 0.601
Train Loss 0.607
Train Loss 0.609
Train Loss 0.641
Epoch  73 | Time    44 | Train Loss 0.6387 | Test Loss 0.000 | Test Error 15.12
Train Loss 0.052
Train Loss 0.613
Train Loss 0.587
Train Loss 0.624
Train Loss 0.623
Train Loss 0.619
Train Loss 0.651
Train Loss 0.583
Epoch  74 | Time    43 | Train Loss 0.6134 | Test Loss 0.000 | Test Error 15.75
Train Loss 0.055
Train Loss 0.574
Train Loss 0.614
Train Loss 0.591
Train Loss 0.611
Train Loss 0.589
Train Loss 0.567
Train Loss 0.611
Epoch  75 | Time    43 | Train Loss 0.6060 | Test Loss 0.000 | Test Error 14.02
Train Loss 0.071
Train Loss 0.561
Train Loss 0.593
Train Loss 0.610
Train Loss 0.577
Train Loss 0.585
Train Loss 0.594
Train Loss 0.557
Epoch  76 | Time    43 | Train Loss 0.5760 | Test Loss 0.000 | Test Error 14.09
Train Loss 0.058
Train Loss 0.525
Train Loss 0.604
Train Loss 0.592
Train Loss 0.568
Train Loss 0.597
Train Loss 0.584
Train Loss 0.584
Epoch  77 | Time    43 | Train Loss 0.5819 | Test Loss 0.000 | Test Error 14.93
Train Loss 0.061
Train Loss 0.553
Train Loss 0.554
Train Loss 0.589
Train Loss 0.574
Train Loss 0.564
Train Loss 0.578
Train Loss 0.554
Epoch  78 | Time    43 | Train Loss 0.5458 | Test Loss 0.000 | Test Error 13.55
Train Loss 0.043
Train Loss 0.540
Train Loss 0.542
Train Loss 0.564
Train Loss 0.568
Train Loss 0.535
Train Loss 0.574
Train Loss 0.568
Epoch  79 | Time    43 | Train Loss 0.5653 | Test Loss 0.000 | Test Error 14.16
Train Loss 0.055
Train Loss 0.539
Train Loss 0.522
Train Loss 0.550
Train Loss 0.526
Train Loss 0.541
Train Loss 0.515
Train Loss 0.543
Epoch  80 | Time    43 | Train Loss 0.5449 | Test Loss 0.000 | Test Error 13.81
Train Loss 0.056
Train Loss 0.515
Train Loss 0.505
Train Loss 0.518
Train Loss 0.553
Train Loss 0.544
Train Loss 0.523
Train Loss 0.526
Epoch  81 | Time    43 | Train Loss 0.5215 | Test Loss 0.000 | Test Error 13.80
Train Loss 0.066
Train Loss 0.511
Train Loss 0.527
Train Loss 0.486
Train Loss 0.552
Train Loss 0.536
Train Loss 0.522
Train Loss 0.542
Epoch  82 | Time    43 | Train Loss 0.5033 | Test Loss 0.000 | Test Error 13.11
Train Loss 0.050
Train Loss 0.501
Train Loss 0.514
Train Loss 0.533
Train Loss 0.517
Train Loss 0.505
Train Loss 0.508
Train Loss 0.529
Epoch  83 | Time    43 | Train Loss 0.4982 | Test Loss 0.000 | Test Error 13.04
Train Loss 0.039
Train Loss 0.516
Train Loss 0.493
Train Loss 0.499
Train Loss 0.499
Train Loss 0.501
Train Loss 0.496
Train Loss 0.449
Epoch  84 | Time    43 | Train Loss 0.5023 | Test Loss 0.000 | Test Error 12.57
Train Loss 0.042
Train Loss 0.500
Train Loss 0.465
Train Loss 0.497
Train Loss 0.473
Train Loss 0.471
Train Loss 0.499
Train Loss 0.487
Epoch  85 | Time    43 | Train Loss 0.5109 | Test Loss 0.000 | Test Error 13.14
Train Loss 0.052
Train Loss 0.488
Train Loss 0.455
Train Loss 0.499
Train Loss 0.463
Train Loss 0.494
Train Loss 0.481
Train Loss 0.477
Epoch  86 | Time    43 | Train Loss 0.4874 | Test Loss 0.000 | Test Error 12.24
Train Loss 0.039
Train Loss 0.466
Train Loss 0.456
Train Loss 0.472
Train Loss 0.489
Train Loss 0.472
Train Loss 0.462
Train Loss 0.473
Epoch  87 | Time    43 | Train Loss 0.4614 | Test Loss 0.000 | Test Error 12.45
Train Loss 0.050
Train Loss 0.436
Train Loss 0.477
Train Loss 0.450
Train Loss 0.482
Train Loss 0.422
Train Loss 0.464
Train Loss 0.471
Epoch  88 | Time    43 | Train Loss 0.4744 | Test Loss 0.000 | Test Error 12.12
Train Loss 0.062
Train Loss 0.455
Train Loss 0.446
Train Loss 0.418
Train Loss 0.431
Train Loss 0.441
Train Loss 0.434
Train Loss 0.466
Epoch  89 | Time    43 | Train Loss 0.4462 | Test Loss 0.000 | Test Error 12.18
Train Loss 0.041
Train Loss 0.441
Train Loss 0.432
Train Loss 0.444
Train Loss 0.462
Train Loss 0.423
Train Loss 0.448
Train Loss 0.419
Epoch  90 | Time    43 | Train Loss 0.4326 | Test Loss 0.000 | Test Error 11.74
Train Loss 0.032
Train Loss 0.422
Train Loss 0.445
Train Loss 0.438
Train Loss 0.446
Train Loss 0.427
Train Loss 0.437
Train Loss 0.421
Epoch  91 | Time    43 | Train Loss 0.4106 | Test Loss 0.000 | Test Error 11.58
Train Loss 0.030
Train Loss 0.431
Train Loss 0.409
Train Loss 0.395
Train Loss 0.434
Train Loss 0.410
Train Loss 0.431
Train Loss 0.417
Epoch  92 | Time    43 | Train Loss 0.3928 | Test Loss 0.000 | Test Error 11.42
Train Loss 0.043
Train Loss 0.424
Train Loss 0.399
Train Loss 0.387
Train Loss 0.399
Train Loss 0.424
Train Loss 0.420
Train Loss 0.406
Epoch  93 | Time    43 | Train Loss 0.3885 | Test Loss 0.000 | Test Error 11.15
Train Loss 0.038
Train Loss 0.415
Train Loss 0.386
Train Loss 0.382
Train Loss 0.401
Train Loss 0.381
Train Loss 0.416
Train Loss 0.394
Epoch  94 | Time    43 | Train Loss 0.3880 | Test Loss 0.000 | Test Error 11.18
Train Loss 0.042
Train Loss 0.417
Train Loss 0.400
Train Loss 0.376
Train Loss 0.405
Train Loss 0.405
Train Loss 0.401
Train Loss 0.365
Epoch  95 | Time    43 | Train Loss 0.3993 | Test Loss 0.000 | Test Error 11.06
Train Loss 0.037
Train Loss 0.405
Train Loss 0.370
Train Loss 0.391
Train Loss 0.391
Train Loss 0.391
Train Loss 0.381
Train Loss 0.381
Epoch  96 | Time    43 | Train Loss 0.3982 | Test Loss 0.000 | Test Error 10.85
Train Loss 0.035
Train Loss 0.391
Train Loss 0.376
Train Loss 0.384
Train Loss 0.401
Train Loss 0.368
Train Loss 0.417
Train Loss 0.413
Epoch  97 | Time    43 | Train Loss 0.3741 | Test Loss 0.000 | Test Error 11.07
Train Loss 0.031
Train Loss 0.395
Train Loss 0.399
Train Loss 0.375
Train Loss 0.380
Train Loss 0.402
Train Loss 0.384
Train Loss 0.398
Epoch  98 | Time    43 | Train Loss 0.3587 | Test Loss 0.000 | Test Error 10.87
Train Loss 0.041
Train Loss 0.355
Train Loss 0.393
Train Loss 0.365
Train Loss 0.368
Train Loss 0.348
Train Loss 0.409
Train Loss 0.380
Epoch  99 | Time    43 | Train Loss 0.3797 | Test Loss 0.000 | Test Error 10.90
Train Loss 0.031
Train Loss 0.379
Train Loss 0.362
Train Loss 0.419
Train Loss 0.375
Train Loss 0.363
Train Loss 0.405
Train Loss 0.398
Epoch 100 | Time    43 | Train Loss 0.3665 | Test Loss 0.000 | Test Error 10.85
gaussian_noise
	Test Loss 0.001 | Test Error 17.420
shot_noise
	Test Loss 0.000 | Test Error 15.092
impulse_noise
	Test Loss 0.001 | Test Error 22.384
defocus_blur
	Test Loss 0.000 | Test Error 12.632
glass_blur
	Test Loss 0.001 | Test Error 20.572
motion_blur
	Test Loss 0.000 | Test Error 14.512
zoom_blur
	Test Loss 0.000 | Test Error 13.732
snow
	Test Loss 0.000 | Test Error 16.606
frost
	Test Loss 0.000 | Test Error 16.278
fog
	Test Loss 0.001 | Test Error 18.016
brightness
	Test Loss 0.000 | Test Error 12.438
contrast
	Test Loss 0.001 | Test Error 22.706
elastic_transform
	Test Loss 0.000 | Test Error 15.202
pixelate
	Test Loss 0.000 | Test Error 13.034
jpeg_compression
	Test Loss 0.000 | Test Error 14.018
Mean Corruption Error: 16.309
