/home/g051463/.conda/envs/env_am/lib/python3.10/site-packages/torch/utils/data/dataloader.py:563: UserWarning: This DataLoader will create 4 worker processes in total. Our suggested max number of worker in current system is 2, which is smaller than what this DataLoader is going to create. Please be aware that excessive worker creation might get DataLoader running slow or even freeze, lower the worker number to avoid potential slowness/freeze if necessary.
  warnings.warn(_create_warning_msg(
/home/g051463/.conda/envs/env_am/lib/python3.10/site-packages/torchvision/models/_utils.py:208: UserWarning: The parameter 'pretrained' is deprecated since 0.13 and will be removed in 0.15, please use 'weights' instead.
  warnings.warn(
/home/g051463/.conda/envs/env_am/lib/python3.10/site-packages/torchvision/models/_utils.py:223: UserWarning: Arguments other than a weight enum or `None` for 'weights' are deprecated since 0.13 and will be removed in 0.15. The current behavior is equivalent to passing `weights=ResNet18_Weights.IMAGENET1K_V1`. You can also use `weights=ResNet18_Weights.DEFAULT` to get the most up-to-date weights.
  warnings.warn(msg)
Files already downloaded and verified
Files already downloaded and verified
Beginning training from epoch: 1
Train Loss 0.314
Train Loss 1.738
Train Loss 1.447
Train Loss 1.301
Train Loss 1.261
Train Loss 1.186
Train Loss 1.120
Train Loss 1.129
Epoch   1 | Time   100 | Train Loss 1.1054 | Test Loss 0.001 | Test Error 27.02
Train Loss 0.100
Train Loss 1.061
Train Loss 1.056
Train Loss 0.982
Train Loss 1.033
Train Loss 1.013
Train Loss 0.953
Train Loss 1.001
Epoch   2 | Time    96 | Train Loss 0.9698 | Test Loss 0.001 | Test Error 22.33
Train Loss 0.093
Train Loss 0.938
Train Loss 0.946
Train Loss 0.938
Train Loss 0.896
Train Loss 0.929
Train Loss 0.867
Train Loss 0.896
Epoch   3 | Time    97 | Train Loss 0.8946 | Test Loss 0.001 | Test Error 22.18
Train Loss 0.109
Train Loss 0.882
Train Loss 0.912
Train Loss 0.900
Train Loss 0.850
Train Loss 0.849
Train Loss 0.871
Train Loss 0.887
Epoch   4 | Time    97 | Train Loss 0.8630 | Test Loss 0.001 | Test Error 20.12
Train Loss 0.095
Train Loss 0.844
Train Loss 0.844
Train Loss 0.842
Train Loss 0.789
Train Loss 0.819
Train Loss 0.831
Train Loss 0.844
Epoch   5 | Time    97 | Train Loss 0.8072 | Test Loss 0.001 | Test Error 19.22
Train Loss 0.068
Train Loss 0.788
Train Loss 0.765
Train Loss 0.809
Train Loss 0.828
Train Loss 0.806
Train Loss 0.788
Train Loss 0.789
Epoch   6 | Time    97 | Train Loss 0.8116 | Test Loss 0.001 | Test Error 19.32
Train Loss 0.063
Train Loss 0.759
Train Loss 0.778
Train Loss 0.775
Train Loss 0.782
Train Loss 0.777
Train Loss 0.735
Train Loss 0.772
Epoch   7 | Time    97 | Train Loss 0.7725 | Test Loss 0.001 | Test Error 17.85
Train Loss 0.071
Train Loss 0.757
Train Loss 0.744
Train Loss 0.749
Train Loss 0.718
Train Loss 0.766
Train Loss 0.728
Train Loss 0.782
Epoch   8 | Time    97 | Train Loss 0.7692 | Test Loss 0.001 | Test Error 18.36
Train Loss 0.073
Train Loss 0.726
Train Loss 0.738
Train Loss 0.726
Train Loss 0.730
Train Loss 0.750
Train Loss 0.705
Train Loss 0.778
Epoch   9 | Time    98 | Train Loss 0.7317 | Test Loss 0.001 | Test Error 16.74
Train Loss 0.086
Train Loss 0.743
Train Loss 0.730
Train Loss 0.722
Train Loss 0.712
Train Loss 0.729
Train Loss 0.715
Train Loss 0.705
Epoch  10 | Time    97 | Train Loss 0.7409 | Test Loss 0.001 | Test Error 19.42
Train Loss 0.073
Train Loss 0.730
Train Loss 0.703
Train Loss 0.713
Train Loss 0.695
Train Loss 0.758
Train Loss 0.726
Train Loss 0.684
Epoch  11 | Time    97 | Train Loss 0.7037 | Test Loss 0.001 | Test Error 17.43
Train Loss 0.067
Train Loss 0.700
Train Loss 0.698
Train Loss 0.661
Train Loss 0.713
Train Loss 0.666
Train Loss 0.733
Train Loss 0.683
Epoch  12 | Time    97 | Train Loss 0.7244 | Test Loss 0.000 | Test Error 16.35
Train Loss 0.070
Train Loss 0.650
Train Loss 0.693
Train Loss 0.693
Train Loss 0.677
Train Loss 0.694
Train Loss 0.724
Train Loss 0.696
Epoch  13 | Time    97 | Train Loss 0.7046 | Test Loss 0.000 | Test Error 16.21
Train Loss 0.058
Train Loss 0.687
Train Loss 0.679
Train Loss 0.685
Train Loss 0.669
Train Loss 0.675
Train Loss 0.634
Train Loss 0.729
Epoch  14 | Time    97 | Train Loss 0.6624 | Test Loss 0.000 | Test Error 15.91
Train Loss 0.061
Train Loss 0.677
Train Loss 0.677
Train Loss 0.674
Train Loss 0.668
Train Loss 0.661
Train Loss 0.706
Train Loss 0.683
Epoch  15 | Time    98 | Train Loss 0.6596 | Test Loss 0.000 | Test Error 16.81
Train Loss 0.059
Train Loss 0.665
Train Loss 0.657
Train Loss 0.633
Train Loss 0.668
Train Loss 0.679
Train Loss 0.660
Train Loss 0.662
Epoch  16 | Time    97 | Train Loss 0.6513 | Test Loss 0.000 | Test Error 15.44
Train Loss 0.050
Train Loss 0.625
Train Loss 0.632
Train Loss 0.690
Train Loss 0.681
Train Loss 0.664
Train Loss 0.652
Train Loss 0.639
Epoch  17 | Time    97 | Train Loss 0.6619 | Test Loss 0.000 | Test Error 16.48
Train Loss 0.057
Train Loss 0.590
Train Loss 0.644
Train Loss 0.651
Train Loss 0.664
Train Loss 0.674
Train Loss 0.642
Train Loss 0.635
Epoch  18 | Time    97 | Train Loss 0.6696 | Test Loss 0.000 | Test Error 16.19
Train Loss 0.062
Train Loss 0.640
Train Loss 0.631
Train Loss 0.630
Train Loss 0.680
Train Loss 0.649
Train Loss 0.645
Train Loss 0.666
Epoch  19 | Time    97 | Train Loss 0.6332 | Test Loss 0.000 | Test Error 15.63
Train Loss 0.069
Train Loss 0.622
Train Loss 0.608
Train Loss 0.678
Train Loss 0.649
Train Loss 0.640
Train Loss 0.666
Train Loss 0.689
Epoch  20 | Time    97 | Train Loss 0.6415 | Test Loss 0.000 | Test Error 15.14
Train Loss 0.063
Train Loss 0.602
Train Loss 0.614
Train Loss 0.637
Train Loss 0.643
Train Loss 0.613
Train Loss 0.634
Train Loss 0.626
Epoch  21 | Time    98 | Train Loss 0.6385 | Test Loss 0.000 | Test Error 15.86
Train Loss 0.065
Train Loss 0.620
Train Loss 0.600
Train Loss 0.639
Train Loss 0.619
Train Loss 0.602
Train Loss 0.599
Train Loss 0.644
Epoch  22 | Time    97 | Train Loss 0.6053 | Test Loss 0.000 | Test Error 15.86
Train Loss 0.061
Train Loss 0.602
Train Loss 0.605
Train Loss 0.627
Train Loss 0.646
Train Loss 0.643
Train Loss 0.609
Train Loss 0.646
Epoch  23 | Time    97 | Train Loss 0.6158 | Test Loss 0.000 | Test Error 15.82
Train Loss 0.063
Train Loss 0.583
Train Loss 0.625
Train Loss 0.595
Train Loss 0.593
Train Loss 0.584
Train Loss 0.598
Train Loss 0.573
Epoch  24 | Time    97 | Train Loss 0.6187 | Test Loss 0.000 | Test Error 15.59
Train Loss 0.074
Train Loss 0.584
Train Loss 0.625
Train Loss 0.612
Train Loss 0.594
Train Loss 0.595
Train Loss 0.639
Train Loss 0.601
Epoch  25 | Time    98 | Train Loss 0.6150 | Test Loss 0.000 | Test Error 15.05
Train Loss 0.051
Train Loss 0.609
Train Loss 0.587
Train Loss 0.617
Train Loss 0.592
Train Loss 0.641
Train Loss 0.603
Train Loss 0.575
Epoch  26 | Time    98 | Train Loss 0.5951 | Test Loss 0.000 | Test Error 14.94
Train Loss 0.064
Train Loss 0.559
Train Loss 0.589
Train Loss 0.599
Train Loss 0.611
Train Loss 0.594
Train Loss 0.600
Train Loss 0.625
Epoch  27 | Time    98 | Train Loss 0.6451 | Test Loss 0.000 | Test Error 15.69
Train Loss 0.049
Train Loss 0.570
Train Loss 0.575
Train Loss 0.569
Train Loss 0.633
Train Loss 0.589
Train Loss 0.578
Train Loss 0.610
Epoch  28 | Time    98 | Train Loss 0.6315 | Test Loss 0.000 | Test Error 14.84
Train Loss 0.059
Train Loss 0.569
Train Loss 0.581
Train Loss 0.583
Train Loss 0.595
Train Loss 0.597
Train Loss 0.581
Train Loss 0.587
Epoch  29 | Time    98 | Train Loss 0.6331 | Test Loss 0.000 | Test Error 14.58
Train Loss 0.057
Train Loss 0.603
Train Loss 0.592
Train Loss 0.569
Train Loss 0.553
Train Loss 0.551
Train Loss 0.595
Train Loss 0.593
Epoch  30 | Time    97 | Train Loss 0.5914 | Test Loss 0.000 | Test Error 14.29
Train Loss 0.057
Train Loss 0.531
Train Loss 0.586
Train Loss 0.552
Train Loss 0.586
Train Loss 0.606
Train Loss 0.594
Train Loss 0.572
Epoch  31 | Time    97 | Train Loss 0.5802 | Test Loss 0.000 | Test Error 14.86
Train Loss 0.045
Train Loss 0.563
Train Loss 0.575
Train Loss 0.554
Train Loss 0.565
Train Loss 0.553
Train Loss 0.578
Train Loss 0.587
Epoch  32 | Time    98 | Train Loss 0.5853 | Test Loss 0.000 | Test Error 14.83
Train Loss 0.047
Train Loss 0.564
Train Loss 0.567
Train Loss 0.550
Train Loss 0.565
Train Loss 0.569
Train Loss 0.559
Train Loss 0.564
Epoch  33 | Time    97 | Train Loss 0.5879 | Test Loss 0.000 | Test Error 15.10
Train Loss 0.057
Train Loss 0.576
Train Loss 0.560
Train Loss 0.554
Train Loss 0.561
Train Loss 0.558
Train Loss 0.524
Train Loss 0.578
Epoch  34 | Time    97 | Train Loss 0.5677 | Test Loss 0.000 | Test Error 15.13
Train Loss 0.067
Train Loss 0.520
Train Loss 0.548
Train Loss 0.565
Train Loss 0.558
Train Loss 0.575
Train Loss 0.530
Train Loss 0.563
Epoch  35 | Time    97 | Train Loss 0.5689 | Test Loss 0.000 | Test Error 14.89
Train Loss 0.048
Train Loss 0.536
Train Loss 0.542
Train Loss 0.546
Train Loss 0.569
Train Loss 0.552
Train Loss 0.588
Train Loss 0.534
Epoch  36 | Time    97 | Train Loss 0.5833 | Test Loss 0.000 | Test Error 14.61
Train Loss 0.050
Train Loss 0.502
Train Loss 0.562
Train Loss 0.553
Train Loss 0.559
Train Loss 0.547
Train Loss 0.565
Train Loss 0.552
Epoch  37 | Time    97 | Train Loss 0.5482 | Test Loss 0.000 | Test Error 14.77
Train Loss 0.053
Train Loss 0.563
Train Loss 0.518
Train Loss 0.546
Train Loss 0.555
Train Loss 0.545
Train Loss 0.536
Train Loss 0.553
Epoch  38 | Time    97 | Train Loss 0.5717 | Test Loss 0.000 | Test Error 14.26
Train Loss 0.056
Train Loss 0.547
Train Loss 0.525
Train Loss 0.542
Train Loss 0.544
Train Loss 0.560
Train Loss 0.558
Train Loss 0.555
Epoch  39 | Time    98 | Train Loss 0.5383 | Test Loss 0.000 | Test Error 14.15
Train Loss 0.054
Train Loss 0.503
Train Loss 0.540
Train Loss 0.537
Train Loss 0.536
Train Loss 0.546
Train Loss 0.509
Train Loss 0.541
Epoch  40 | Time    98 | Train Loss 0.5159 | Test Loss 0.000 | Test Error 14.51
Train Loss 0.060
Train Loss 0.531
Train Loss 0.510
Train Loss 0.535
Train Loss 0.523
Train Loss 0.504
Train Loss 0.552
Train Loss 0.528
Epoch  41 | Time    97 | Train Loss 0.5531 | Test Loss 0.000 | Test Error 13.63
Train Loss 0.032
Train Loss 0.480
Train Loss 0.524
Train Loss 0.548
Train Loss 0.514
Train Loss 0.524
Train Loss 0.531
Train Loss 0.538
Epoch  42 | Time    97 | Train Loss 0.5227 | Test Loss 0.000 | Test Error 14.53
Train Loss 0.042
Train Loss 0.506
Train Loss 0.547
Train Loss 0.497
Train Loss 0.534
Train Loss 0.512
Train Loss 0.504
Train Loss 0.526
Epoch  43 | Time    96 | Train Loss 0.5232 | Test Loss 0.000 | Test Error 13.75
Train Loss 0.049
Train Loss 0.479
Train Loss 0.511
Train Loss 0.525
Train Loss 0.504
Train Loss 0.538
Train Loss 0.523
Train Loss 0.499
Epoch  44 | Time    97 | Train Loss 0.5012 | Test Loss 0.000 | Test Error 14.44
Train Loss 0.049
Train Loss 0.476
Train Loss 0.491
Train Loss 0.527
Train Loss 0.501
Train Loss 0.498
Train Loss 0.524
Train Loss 0.507
Epoch  45 | Time    97 | Train Loss 0.4936 | Test Loss 0.000 | Test Error 13.38
Train Loss 0.050
Train Loss 0.496
Train Loss 0.483
Train Loss 0.515
Train Loss 0.472
Train Loss 0.499
Train Loss 0.510
Train Loss 0.504
Epoch  46 | Time    97 | Train Loss 0.5117 | Test Loss 0.000 | Test Error 13.77
Train Loss 0.051
Train Loss 0.469
Train Loss 0.518
Train Loss 0.509
Train Loss 0.464
Train Loss 0.512
Train Loss 0.524
Train Loss 0.507
Epoch  47 | Time    98 | Train Loss 0.4827 | Test Loss 0.000 | Test Error 13.46
Train Loss 0.038
Train Loss 0.491
Train Loss 0.456
Train Loss 0.496
Train Loss 0.485
Train Loss 0.490
Train Loss 0.478
Train Loss 0.514
Epoch  48 | Time    97 | Train Loss 0.5404 | Test Loss 0.000 | Test Error 13.28
Train Loss 0.035
Train Loss 0.450
Train Loss 0.488
Train Loss 0.523
Train Loss 0.482
Train Loss 0.482
Train Loss 0.466
Train Loss 0.488
Epoch  49 | Time    97 | Train Loss 0.4894 | Test Loss 0.000 | Test Error 13.97
Train Loss 0.034
Train Loss 0.482
Train Loss 0.501
Train Loss 0.478
Train Loss 0.509
Train Loss 0.499
Train Loss 0.473
Train Loss 0.493
Epoch  50 | Time    97 | Train Loss 0.4719 | Test Loss 0.000 | Test Error 13.95
Train Loss 0.039
Train Loss 0.474
Train Loss 0.469
Train Loss 0.473
Train Loss 0.459
Train Loss 0.496
Train Loss 0.463
Train Loss 0.495
Epoch  51 | Time    97 | Train Loss 0.5210 | Test Loss 0.000 | Test Error 14.09
Train Loss 0.046
Train Loss 0.462
Train Loss 0.458
Train Loss 0.484
Train Loss 0.450
Train Loss 0.475
Train Loss 0.467
Train Loss 0.438
Epoch  52 | Time    97 | Train Loss 0.4899 | Test Loss 0.000 | Test Error 13.62
Train Loss 0.038
Train Loss 0.423
Train Loss 0.458
Train Loss 0.460
Train Loss 0.476
Train Loss 0.456
Train Loss 0.466
Train Loss 0.476
Epoch  53 | Time    97 | Train Loss 0.4786 | Test Loss 0.000 | Test Error 13.18
Train Loss 0.042
Train Loss 0.443
Train Loss 0.461
Train Loss 0.464
Train Loss 0.462
Train Loss 0.461
Train Loss 0.460
Train Loss 0.466
Epoch  54 | Time    97 | Train Loss 0.4861 | Test Loss 0.000 | Test Error 12.83
Train Loss 0.045
Train Loss 0.448
Train Loss 0.462
Train Loss 0.464
Train Loss 0.432
Train Loss 0.469
Train Loss 0.472
Train Loss 0.414
Epoch  55 | Time    97 | Train Loss 0.4409 | Test Loss 0.000 | Test Error 12.89
Train Loss 0.047
Train Loss 0.414
Train Loss 0.431
Train Loss 0.423
Train Loss 0.474
Train Loss 0.466
Train Loss 0.456
Train Loss 0.460
Epoch  56 | Time    97 | Train Loss 0.4506 | Test Loss 0.000 | Test Error 12.96
Train Loss 0.049
Train Loss 0.457
Train Loss 0.449
Train Loss 0.447
Train Loss 0.448
Train Loss 0.444
Train Loss 0.440
Train Loss 0.451
Epoch  57 | Time    97 | Train Loss 0.4340 | Test Loss 0.000 | Test Error 12.88
Train Loss 0.036
Train Loss 0.420
Train Loss 0.426
Train Loss 0.420
Train Loss 0.429
Train Loss 0.459
Train Loss 0.449
Train Loss 0.410
Epoch  58 | Time    97 | Train Loss 0.4360 | Test Loss 0.000 | Test Error 12.84
Train Loss 0.044
Train Loss 0.393
Train Loss 0.425
Train Loss 0.417
Train Loss 0.456
Train Loss 0.424
Train Loss 0.415
Train Loss 0.433
Epoch  59 | Time    97 | Train Loss 0.4334 | Test Loss 0.000 | Test Error 12.43
Train Loss 0.034
Train Loss 0.396
Train Loss 0.446
Train Loss 0.401
Train Loss 0.427
Train Loss 0.425
Train Loss 0.423
Train Loss 0.423
Epoch  60 | Time    97 | Train Loss 0.4194 | Test Loss 0.000 | Test Error 12.61
Train Loss 0.036
Train Loss 0.425
Train Loss 0.427
Train Loss 0.431
Train Loss 0.395
Train Loss 0.435
Train Loss 0.398
Train Loss 0.379
Epoch  61 | Time    97 | Train Loss 0.4284 | Test Loss 0.000 | Test Error 13.04
Train Loss 0.038
Train Loss 0.429
Train Loss 0.389
Train Loss 0.415
Train Loss 0.375
Train Loss 0.396
Train Loss 0.410
Train Loss 0.419
Epoch  62 | Time    97 | Train Loss 0.4082 | Test Loss 0.000 | Test Error 12.24
Train Loss 0.053
Train Loss 0.409
Train Loss 0.391
Train Loss 0.409
Train Loss 0.381
Train Loss 0.393
Train Loss 0.419
Train Loss 0.387
Epoch  63 | Time    98 | Train Loss 0.4060 | Test Loss 0.000 | Test Error 12.25
Train Loss 0.040
Train Loss 0.419
Train Loss 0.408
Train Loss 0.408
Train Loss 0.408
Train Loss 0.382
Train Loss 0.422
Train Loss 0.384
Epoch  64 | Time    97 | Train Loss 0.4181 | Test Loss 0.000 | Test Error 12.78
Train Loss 0.032
Train Loss 0.386
Train Loss 0.366
Train Loss 0.414
Train Loss 0.424
Train Loss 0.379
Train Loss 0.400
Train Loss 0.395
Epoch  65 | Time    97 | Train Loss 0.3978 | Test Loss 0.000 | Test Error 12.74
Train Loss 0.032
Train Loss 0.373
Train Loss 0.382
Train Loss 0.364
Train Loss 0.382
Train Loss 0.396
Train Loss 0.424
Train Loss 0.406
Epoch  66 | Time    97 | Train Loss 0.3939 | Test Loss 0.000 | Test Error 12.40
Train Loss 0.033
Train Loss 0.395
Train Loss 0.371
Train Loss 0.368
Train Loss 0.381
Train Loss 0.412
Train Loss 0.371
Train Loss 0.369
Epoch  67 | Time    97 | Train Loss 0.3972 | Test Loss 0.000 | Test Error 12.52
Train Loss 0.039
Train Loss 0.361
Train Loss 0.350
Train Loss 0.389
Train Loss 0.347
Train Loss 0.352
Train Loss 0.382
Train Loss 0.376
Epoch  68 | Time    97 | Train Loss 0.3879 | Test Loss 0.000 | Test Error 12.47
Train Loss 0.029
Train Loss 0.328
Train Loss 0.375
Train Loss 0.370
Train Loss 0.341
Train Loss 0.392
Train Loss 0.385
Train Loss 0.385
Epoch  69 | Time    96 | Train Loss 0.3618 | Test Loss 0.000 | Test Error 12.38
Train Loss 0.037
Train Loss 0.350
Train Loss 0.363
Train Loss 0.390
Train Loss 0.370
Train Loss 0.364
Train Loss 0.374
Train Loss 0.363
Epoch  70 | Time    97 | Train Loss 0.3623 | Test Loss 0.000 | Test Error 12.56
Train Loss 0.043
Train Loss 0.352
Train Loss 0.339
Train Loss 0.364
Train Loss 0.359
Train Loss 0.364
Train Loss 0.348
Train Loss 0.335
Epoch  71 | Time    97 | Train Loss 0.3583 | Test Loss 0.000 | Test Error 12.24
Train Loss 0.034
Train Loss 0.348
Train Loss 0.343
Train Loss 0.351
Train Loss 0.355
Train Loss 0.346
Train Loss 0.330
Train Loss 0.365
Epoch  72 | Time    97 | Train Loss 0.3383 | Test Loss 0.000 | Test Error 12.32
Train Loss 0.029
Train Loss 0.360
Train Loss 0.355
Train Loss 0.364
Train Loss 0.336
Train Loss 0.320
Train Loss 0.316
Train Loss 0.372
Epoch  73 | Time    98 | Train Loss 0.3532 | Test Loss 0.000 | Test Error 12.14
Train Loss 0.035
Train Loss 0.346
Train Loss 0.342
Train Loss 0.342
Train Loss 0.332
Train Loss 0.349
Train Loss 0.349
Train Loss 0.330
Epoch  74 | Time    97 | Train Loss 0.3470 | Test Loss 0.000 | Test Error 11.87
Train Loss 0.022
Train Loss 0.326
Train Loss 0.356
Train Loss 0.313
Train Loss 0.331
Train Loss 0.321
Train Loss 0.301
Train Loss 0.343
Epoch  75 | Time    98 | Train Loss 0.3539 | Test Loss 0.000 | Test Error 12.12
Train Loss 0.035
Train Loss 0.318
Train Loss 0.322
Train Loss 0.337
Train Loss 0.315
Train Loss 0.332
Train Loss 0.283
Train Loss 0.302
Epoch  76 | Time    97 | Train Loss 0.3216 | Test Loss 0.000 | Test Error 11.76
Train Loss 0.027
Train Loss 0.289
Train Loss 0.339
Train Loss 0.332
Train Loss 0.332
Train Loss 0.328
Train Loss 0.348
Train Loss 0.303
Epoch  77 | Time    98 | Train Loss 0.3073 | Test Loss 0.000 | Test Error 11.57
Train Loss 0.032
Train Loss 0.308
Train Loss 0.290
Train Loss 0.317
Train Loss 0.316
Train Loss 0.328
Train Loss 0.315
Train Loss 0.312
Epoch  78 | Time    98 | Train Loss 0.2942 | Test Loss 0.000 | Test Error 11.90
Train Loss 0.021
Train Loss 0.297
Train Loss 0.297
Train Loss 0.294
Train Loss 0.311
Train Loss 0.280
Train Loss 0.304
Train Loss 0.321
Epoch  79 | Time    97 | Train Loss 0.3083 | Test Loss 0.000 | Test Error 11.86
Train Loss 0.034
Train Loss 0.301
Train Loss 0.301
Train Loss 0.310
Train Loss 0.283
Train Loss 0.296
Train Loss 0.264
Train Loss 0.317
Epoch  80 | Time    97 | Train Loss 0.3127 | Test Loss 0.000 | Test Error 11.92
Train Loss 0.029
Train Loss 0.273
Train Loss 0.284
Train Loss 0.272
Train Loss 0.287
Train Loss 0.290
Train Loss 0.291
Train Loss 0.307
Epoch  81 | Time    98 | Train Loss 0.2803 | Test Loss 0.000 | Test Error 11.84
Train Loss 0.043
Train Loss 0.291
Train Loss 0.281
Train Loss 0.294
Train Loss 0.300
Train Loss 0.299
Train Loss 0.287
Train Loss 0.291
Epoch  82 | Time    97 | Train Loss 0.2707 | Test Loss 0.000 | Test Error 11.91
Train Loss 0.027
Train Loss 0.298
Train Loss 0.274
Train Loss 0.298
Train Loss 0.271
Train Loss 0.268
Train Loss 0.287
Train Loss 0.291
Epoch  83 | Time    98 | Train Loss 0.2763 | Test Loss 0.000 | Test Error 11.86
Train Loss 0.021
Train Loss 0.287
Train Loss 0.269
Train Loss 0.271
Train Loss 0.274
Train Loss 0.262
Train Loss 0.264
Train Loss 0.248
Epoch  84 | Time    97 | Train Loss 0.2731 | Test Loss 0.000 | Test Error 11.75
Train Loss 0.033
Train Loss 0.278
Train Loss 0.290
Train Loss 0.288
Train Loss 0.292
Train Loss 0.257
Train Loss 0.276
Train Loss 0.282
Epoch  85 | Time    98 | Train Loss 0.2818 | Test Loss 0.000 | Test Error 11.61
Train Loss 0.030
Train Loss 0.252
Train Loss 0.233
Train Loss 0.292
Train Loss 0.276
Train Loss 0.267
Train Loss 0.277
Train Loss 0.255
Epoch  86 | Time    98 | Train Loss 0.2491 | Test Loss 0.000 | Test Error 11.55
Train Loss 0.019
Train Loss 0.241
Train Loss 0.259
Train Loss 0.265
Train Loss 0.265
Train Loss 0.267
Train Loss 0.249
Train Loss 0.247
Epoch  87 | Time    97 | Train Loss 0.2647 | Test Loss 0.000 | Test Error 11.29
Train Loss 0.029
Train Loss 0.258
Train Loss 0.273
Train Loss 0.247
Train Loss 0.298
Train Loss 0.236
Train Loss 0.249
Train Loss 0.279
Epoch  88 | Time    97 | Train Loss 0.2573 | Test Loss 0.000 | Test Error 11.24
Train Loss 0.042
Train Loss 0.240
Train Loss 0.235
Train Loss 0.238
Train Loss 0.240
Train Loss 0.238
Train Loss 0.242
Train Loss 0.258
Epoch  89 | Time    97 | Train Loss 0.2484 | Test Loss 0.000 | Test Error 11.49
Train Loss 0.019
Train Loss 0.248
Train Loss 0.246
Train Loss 0.254
Train Loss 0.271
Train Loss 0.234
Train Loss 0.239
Train Loss 0.259
Epoch  90 | Time    97 | Train Loss 0.2368 | Test Loss 0.000 | Test Error 11.42
Train Loss 0.020
Train Loss 0.231
Train Loss 0.226
Train Loss 0.257
Train Loss 0.230
Train Loss 0.250
Train Loss 0.246
Train Loss 0.210
Epoch  91 | Time    97 | Train Loss 0.2355 | Test Loss 0.000 | Test Error 11.48
Train Loss 0.016
Train Loss 0.264
Train Loss 0.237
Train Loss 0.204
Train Loss 0.263
Train Loss 0.258
Train Loss 0.245
Train Loss 0.244
Epoch  92 | Time    97 | Train Loss 0.2301 | Test Loss 0.000 | Test Error 11.37
Train Loss 0.027
Train Loss 0.236
Train Loss 0.248
Train Loss 0.216
Train Loss 0.233
Train Loss 0.242
Train Loss 0.254
Train Loss 0.234
Epoch  93 | Time    98 | Train Loss 0.2349 | Test Loss 0.000 | Test Error 11.39
Train Loss 0.020
Train Loss 0.246
Train Loss 0.236
Train Loss 0.211
Train Loss 0.260
Train Loss 0.226
Train Loss 0.263
Train Loss 0.227
Epoch  94 | Time    97 | Train Loss 0.2263 | Test Loss 0.000 | Test Error 11.22
Train Loss 0.023
Train Loss 0.263
Train Loss 0.230
Train Loss 0.217
Train Loss 0.237
Train Loss 0.258
Train Loss 0.248
Train Loss 0.214
Epoch  95 | Time    97 | Train Loss 0.2690 | Test Loss 0.000 | Test Error 11.23
Train Loss 0.025
Train Loss 0.241
Train Loss 0.224
Train Loss 0.236
Train Loss 0.232
Train Loss 0.234
Train Loss 0.226
Train Loss 0.248
Epoch  96 | Time    98 | Train Loss 0.2440 | Test Loss 0.000 | Test Error 11.20
Train Loss 0.020
Train Loss 0.237
Train Loss 0.221
Train Loss 0.239
Train Loss 0.256
Train Loss 0.211
Train Loss 0.239
Train Loss 0.250
Epoch  97 | Time    98 | Train Loss 0.2335 | Test Loss 0.000 | Test Error 11.16
Train Loss 0.022
Train Loss 0.249
Train Loss 0.238
Train Loss 0.213
Train Loss 0.229
Train Loss 0.245
Train Loss 0.229
Train Loss 0.254
Epoch  98 | Time    97 | Train Loss 0.2255 | Test Loss 0.000 | Test Error 11.05
Train Loss 0.021
Train Loss 0.207
Train Loss 0.234
Train Loss 0.234
Train Loss 0.214
Train Loss 0.227
Train Loss 0.250
Train Loss 0.215
Epoch  99 | Time    97 | Train Loss 0.2600 | Test Loss 0.000 | Test Error 11.14
Train Loss 0.014
Train Loss 0.232
Train Loss 0.242
Train Loss 0.258
Train Loss 0.210
Train Loss 0.205
Train Loss 0.240
Train Loss 0.246
Epoch 100 | Time    97 | Train Loss 0.2279 | Test Loss 0.000 | Test Error 11.11
gaussian_noise
	Test Loss 0.001 | Test Error 17.656
shot_noise
	Test Loss 0.001 | Test Error 15.628
impulse_noise
	Test Loss 0.001 | Test Error 22.522
defocus_blur
	Test Loss 0.000 | Test Error 12.752
glass_blur
	Test Loss 0.001 | Test Error 21.102
motion_blur
	Test Loss 0.000 | Test Error 15.118
zoom_blur
	Test Loss 0.000 | Test Error 13.836
snow
	Test Loss 0.001 | Test Error 17.408
frost
	Test Loss 0.001 | Test Error 17.266
fog
	Test Loss 0.001 | Test Error 19.550
brightness
	Test Loss 0.000 | Test Error 13.030
contrast
	Test Loss 0.001 | Test Error 22.162
elastic_transform
	Test Loss 0.001 | Test Error 15.530
pixelate
	Test Loss 0.000 | Test Error 13.276
jpeg_compression
	Test Loss 0.000 | Test Error 14.342
Mean Corruption Error: 16.745
