/home/g051463/.conda/envs/env_am/lib/python3.10/site-packages/torchvision/models/_utils.py:208: UserWarning: The parameter 'pretrained' is deprecated since 0.13 and will be removed in 0.15, please use 'weights' instead.
  warnings.warn(
/home/g051463/.conda/envs/env_am/lib/python3.10/site-packages/torchvision/models/_utils.py:223: UserWarning: Arguments other than a weight enum or `None` for 'weights' are deprecated since 0.13 and will be removed in 0.15. The current behavior is equivalent to passing `weights=ResNet18_Weights.IMAGENET1K_V1`. You can also use `weights=ResNet18_Weights.DEFAULT` to get the most up-to-date weights.
  warnings.warn(msg)
Files already downloaded and verified
Files already downloaded and verified
Beginning training from epoch: 1
Train Loss 0.314
Train Loss 5.216
Train Loss 3.112
Train Loss 2.616
Train Loss 2.657
Train Loss 2.481
Train Loss 2.307
Train Loss 2.228
Epoch   1 | Time    46 | Train Loss 2.2240 | Test Loss 0.002 | Test Error 76.72
Train Loss 0.235
Train Loss 2.066
Train Loss 2.044
Train Loss 1.994
Train Loss 1.979
Train Loss 1.974
Train Loss 1.925
Train Loss 1.940
Epoch   2 | Time    45 | Train Loss 1.9154 | Test Loss 0.002 | Test Error 65.94
Train Loss 0.186
Train Loss 1.906
Train Loss 1.873
Train Loss 1.864
Train Loss 1.821
Train Loss 1.850
Train Loss 1.804
Train Loss 1.816
Epoch   3 | Time    44 | Train Loss 1.8057 | Test Loss 0.002 | Test Error 67.18
Train Loss 0.174
Train Loss 1.799
Train Loss 1.776
Train Loss 1.763
Train Loss 1.716
Train Loss 1.659
Train Loss 1.681
Train Loss 1.666
Epoch   4 | Time    45 | Train Loss 1.6528 | Test Loss 0.002 | Test Error 63.90
Train Loss 0.174
Train Loss 1.610
Train Loss 1.616
Train Loss 1.602
Train Loss 1.544
Train Loss 1.533
Train Loss 1.543
Train Loss 1.535
Epoch   5 | Time    44 | Train Loss 1.5104 | Test Loss 0.001 | Test Error 47.27
Train Loss 0.132
Train Loss 1.496
Train Loss 1.478
Train Loss 1.467
Train Loss 1.469
Train Loss 1.448
Train Loss 1.448
Train Loss 1.423
Epoch   6 | Time    44 | Train Loss 1.4360 | Test Loss 0.001 | Test Error 49.88
Train Loss 0.123
Train Loss 1.370
Train Loss 1.418
Train Loss 1.367
Train Loss 1.363
Train Loss 1.369
Train Loss 1.331
Train Loss 1.365
Epoch   7 | Time    44 | Train Loss 1.3790 | Test Loss 0.001 | Test Error 38.16
Train Loss 0.124
Train Loss 1.318
Train Loss 1.307
Train Loss 1.326
Train Loss 1.282
Train Loss 1.293
Train Loss 1.246
Train Loss 1.302
Epoch   8 | Time    44 | Train Loss 1.3069 | Test Loss 0.001 | Test Error 35.50
Train Loss 0.123
Train Loss 1.244
Train Loss 1.262
Train Loss 1.279
Train Loss 1.241
Train Loss 1.244
Train Loss 1.206
Train Loss 1.240
Epoch   9 | Time    45 | Train Loss 1.2399 | Test Loss 0.001 | Test Error 35.17
Train Loss 0.128
Train Loss 1.210
Train Loss 1.221
Train Loss 1.180
Train Loss 1.178
Train Loss 1.188
Train Loss 1.171
Train Loss 1.163
Epoch  10 | Time    45 | Train Loss 1.1994 | Test Loss 0.001 | Test Error 31.63
Train Loss 0.119
Train Loss 1.171
Train Loss 1.164
Train Loss 1.164
Train Loss 1.163
Train Loss 1.179
Train Loss 1.175
Train Loss 1.147
Epoch  11 | Time    45 | Train Loss 1.1456 | Test Loss 0.001 | Test Error 31.10
Train Loss 0.121
Train Loss 1.139
Train Loss 1.136
Train Loss 1.135
Train Loss 1.126
Train Loss 1.100
Train Loss 1.178
Train Loss 1.124
Epoch  12 | Time    44 | Train Loss 1.1392 | Test Loss 0.001 | Test Error 30.33
Train Loss 0.119
Train Loss 1.099
Train Loss 1.107
Train Loss 1.104
Train Loss 1.109
Train Loss 1.083
Train Loss 1.142
Train Loss 1.118
Epoch  13 | Time    44 | Train Loss 1.1123 | Test Loss 0.001 | Test Error 28.53
Train Loss 0.098
Train Loss 1.088
Train Loss 1.109
Train Loss 1.091
Train Loss 1.074
Train Loss 1.104
Train Loss 1.066
Train Loss 1.114
Epoch  14 | Time    44 | Train Loss 1.0932 | Test Loss 0.001 | Test Error 30.46
Train Loss 0.101
Train Loss 1.079
Train Loss 1.106
Train Loss 1.088
Train Loss 1.082
Train Loss 1.098
Train Loss 1.060
Train Loss 1.077
Epoch  15 | Time    43 | Train Loss 1.0489 | Test Loss 0.001 | Test Error 31.07
Train Loss 0.103
Train Loss 1.046
Train Loss 1.075
Train Loss 1.053
Train Loss 1.036
Train Loss 1.089
Train Loss 1.058
Train Loss 1.058
Epoch  16 | Time    43 | Train Loss 1.0417 | Test Loss 0.001 | Test Error 31.74
Train Loss 0.084
Train Loss 1.043
Train Loss 1.034
Train Loss 1.058
Train Loss 1.026
Train Loss 1.030
Train Loss 1.013
Train Loss 1.043
Epoch  17 | Time    44 | Train Loss 1.0425 | Test Loss 0.001 | Test Error 28.97
Train Loss 0.101
Train Loss 0.989
Train Loss 1.057
Train Loss 1.033
Train Loss 1.008
Train Loss 1.052
Train Loss 1.038
Train Loss 1.039
Epoch  18 | Time    44 | Train Loss 1.0652 | Test Loss 0.001 | Test Error 28.22
Train Loss 0.102
Train Loss 1.020
Train Loss 0.980
Train Loss 1.008
Train Loss 1.072
Train Loss 1.046
Train Loss 1.056
Train Loss 1.042
Epoch  19 | Time    43 | Train Loss 1.0418 | Test Loss 0.001 | Test Error 27.63
Train Loss 0.117
Train Loss 1.024
Train Loss 0.981
Train Loss 1.049
Train Loss 1.047
Train Loss 1.028
Train Loss 1.032
Train Loss 1.055
Epoch  20 | Time    44 | Train Loss 1.0356 | Test Loss 0.001 | Test Error 28.46
Train Loss 0.097
Train Loss 0.989
Train Loss 1.003
Train Loss 1.006
Train Loss 1.015
Train Loss 1.030
Train Loss 1.013
Train Loss 1.007
Epoch  21 | Time    44 | Train Loss 1.0241 | Test Loss 0.001 | Test Error 25.72
Train Loss 0.096
Train Loss 0.985
Train Loss 1.015
Train Loss 0.991
Train Loss 1.012
Train Loss 0.998
Train Loss 1.001
Train Loss 1.023
Epoch  22 | Time    44 | Train Loss 0.9994 | Test Loss 0.001 | Test Error 30.21
Train Loss 0.101
Train Loss 0.981
Train Loss 0.962
Train Loss 1.019
Train Loss 1.002
Train Loss 1.035
Train Loss 0.980
Train Loss 1.021
Epoch  23 | Time    44 | Train Loss 0.9946 | Test Loss 0.001 | Test Error 24.75
Train Loss 0.087
Train Loss 0.974
Train Loss 1.044
Train Loss 0.984
Train Loss 0.976
Train Loss 0.989
Train Loss 0.982
Train Loss 0.970
Epoch  24 | Time    44 | Train Loss 0.9846 | Test Loss 0.001 | Test Error 25.46
Train Loss 0.107
Train Loss 0.960
Train Loss 0.972
Train Loss 0.992
Train Loss 0.989
Train Loss 0.964
Train Loss 1.018
Train Loss 0.969
Epoch  25 | Time    44 | Train Loss 0.9731 | Test Loss 0.001 | Test Error 26.73
Train Loss 0.084
Train Loss 0.980
Train Loss 0.968
Train Loss 0.988
Train Loss 0.962
Train Loss 0.993
Train Loss 0.976
Train Loss 0.945
Epoch  26 | Time    44 | Train Loss 0.9914 | Test Loss 0.001 | Test Error 26.19
Train Loss 0.095
Train Loss 0.940
Train Loss 0.974
Train Loss 1.010
Train Loss 0.991
Train Loss 0.962
Train Loss 0.973
Train Loss 1.015
Epoch  27 | Time    44 | Train Loss 0.9840 | Test Loss 0.001 | Test Error 29.94
Train Loss 0.085
Train Loss 0.943
Train Loss 0.962
Train Loss 0.942
Train Loss 0.981
Train Loss 0.955
Train Loss 0.963
Train Loss 0.971
Epoch  28 | Time    44 | Train Loss 0.9806 | Test Loss 0.001 | Test Error 23.88
Train Loss 0.105
Train Loss 0.949
Train Loss 0.954
Train Loss 0.975
Train Loss 0.940
Train Loss 0.987
Train Loss 0.968
Train Loss 0.937
Epoch  29 | Time    44 | Train Loss 0.9735 | Test Loss 0.001 | Test Error 23.70
Train Loss 0.097
Train Loss 0.962
Train Loss 0.966
Train Loss 0.931
Train Loss 0.930
Train Loss 0.951
Train Loss 0.928
Train Loss 0.949
Epoch  30 | Time    44 | Train Loss 0.9520 | Test Loss 0.001 | Test Error 26.67
Train Loss 0.099
Train Loss 0.933
Train Loss 0.950
Train Loss 0.921
Train Loss 0.964
Train Loss 0.942
Train Loss 0.973
Train Loss 0.937
Epoch  31 | Time    44 | Train Loss 0.9543 | Test Loss 0.001 | Test Error 27.02
Train Loss 0.084
Train Loss 0.954
Train Loss 0.938
Train Loss 0.955
Train Loss 0.945
Train Loss 0.922
Train Loss 0.967
Train Loss 0.931
Epoch  32 | Time    44 | Train Loss 0.9476 | Test Loss 0.001 | Test Error 25.09
Train Loss 0.093
Train Loss 0.914
Train Loss 0.961
Train Loss 0.937
Train Loss 0.925
Train Loss 0.900
Train Loss 0.922
Train Loss 0.943
Epoch  33 | Time    44 | Train Loss 0.9224 | Test Loss 0.001 | Test Error 23.71
Train Loss 0.086
Train Loss 0.968
Train Loss 0.914
Train Loss 0.940
Train Loss 0.902
Train Loss 0.943
Train Loss 0.910
Train Loss 0.942
Epoch  34 | Time    44 | Train Loss 0.9508 | Test Loss 0.001 | Test Error 24.52
Train Loss 0.091
Train Loss 0.923
Train Loss 0.893
Train Loss 0.903
Train Loss 0.924
Train Loss 0.952
Train Loss 0.904
Train Loss 0.922
Epoch  35 | Time    44 | Train Loss 0.9366 | Test Loss 0.001 | Test Error 23.95
Train Loss 0.087
Train Loss 0.920
Train Loss 0.899
Train Loss 0.901
Train Loss 0.914
Train Loss 0.913
Train Loss 0.938
Train Loss 0.910
Epoch  36 | Time    44 | Train Loss 0.9379 | Test Loss 0.001 | Test Error 26.44
Train Loss 0.080
Train Loss 0.868
Train Loss 0.952
Train Loss 0.918
Train Loss 0.927
Train Loss 0.905
Train Loss 0.913
Train Loss 0.917
Epoch  37 | Time    44 | Train Loss 0.8987 | Test Loss 0.001 | Test Error 26.08
Train Loss 0.093
Train Loss 0.930
Train Loss 0.877
Train Loss 0.919
Train Loss 0.917
Train Loss 0.910
Train Loss 0.920
Train Loss 0.928
Epoch  38 | Time    44 | Train Loss 0.9622 | Test Loss 0.001 | Test Error 24.61
Train Loss 0.082
Train Loss 0.897
Train Loss 0.892
Train Loss 0.884
Train Loss 0.903
Train Loss 0.882
Train Loss 0.935
Train Loss 0.924
Epoch  39 | Time    44 | Train Loss 0.8962 | Test Loss 0.001 | Test Error 23.05
Train Loss 0.102
Train Loss 0.838
Train Loss 0.885
Train Loss 0.918
Train Loss 0.918
Train Loss 0.920
Train Loss 0.884
Train Loss 0.894
Epoch  40 | Time    45 | Train Loss 0.8792 | Test Loss 0.001 | Test Error 21.74
Train Loss 0.094
Train Loss 0.892
Train Loss 0.887
Train Loss 0.914
Train Loss 0.884
Train Loss 0.851
Train Loss 0.946
Train Loss 0.902
Epoch  41 | Time    45 | Train Loss 0.9391 | Test Loss 0.001 | Test Error 22.37
Train Loss 0.068
Train Loss 0.831
Train Loss 0.903
Train Loss 0.935
Train Loss 0.870
Train Loss 0.854
Train Loss 0.904
Train Loss 0.892
Epoch  42 | Time    44 | Train Loss 0.8495 | Test Loss 0.001 | Test Error 23.81
Train Loss 0.082
Train Loss 0.887
Train Loss 0.923
Train Loss 0.861
Train Loss 0.879
Train Loss 0.894
Train Loss 0.858
Train Loss 0.857
Epoch  43 | Time    43 | Train Loss 0.8915 | Test Loss 0.001 | Test Error 23.37
Train Loss 0.094
Train Loss 0.866
Train Loss 0.887
Train Loss 0.892
Train Loss 0.873
Train Loss 0.912
Train Loss 0.882
Train Loss 0.856
Epoch  44 | Time    44 | Train Loss 0.8356 | Test Loss 0.001 | Test Error 23.20
Train Loss 0.093
Train Loss 0.865
Train Loss 0.876
Train Loss 0.905
Train Loss 0.870
Train Loss 0.884
Train Loss 0.881
Train Loss 0.866
Epoch  45 | Time    44 | Train Loss 0.8714 | Test Loss 0.001 | Test Error 21.01
Train Loss 0.088
Train Loss 0.890
Train Loss 0.863
Train Loss 0.882
Train Loss 0.837
Train Loss 0.889
Train Loss 0.881
Train Loss 0.871
Epoch  46 | Time    45 | Train Loss 0.8495 | Test Loss 0.001 | Test Error 21.20
Train Loss 0.085
Train Loss 0.858
Train Loss 0.874
Train Loss 0.851
Train Loss 0.854
Train Loss 0.888
Train Loss 0.878
Train Loss 0.850
Epoch  47 | Time    44 | Train Loss 0.8798 | Test Loss 0.001 | Test Error 21.42
Train Loss 0.075
Train Loss 0.884
Train Loss 0.799
Train Loss 0.864
Train Loss 0.856
Train Loss 0.857
Train Loss 0.859
Train Loss 0.856
Epoch  48 | Time    44 | Train Loss 0.8994 | Test Loss 0.001 | Test Error 22.80
Train Loss 0.081
Train Loss 0.811
Train Loss 0.870
Train Loss 0.881
Train Loss 0.831
Train Loss 0.851
Train Loss 0.795
Train Loss 0.852
Epoch  49 | Time    45 | Train Loss 0.8175 | Test Loss 0.001 | Test Error 21.68
Train Loss 0.068
Train Loss 0.813
Train Loss 0.843
Train Loss 0.860
Train Loss 0.870
Train Loss 0.883
Train Loss 0.823
Train Loss 0.866
Epoch  50 | Time    44 | Train Loss 0.8244 | Test Loss 0.001 | Test Error 21.21
Train Loss 0.071
Train Loss 0.806
Train Loss 0.820
Train Loss 0.825
Train Loss 0.801
Train Loss 0.850
Train Loss 0.820
Train Loss 0.829
Epoch  51 | Time    44 | Train Loss 0.8671 | Test Loss 0.001 | Test Error 21.49
Train Loss 0.084
Train Loss 0.818
Train Loss 0.852
Train Loss 0.840
Train Loss 0.831
Train Loss 0.853
Train Loss 0.828
Train Loss 0.812
Epoch  52 | Time    44 | Train Loss 0.8238 | Test Loss 0.001 | Test Error 19.80
Train Loss 0.080
Train Loss 0.797
Train Loss 0.836
Train Loss 0.795
Train Loss 0.847
Train Loss 0.816
Train Loss 0.819
Train Loss 0.863
Epoch  53 | Time    43 | Train Loss 0.8226 | Test Loss 0.001 | Test Error 21.22
Train Loss 0.085
Train Loss 0.807
Train Loss 0.802
Train Loss 0.834
Train Loss 0.825
Train Loss 0.803
Train Loss 0.802
Train Loss 0.838
Epoch  54 | Time    44 | Train Loss 0.8466 | Test Loss 0.001 | Test Error 19.77
Train Loss 0.088
Train Loss 0.812
Train Loss 0.821
Train Loss 0.797
Train Loss 0.814
Train Loss 0.841
Train Loss 0.831
Train Loss 0.783
Epoch  55 | Time    44 | Train Loss 0.8261 | Test Loss 0.001 | Test Error 20.31
Train Loss 0.085
Train Loss 0.779
Train Loss 0.792
Train Loss 0.781
Train Loss 0.798
Train Loss 0.807
Train Loss 0.798
Train Loss 0.827
Epoch  56 | Time    44 | Train Loss 0.8030 | Test Loss 0.001 | Test Error 19.65
Train Loss 0.077
Train Loss 0.805
Train Loss 0.792
Train Loss 0.799
Train Loss 0.786
Train Loss 0.800
Train Loss 0.802
Train Loss 0.820
Epoch  57 | Time    44 | Train Loss 0.7902 | Test Loss 0.001 | Test Error 20.27
Train Loss 0.077
Train Loss 0.807
Train Loss 0.815
Train Loss 0.782
Train Loss 0.803
Train Loss 0.814
Train Loss 0.800
Train Loss 0.768
Epoch  58 | Time    44 | Train Loss 0.7853 | Test Loss 0.001 | Test Error 20.95
Train Loss 0.080
Train Loss 0.744
Train Loss 0.775
Train Loss 0.792
Train Loss 0.821
Train Loss 0.793
Train Loss 0.745
Train Loss 0.777
Epoch  59 | Time    44 | Train Loss 0.7473 | Test Loss 0.001 | Test Error 20.61
Train Loss 0.065
Train Loss 0.758
Train Loss 0.808
Train Loss 0.766
Train Loss 0.816
Train Loss 0.779
Train Loss 0.770
Train Loss 0.803
Epoch  60 | Time    44 | Train Loss 0.7624 | Test Loss 0.001 | Test Error 18.92
Train Loss 0.079
Train Loss 0.802
Train Loss 0.784
Train Loss 0.770
Train Loss 0.732
Train Loss 0.802
Train Loss 0.744
Train Loss 0.732
Epoch  61 | Time    44 | Train Loss 0.7790 | Test Loss 0.001 | Test Error 19.26
Train Loss 0.082
Train Loss 0.780
Train Loss 0.743
Train Loss 0.780
Train Loss 0.760
Train Loss 0.724
Train Loss 0.756
Train Loss 0.766
Epoch  62 | Time    44 | Train Loss 0.7598 | Test Loss 0.001 | Test Error 18.56
Train Loss 0.083
Train Loss 0.753
Train Loss 0.742
Train Loss 0.792
Train Loss 0.732
Train Loss 0.752
Train Loss 0.789
Train Loss 0.750
Epoch  63 | Time    44 | Train Loss 0.7471 | Test Loss 0.001 | Test Error 18.95
Train Loss 0.078
Train Loss 0.753
Train Loss 0.751
Train Loss 0.752
Train Loss 0.742
Train Loss 0.775
Train Loss 0.754
Train Loss 0.744
Epoch  64 | Time    44 | Train Loss 0.7447 | Test Loss 0.001 | Test Error 17.69
Train Loss 0.063
Train Loss 0.749
Train Loss 0.722
Train Loss 0.785
Train Loss 0.750
Train Loss 0.729
Train Loss 0.762
Train Loss 0.752
Epoch  65 | Time    44 | Train Loss 0.7583 | Test Loss 0.001 | Test Error 18.50
Train Loss 0.078
Train Loss 0.742
Train Loss 0.716
Train Loss 0.719
Train Loss 0.720
Train Loss 0.714
Train Loss 0.797
Train Loss 0.735
Epoch  66 | Time    44 | Train Loss 0.7580 | Test Loss 0.001 | Test Error 17.45
Train Loss 0.074
Train Loss 0.741
Train Loss 0.757
Train Loss 0.695
Train Loss 0.732
Train Loss 0.743
Train Loss 0.732
Train Loss 0.703
Epoch  67 | Time    44 | Train Loss 0.7231 | Test Loss 0.001 | Test Error 17.56
Train Loss 0.077
Train Loss 0.718
Train Loss 0.708
Train Loss 0.739
Train Loss 0.680
Train Loss 0.693
Train Loss 0.736
Train Loss 0.729
Epoch  68 | Time    44 | Train Loss 0.7464 | Test Loss 0.001 | Test Error 17.67
Train Loss 0.060
Train Loss 0.679
Train Loss 0.710
Train Loss 0.676
Train Loss 0.699
Train Loss 0.718
Train Loss 0.725
Train Loss 0.744
Epoch  69 | Time    44 | Train Loss 0.7443 | Test Loss 0.001 | Test Error 17.06
Train Loss 0.070
Train Loss 0.693
Train Loss 0.698
Train Loss 0.743
Train Loss 0.731
Train Loss 0.699
Train Loss 0.721
Train Loss 0.693
Epoch  70 | Time    44 | Train Loss 0.7017 | Test Loss 0.001 | Test Error 16.33
Train Loss 0.074
Train Loss 0.685
Train Loss 0.694
Train Loss 0.679
Train Loss 0.665
Train Loss 0.703
Train Loss 0.681
Train Loss 0.711
Epoch  71 | Time    45 | Train Loss 0.7068 | Test Loss 0.001 | Test Error 17.01
Train Loss 0.060
Train Loss 0.682
Train Loss 0.689
Train Loss 0.681
Train Loss 0.673
Train Loss 0.664
Train Loss 0.671
Train Loss 0.695
Epoch  72 | Time    45 | Train Loss 0.6742 | Test Loss 0.001 | Test Error 17.62
Train Loss 0.057
Train Loss 0.699
Train Loss 0.664
Train Loss 0.722
Train Loss 0.684
Train Loss 0.673
Train Loss 0.654
Train Loss 0.709
Epoch  73 | Time    46 | Train Loss 0.6965 | Test Loss 0.001 | Test Error 16.16
Train Loss 0.073
Train Loss 0.679
Train Loss 0.666
Train Loss 0.682
Train Loss 0.677
Train Loss 0.684
Train Loss 0.718
Train Loss 0.639
Epoch  74 | Time    45 | Train Loss 0.6729 | Test Loss 0.001 | Test Error 16.70
Train Loss 0.064
Train Loss 0.640
Train Loss 0.658
Train Loss 0.651
Train Loss 0.693
Train Loss 0.655
Train Loss 0.616
Train Loss 0.662
Epoch  75 | Time    44 | Train Loss 0.6718 | Test Loss 0.000 | Test Error 15.98
Train Loss 0.075
Train Loss 0.623
Train Loss 0.694
Train Loss 0.694
Train Loss 0.639
Train Loss 0.647
Train Loss 0.649
Train Loss 0.619
Epoch  76 | Time    44 | Train Loss 0.6559 | Test Loss 0.000 | Test Error 15.81
Train Loss 0.061
Train Loss 0.601
Train Loss 0.669
Train Loss 0.630
Train Loss 0.623
Train Loss 0.646
Train Loss 0.664
Train Loss 0.641
Epoch  77 | Time    44 | Train Loss 0.6520 | Test Loss 0.000 | Test Error 15.72
Train Loss 0.066
Train Loss 0.633
Train Loss 0.631
Train Loss 0.652
Train Loss 0.625
Train Loss 0.648
Train Loss 0.635
Train Loss 0.637
Epoch  78 | Time    45 | Train Loss 0.6259 | Test Loss 0.000 | Test Error 15.17
Train Loss 0.057
Train Loss 0.618
Train Loss 0.599
Train Loss 0.614
Train Loss 0.630
Train Loss 0.610
Train Loss 0.643
Train Loss 0.640
Epoch  79 | Time    43 | Train Loss 0.6303 | Test Loss 0.000 | Test Error 15.27
Train Loss 0.071
Train Loss 0.612
Train Loss 0.598
Train Loss 0.635
Train Loss 0.610
Train Loss 0.611
Train Loss 0.580
Train Loss 0.620
Epoch  80 | Time    44 | Train Loss 0.6083 | Test Loss 0.000 | Test Error 14.94
Train Loss 0.059
Train Loss 0.579
Train Loss 0.581
Train Loss 0.598
Train Loss 0.622
Train Loss 0.607
Train Loss 0.590
Train Loss 0.596
Epoch  81 | Time    44 | Train Loss 0.6035 | Test Loss 0.000 | Test Error 14.72
Train Loss 0.078
Train Loss 0.594
Train Loss 0.592
Train Loss 0.572
Train Loss 0.610
Train Loss 0.594
Train Loss 0.593
Train Loss 0.608
Epoch  82 | Time    44 | Train Loss 0.6125 | Test Loss 0.000 | Test Error 14.30
Train Loss 0.061
Train Loss 0.580
Train Loss 0.596
Train Loss 0.581
Train Loss 0.604
Train Loss 0.571
Train Loss 0.583
Train Loss 0.605
Epoch  83 | Time    44 | Train Loss 0.5708 | Test Loss 0.000 | Test Error 14.46
Train Loss 0.050
Train Loss 0.588
Train Loss 0.564
Train Loss 0.575
Train Loss 0.560
Train Loss 0.567
Train Loss 0.571
Train Loss 0.543
Epoch  84 | Time    44 | Train Loss 0.5805 | Test Loss 0.000 | Test Error 13.91
Train Loss 0.052
Train Loss 0.570
Train Loss 0.550
Train Loss 0.568
Train Loss 0.550
Train Loss 0.547
Train Loss 0.580
Train Loss 0.551
Epoch  85 | Time    44 | Train Loss 0.5962 | Test Loss 0.000 | Test Error 13.68
Train Loss 0.054
Train Loss 0.538
Train Loss 0.531
Train Loss 0.576
Train Loss 0.544
Train Loss 0.565
Train Loss 0.559
Train Loss 0.556
Epoch  86 | Time    45 | Train Loss 0.5632 | Test Loss 0.000 | Test Error 13.97
Train Loss 0.053
Train Loss 0.524
Train Loss 0.538
Train Loss 0.559
Train Loss 0.571
Train Loss 0.555
Train Loss 0.535
Train Loss 0.551
Epoch  87 | Time    44 | Train Loss 0.5667 | Test Loss 0.000 | Test Error 13.42
Train Loss 0.049
Train Loss 0.528
Train Loss 0.560
Train Loss 0.539
Train Loss 0.557
Train Loss 0.514
Train Loss 0.535
Train Loss 0.541
Epoch  88 | Time    45 | Train Loss 0.5285 | Test Loss 0.000 | Test Error 13.29
Train Loss 0.060
Train Loss 0.535
Train Loss 0.502
Train Loss 0.509
Train Loss 0.508
Train Loss 0.497
Train Loss 0.492
Train Loss 0.561
Epoch  89 | Time    44 | Train Loss 0.5381 | Test Loss 0.000 | Test Error 13.02
Train Loss 0.046
Train Loss 0.515
Train Loss 0.528
Train Loss 0.533
Train Loss 0.548
Train Loss 0.504
Train Loss 0.511
Train Loss 0.517
Epoch  90 | Time    44 | Train Loss 0.4929 | Test Loss 0.000 | Test Error 12.55
Train Loss 0.036
Train Loss 0.488
Train Loss 0.526
Train Loss 0.522
Train Loss 0.520
Train Loss 0.506
Train Loss 0.502
Train Loss 0.490
Epoch  91 | Time    44 | Train Loss 0.5182 | Test Loss 0.000 | Test Error 12.54
Train Loss 0.036
Train Loss 0.517
Train Loss 0.468
Train Loss 0.483
Train Loss 0.504
Train Loss 0.487
Train Loss 0.507
Train Loss 0.497
Epoch  92 | Time    44 | Train Loss 0.4896 | Test Loss 0.000 | Test Error 12.39
Train Loss 0.060
Train Loss 0.492
Train Loss 0.494
Train Loss 0.466
Train Loss 0.490
Train Loss 0.492
Train Loss 0.504
Train Loss 0.495
Epoch  93 | Time    44 | Train Loss 0.4779 | Test Loss 0.000 | Test Error 12.22
Train Loss 0.042
Train Loss 0.482
Train Loss 0.476
Train Loss 0.456
Train Loss 0.492
Train Loss 0.471
Train Loss 0.493
Train Loss 0.475
Epoch  94 | Time    44 | Train Loss 0.4711 | Test Loss 0.000 | Test Error 12.07
Train Loss 0.045
Train Loss 0.515
Train Loss 0.469
Train Loss 0.472
Train Loss 0.492
Train Loss 0.481
Train Loss 0.475
Train Loss 0.452
Epoch  95 | Time    44 | Train Loss 0.4637 | Test Loss 0.000 | Test Error 12.11
Train Loss 0.040
Train Loss 0.462
Train Loss 0.463
Train Loss 0.475
Train Loss 0.473
Train Loss 0.485
Train Loss 0.454
Train Loss 0.469
Epoch  96 | Time    44 | Train Loss 0.4717 | Test Loss 0.000 | Test Error 11.92
Train Loss 0.040
Train Loss 0.482
Train Loss 0.477
Train Loss 0.481
Train Loss 0.491
Train Loss 0.445
Train Loss 0.495
Train Loss 0.499
Epoch  97 | Time    44 | Train Loss 0.4595 | Test Loss 0.000 | Test Error 11.91
Train Loss 0.045
Train Loss 0.487
Train Loss 0.490
Train Loss 0.464
Train Loss 0.471
Train Loss 0.477
Train Loss 0.491
Train Loss 0.466
Epoch  98 | Time    44 | Train Loss 0.4397 | Test Loss 0.000 | Test Error 11.76
Train Loss 0.049
Train Loss 0.460
Train Loss 0.460
Train Loss 0.466
Train Loss 0.459
Train Loss 0.429
Train Loss 0.497
Train Loss 0.468
Epoch  99 | Time    44 | Train Loss 0.4672 | Test Loss 0.000 | Test Error 11.81
Train Loss 0.038
Train Loss 0.473
Train Loss 0.470
Train Loss 0.487
Train Loss 0.460
Train Loss 0.454
Train Loss 0.496
Train Loss 0.475
Epoch 100 | Time    44 | Train Loss 0.4421 | Test Loss 0.000 | Test Error 11.76
gaussian_noise
	Test Loss 0.001 | Test Error 19.218
shot_noise
	Test Loss 0.000 | Test Error 16.680
impulse_noise
	Test Loss 0.001 | Test Error 24.810
defocus_blur
	Test Loss 0.000 | Test Error 13.780
glass_blur
	Test Loss 0.001 | Test Error 22.016
motion_blur
	Test Loss 0.000 | Test Error 16.340
zoom_blur
	Test Loss 0.000 | Test Error 15.128
snow
	Test Loss 0.001 | Test Error 18.212
frost
	Test Loss 0.001 | Test Error 17.810
fog
	Test Loss 0.001 | Test Error 19.416
brightness
	Test Loss 0.000 | Test Error 13.696
contrast
	Test Loss 0.001 | Test Error 25.812
elastic_transform
	Test Loss 0.000 | Test Error 16.420
pixelate
	Test Loss 0.000 | Test Error 14.474
jpeg_compression
	Test Loss 0.000 | Test Error 15.240
Mean Corruption Error: 17.937
